<?xml version="1.0" encoding="UTF-8"?>
<!-- Generated by org.testng.reporters.JUnitXMLReporter -->
<testsuite ignored="0" hostname="NAIM" failures="4" tests="4" name="OpenCart Functional Draft_Test" time="27.711" errors="0" timestamp="2023-11-06T05:22:13 EST">
  <testcase classname="openCart.functionalTests.Dratf" name="R1Dot1_TS001_draft1" time="0.02">
    <failure type="java.lang.AssertionError" message="expected [true] but found [false]">
      <![CDATA[java.lang.AssertionError: expected [true] but found [false]
at openCart.functionalTests.Dratf.R1Dot1_TS001_draft1(Dratf.java:27)
at java.base/java.util.concurrent.ThreadPoolExecutor.runWorker(ThreadPoolExecutor.java:1136)
at java.base/java.util.concurrent.ThreadPoolExecutor$Worker.run(ThreadPoolExecutor.java:635)
at java.base/java.lang.Thread.run(Thread.java:833)
... Removed 16 stack frames]]>
    </failure>
  </testcase> <!-- R1Dot1_TS001_draft1 -->
  <testcase classname="openCart.functionalTests.Dratf" name="R1Dot1_TS001_draft2" time="0.001">
    <failure type="java.lang.AssertionError" message="expected [true] but found [false]">
      <![CDATA[java.lang.AssertionError: expected [true] but found [false]
at openCart.functionalTests.Dratf.R1Dot1_TS001_draft2(Dratf.java:34)
at java.base/java.util.concurrent.ThreadPoolExecutor.runWorker(ThreadPoolExecutor.java:1136)
at java.base/java.util.concurrent.ThreadPoolExecutor$Worker.run(ThreadPoolExecutor.java:635)
at java.base/java.lang.Thread.run(Thread.java:833)
... Removed 16 stack frames]]>
    </failure>
  </testcase> <!-- R1Dot1_TS001_draft2 -->
  <testcase classname="openCart.functionalTests.Dratf" name="R1Dot1_TS001_draft3" time="0.003">
    <failure type="java.lang.AssertionError" message="expected [true] but found [false]">
      <![CDATA[java.lang.AssertionError: expected [true] but found [false]
at openCart.functionalTests.Dratf.R1Dot1_TS001_draft3(Dratf.java:40)
at java.base/java.util.concurrent.ThreadPoolExecutor.runWorker(ThreadPoolExecutor.java:1136)
at java.base/java.util.concurrent.ThreadPoolExecutor$Worker.run(ThreadPoolExecutor.java:635)
at java.base/java.lang.Thread.run(Thread.java:833)
... Removed 16 stack frames]]>
    </failure>
  </testcase> <!-- R1Dot1_TS001_draft3 -->
  <testcase classname="openCart.functionalTests.Dratf" name="R1Dot1_TS001_draft4" time="0.002">
    <failure type="java.lang.AssertionError" message="expected [true] but found [false]">
      <![CDATA[java.lang.AssertionError: expected [true] but found [false]
at openCart.functionalTests.Dratf.R1Dot1_TS001_draft4(Dratf.java:46)
at java.base/java.util.concurrent.ThreadPoolExecutor.runWorker(ThreadPoolExecutor.java:1136)
at java.base/java.util.concurrent.ThreadPoolExecutor$Worker.run(ThreadPoolExecutor.java:635)
at java.base/java.lang.Thread.run(Thread.java:833)
... Removed 16 stack frames]]>
    </failure>
  </testcase> <!-- R1Dot1_TS001_draft4 -->
</testsuite> <!-- OpenCart Functional Draft_Test -->
