<?xml version="1.0" encoding="UTF-8"?>
<!-- Generated by org.testng.reporters.JUnitXMLReporter -->
<testsuite ignored="0" hostname="NAIM" failures="0" tests="12" name="Default test" time="107.589" errors="0" timestamp="2023-10-27T04:50:59 EDT">
  <testcase classname="openCart.functionalTests.Dratf" name="draft" time="0.014"/>
  <testcase classname="openCart.functionalTests.Dratf" name="draft1" time="0.011"/>
  <testcase classname="openCart.functionalTests.Dratf" name="draft10" time="0.006"/>
  <testcase classname="openCart.functionalTests.Dratf" name="draft11" time="0.008"/>
  <testcase classname="openCart.functionalTests.Dratf" name="draft2" time="0.006"/>
  <testcase classname="openCart.functionalTests.Dratf" name="draft3" time="0.004"/>
  <testcase classname="openCart.functionalTests.Dratf" name="draft4" time="0.012"/>
  <testcase classname="openCart.functionalTests.Dratf" name="draft5" time="0.017"/>
  <testcase classname="openCart.functionalTests.Dratf" name="draft6" time="0.006"/>
  <testcase classname="openCart.functionalTests.Dratf" name="draft7" time="0.007"/>
  <testcase classname="openCart.functionalTests.Dratf" name="draft8" time="0.005"/>
  <testcase classname="openCart.functionalTests.Dratf" name="draft9" time="0.095"/>
</testsuite> <!-- Default test -->
