<?xml version="1.0" encoding="UTF-8"?>
<!-- Generated by org.testng.reporters.JUnitXMLReporter -->
<testsuite ignored="1" hostname="NAIM" failures="0" tests="1" name="Default test" time="11.881" errors="0" timestamp="2023-11-10T04:44:18 EST">
  <testcase classname="openCart.functionalTests.R1dot3_TS008_AddToCartFunctionality" name="R1dot3_TS008_TC001" time="4.001"/>
  <testcase classname="openCart.functionalTests.R1dot3_TS008_AddToCartFunctionality" name="R1dot3_TS008_TC003" time="0.0">
    <ignored/>
  </testcase> <!-- R1dot3_TS008_TC003 -->
</testsuite> <!-- Default test -->
