<html>
<head>
<title>TestNG:  Draft Test</title>
<link href="../testng.css" rel="stylesheet" type="text/css" />
<link href="../my-testng.css" rel="stylesheet" type="text/css" />

<style type="text/css">
.log { display: none;} 
.stack-trace { display: none;} 
</style>
<script type="text/javascript">
<!--
function flip(e) {
  current = e.style.display;
  if (current == 'block') {
    e.style.display = 'none';
    return 0;
  }
  else {
    e.style.display = 'block';
    return 1;
  }
}

function toggleBox(szDivId, elem, msg1, msg2)
{
  var res = -1;  if (document.getElementById) {
    res = flip(document.getElementById(szDivId));
  }
  else if (document.all) {
    // this is the way old msie versions work
    res = flip(document.all[szDivId]);
  }
  if(elem) {
    if(res == 0) elem.innerHTML = msg1; else elem.innerHTML = msg2;
  }

}

function toggleAllBoxes() {
  if (document.getElementsByTagName) {
    d = document.getElementsByTagName('div');
    for (i = 0; i < d.length; i++) {
      if (d[i].className == 'log') {
        flip(d[i]);
      }
    }
  }
}

// -->
</script>

</head>
<body>
<h2 align='center'>Draft Test</h2><table border='1' align="center">
<tr>
<td>Tests passed/Failed/Skipped:</td><td>20/1/0</td>
</tr><tr>
<td>Started on:</td><td>Tue Oct 31 17:32:15 EDT 2023</td>
</tr>
<tr><td>Total time:</td><td>75 seconds (75636 ms)</td>
</tr><tr>
<td>Included groups:</td><td></td>
</tr><tr>
<td>Excluded groups:</td><td></td>
</tr>
</table><p/>
<small><i>(Hover the method name to see the test class name)</i></small><p/>
<table width='100%' border='1' class='invocation-failed'>
<tr><td colspan='4' align='center'><b>FAILED TESTS</b></td></tr>
<tr><td><b>Test method</b></td>
<td><b>Attribute(s)</b></td>
<td width="30%"><b>Exception</b></td>
<td width="10%"><b>Time (seconds)</b></td>
<td><b>Instance</b></td>
</tr>
<tr>
<td title='openCart.functionalTests.R1dot1_TS003_LogoutFunctionality.r1dot1_TS003_TC003()'><b>r1dot1_TS003_TC003</b><br>Test class: openCart.functionalTests.R1dot1_TS003_LogoutFunctionality<br>Test method: R1.1_TS003_TC003 Verify the Application session status, after logging and closing the Browser without logging out</td>
<td><div><pre>org.openqa.selenium.NoSuchElementException: no such element: Unable to locate element: {&quot;method&quot;:&quot;xpath&quot;,&quot;selector&quot;:&quot;//ul[@class=&apos;dropdown-menu dropdown-menu-right&apos;]//a[text()=&apos;My Account&apos;]&quot;}
  (Session info: chrome=118.0.5993.118)
For documentation on this error, please visit: https://www.selenium.dev/documentation/webdriver/troubleshooting/errors#no-such-element-exception
Build info: version: &apos;4.13.0&apos;, revision: &apos;ba948ece5b*&apos;
System info: os.name: &apos;Windows 11&apos;, os.arch: &apos;amd64&apos;, os.version: &apos;10.0&apos;, java.version: &apos;17.0.7&apos;
Driver info: org.openqa.selenium.chrome.ChromeDriver
Command: [8b9c0b6af547184e21dbf79860703e13, findElement {using=xpath, value=//ul[@class=&apos;dropdown-menu dropdown-menu-right&apos;]//a[text()=&apos;My Account&apos;]}]
Capabilities {acceptInsecureCerts: true, browserName: chrome, browserVersion: 118.0.5993.118, chrome: {chromedriverVersion: 118.0.5993.70 (e52f33f30b91..., userDataDir: C:\Users\naimn\AppData\Loca...}, fedcm:accounts: true, goog:chromeOptions: {debuggerAddress: localhost:51037}, networkConnectionEnabled: false, pageLoadStrategy: normal, platformName: windows, proxy: Proxy(), se:cdp: ws://localhost:51037/devtoo..., se:cdpVersion: 118.0.5993.118, setWindowRect: true, strictFileInteractability: false, timeouts: {implicit: 0, pageLoad: 300000, script: 30000}, unhandledPromptBehavior: dismiss and notify, webauthn:extension:credBlob: true, webauthn:extension:largeBlob: true, webauthn:extension:minPinLength: true, webauthn:extension:prf: true, webauthn:virtualAuthenticators: true}
Session ID: 8b9c0b6af547184e21dbf79860703e13
	at org.openqa.selenium.remote.codec.w3c.W3CHttpResponseCodec.createException(W3CHttpResponseCodec.java:200)
	at org.openqa.selenium.remote.codec.w3c.W3CHttpResponseCodec.decode(W3CHttpResponseCodec.java:133)
	at org.openqa.selenium.remote.codec.w3c.W3CHttpResponseCodec.decode(W3CHttpResponseCodec.java:52)
	at org.openqa.selenium.remote.HttpCommandExecutor.execute(HttpCommandExecutor.java:191)
	at org.openqa.selenium.remote.service.DriverCommandExecutor.invokeExecute(DriverCommandExecutor.java:196)
	at org.openqa.selenium.remote.service.DriverCommandExecutor.execute(DriverCommandExecutor.java:171)
	at org.openqa.selenium.remote.RemoteWebDriver.execute(RemoteWebDriver.java:602)
	at org.openqa.selenium.remote.ElementLocation$ElementFinder$2.findElement(ElementLocation.java:165)
	at org.openqa.selenium.remote.ElementLocation.findElement(ElementLocation.java:59)
	at org.openqa.selenium.remote.RemoteWebDriver.findElement(RemoteWebDriver.java:359)
	at org.openqa.selenium.remote.RemoteWebDriver.findElement(RemoteWebDriver.java:353)
	at org.openqa.selenium.support.pagefactory.DefaultElementLocator.findElement(DefaultElementLocator.java:68)
	at org.openqa.selenium.support.pagefactory.internal.LocatingElementHandler.invoke(LocatingElementHandler.java:38)
	at jdk.proxy2/jdk.proxy2.$Proxy18.click(Unknown Source)
	at pageObjectsfactory.CommonElements.click_MyAccount(CommonElements.java:88)
	at openCart.functionalTests.R1dot1_TS003_LogoutFunctionality.r1dot1_TS003_TC003(R1dot1_TS003_LogoutFunctionality.java:72)
	at java.base/java.util.concurrent.ThreadPoolExecutor.runWorker(ThreadPoolExecutor.java:1136)
	at java.base/java.util.concurrent.ThreadPoolExecutor$Worker.run(ThreadPoolExecutor.java:635)
	at java.base/java.lang.Thread.run(Thread.java:833)
... Removed 17 stack frames</pre></div><a href='#' onClick='toggleBox("stack-trace1989033707", this, "Click to show all stack frames", "Click to hide stack frames")'>Click to show all stack frames</a>
<div class='stack-trace' id='stack-trace1989033707'><pre>org.openqa.selenium.NoSuchElementException: no such element: Unable to locate element: {&quot;method&quot;:&quot;xpath&quot;,&quot;selector&quot;:&quot;//ul[@class=&apos;dropdown-menu dropdown-menu-right&apos;]//a[text()=&apos;My Account&apos;]&quot;}
  (Session info: chrome=118.0.5993.118)
For documentation on this error, please visit: https://www.selenium.dev/documentation/webdriver/troubleshooting/errors#no-such-element-exception
Build info: version: &apos;4.13.0&apos;, revision: &apos;ba948ece5b*&apos;
System info: os.name: &apos;Windows 11&apos;, os.arch: &apos;amd64&apos;, os.version: &apos;10.0&apos;, java.version: &apos;17.0.7&apos;
Driver info: org.openqa.selenium.chrome.ChromeDriver
Command: [8b9c0b6af547184e21dbf79860703e13, findElement {using=xpath, value=//ul[@class=&apos;dropdown-menu dropdown-menu-right&apos;]//a[text()=&apos;My Account&apos;]}]
Capabilities {acceptInsecureCerts: true, browserName: chrome, browserVersion: 118.0.5993.118, chrome: {chromedriverVersion: 118.0.5993.70 (e52f33f30b91..., userDataDir: C:\Users\naimn\AppData\Loca...}, fedcm:accounts: true, goog:chromeOptions: {debuggerAddress: localhost:51037}, networkConnectionEnabled: false, pageLoadStrategy: normal, platformName: windows, proxy: Proxy(), se:cdp: ws://localhost:51037/devtoo..., se:cdpVersion: 118.0.5993.118, setWindowRect: true, strictFileInteractability: false, timeouts: {implicit: 0, pageLoad: 300000, script: 30000}, unhandledPromptBehavior: dismiss and notify, webauthn:extension:credBlob: true, webauthn:extension:largeBlob: true, webauthn:extension:minPinLength: true, webauthn:extension:prf: true, webauthn:virtualAuthenticators: true}
Session ID: 8b9c0b6af547184e21dbf79860703e13
	at java.base/jdk.internal.reflect.NativeConstructorAccessorImpl.newInstance0(Native Method)
	at java.base/jdk.internal.reflect.NativeConstructorAccessorImpl.newInstance(NativeConstructorAccessorImpl.java:77)
	at java.base/jdk.internal.reflect.DelegatingConstructorAccessorImpl.newInstance(DelegatingConstructorAccessorImpl.java:45)
	at java.base/java.lang.reflect.Constructor.newInstanceWithCaller(Constructor.java:499)
	at java.base/java.lang.reflect.Constructor.newInstance(Constructor.java:480)
	at org.openqa.selenium.remote.codec.w3c.W3CHttpResponseCodec.createException(W3CHttpResponseCodec.java:200)
	at org.openqa.selenium.remote.codec.w3c.W3CHttpResponseCodec.decode(W3CHttpResponseCodec.java:133)
	at org.openqa.selenium.remote.codec.w3c.W3CHttpResponseCodec.decode(W3CHttpResponseCodec.java:52)
	at org.openqa.selenium.remote.HttpCommandExecutor.execute(HttpCommandExecutor.java:191)
	at org.openqa.selenium.remote.service.DriverCommandExecutor.invokeExecute(DriverCommandExecutor.java:196)
	at org.openqa.selenium.remote.service.DriverCommandExecutor.execute(DriverCommandExecutor.java:171)
	at org.openqa.selenium.remote.RemoteWebDriver.execute(RemoteWebDriver.java:602)
	at org.openqa.selenium.remote.ElementLocation$ElementFinder$2.findElement(ElementLocation.java:165)
	at org.openqa.selenium.remote.ElementLocation.findElement(ElementLocation.java:59)
	at org.openqa.selenium.remote.RemoteWebDriver.findElement(RemoteWebDriver.java:359)
	at org.openqa.selenium.remote.RemoteWebDriver.findElement(RemoteWebDriver.java:353)
	at org.openqa.selenium.support.pagefactory.DefaultElementLocator.findElement(DefaultElementLocator.java:68)
	at org.openqa.selenium.support.pagefactory.internal.LocatingElementHandler.invoke(LocatingElementHandler.java:38)
	at jdk.proxy2/jdk.proxy2.$Proxy18.click(Unknown Source)
	at pageObjectsfactory.CommonElements.click_MyAccount(CommonElements.java:88)
	at openCart.functionalTests.R1dot1_TS003_LogoutFunctionality.r1dot1_TS003_TC003(R1dot1_TS003_LogoutFunctionality.java:72)
	at java.base/jdk.internal.reflect.NativeMethodAccessorImpl.invoke0(Native Method)
	at java.base/jdk.internal.reflect.NativeMethodAccessorImpl.invoke(NativeMethodAccessorImpl.java:77)
	at java.base/jdk.internal.reflect.DelegatingMethodAccessorImpl.invoke(DelegatingMethodAccessorImpl.java:43)
	at java.base/java.lang.reflect.Method.invoke(Method.java:568)
	at org.testng.internal.invokers.MethodInvocationHelper.invokeMethod(MethodInvocationHelper.java:139)
	at org.testng.internal.invokers.TestInvoker.invokeMethod(TestInvoker.java:677)
	at org.testng.internal.invokers.TestInvoker.invokeTestMethod(TestInvoker.java:221)
	at org.testng.internal.invokers.MethodRunner.runInSequence(MethodRunner.java:50)
	at org.testng.internal.invokers.TestInvoker$MethodInvocationAgent.invoke(TestInvoker.java:969)
	at org.testng.internal.invokers.TestInvoker.invokeTestMethods(TestInvoker.java:194)
	at org.testng.internal.invokers.TestMethodWorker.invokeTestMethods(TestMethodWorker.java:148)
	at org.testng.internal.invokers.TestMethodWorker.run(TestMethodWorker.java:128)
	at java.base/java.util.concurrent.ThreadPoolExecutor.runWorker(ThreadPoolExecutor.java:1136)
	at java.base/java.util.concurrent.ThreadPoolExecutor$Worker.run(ThreadPoolExecutor.java:635)
	at java.base/java.lang.Thread.run(Thread.java:833)
</pre></div></td>
<td>17</td>
<td>openCart.functionalTests.R1dot1_TS003_LogoutFunctionality@1f2586d6</td></tr>
</table><p>
<table width='100%' border='1' class='invocation-passed'>
<tr><td colspan='4' align='center'><b>PASSED TESTS</b></td></tr>
<tr><td><b>Test method</b></td>
<td><b>Attribute(s)</b></td>
<td width="30%"><b>Exception</b></td>
<td width="10%"><b>Time (seconds)</b></td>
<td><b>Instance</b></td>
</tr>
<tr>
<td title='openCart.functionalTests.R1dot2_TS005_ProductSearchFunctionality.r1dot2_TS005_TC001()'><b>r1dot2_TS005_TC001</b><br>Test class: openCart.functionalTests.R1dot2_TS005_ProductSearchFunctionality<br>Test method: R1.2_TS005_TC001 As an user I should be able to search a product which is present in database.</td>
<td></td>
<td>8</td>
<td>openCart.functionalTests.R1dot2_TS005_ProductSearchFunctionality@3fc2959f</td></tr>
<tr>
<td title='openCart.functionalTests.R1dot2_TS005_ProductSearchFunctionality.R1dot2_TS005_TC024()'><b>R1dot2_TS005_TC024</b><br>Test class: openCart.functionalTests.R1dot2_TS005_ProductSearchFunctionality<br>Test method: R1.2_TS005_TC024 Verify user can select a product from featured product list from HomePage<br>Parameters: iPhone</td>
<td></td>
<td>4</td>
<td>openCart.functionalTests.R1dot2_TS005_ProductSearchFunctionality@3fc2959f</td></tr>
<tr>
<td title='openCart.functionalTests.R1dot2_TS005_ProductSearchFunctionality.R1dot2_TS005_TC024()'><b>R1dot2_TS005_TC024</b><br>Test class: openCart.functionalTests.R1dot2_TS005_ProductSearchFunctionality<br>Test method: R1.2_TS005_TC024 Verify user can select a product from featured product list from HomePage<br>Parameters: Apple Cinema 30"</td>
<td></td>
<td>2</td>
<td>openCart.functionalTests.R1dot2_TS005_ProductSearchFunctionality@3fc2959f</td></tr>
<tr>
<td title='openCart.functionalTests.R1dot1_TS001_RegisterFunctionality.r1dot1_TS001_TC029()'><b>r1dot1_TS001_TC029</b><br>Test class: openCart.functionalTests.R1dot1_TS001_RegisterFunctionality<br>Test method: R1.1_TS001_TC029 As an user when I navigate to the registration page NEWSLETTER subscribe "Yes" checkBox shouldnâ€™t be pre-selected.</td>
<td></td>
<td>1</td>
<td>openCart.functionalTests.R1dot1_TS001_RegisterFunctionality@765d7657</td></tr>
<tr>
<td title='openCart.functionalTests.R1dot1_TS004_ForgottenPasswordFunctionality.r1dot1_TS004_TC002()'><b>r1dot1_TS004_TC002</b><br>Test class: openCart.functionalTests.R1dot1_TS004_ForgottenPasswordFunctionality<br>Test method: R1.1_TS004_TC002 as a Registered user I should be able to reset my password by using "Forgotten Password" link in right column</td>
<td></td>
<td>4</td>
<td>openCart.functionalTests.R1dot1_TS004_ForgottenPasswordFunctionality@10683d9d</td></tr>
<tr>
<td title='openCart.functionalTests.R1dot1_TS001_RegisterFunctionality.r1dot1_TS001_TC005()'><b>r1dot1_TS001_TC005</b><br>Test class: openCart.functionalTests.R1dot1_TS001_RegisterFunctionality<br>Test method: R1.1_TS001_TC005 As an user I should be able to register an Account by providing only the Mandatory fields and 'Yes' option is selected for Newsletter field</td>
<td></td>
<td>4</td>
<td>openCart.functionalTests.R1dot1_TS001_RegisterFunctionality@765d7657</td></tr>
<tr>
<td title='openCart.functionalTests.R1dot2_TS005_ProductSearchFunctionality.R1dot2_TS005_TC024()'><b>R1dot2_TS005_TC024</b><br>Test class: openCart.functionalTests.R1dot2_TS005_ProductSearchFunctionality<br>Test method: R1.2_TS005_TC024 Verify user can select a product from featured product list from HomePage<br>Parameters: Canon EOS 5D</td>
<td></td>
<td>2</td>
<td>openCart.functionalTests.R1dot2_TS005_ProductSearchFunctionality@3fc2959f</td></tr>
<tr>
<td title='openCart.functionalTests.R1dot1_TS003_LogoutFunctionality.r1dot1_TS003_TC002()'><b>r1dot1_TS003_TC002</b><br>Test class: openCart.functionalTests.R1dot1_TS003_LogoutFunctionality<br>Test method: R1.1_TS003_TC002 Verify Logging out by selecting Logout option from 'Right Column' options</td>
<td></td>
<td>6</td>
<td>openCart.functionalTests.R1dot1_TS003_LogoutFunctionality@1f2586d6</td></tr>
<tr>
<td title='openCart.functionalTests.R1dot1_TS001_RegisterFunctionality.r1dot1_TS001_TC004()'><b>r1dot1_TS001_TC004</b><br>Test class: openCart.functionalTests.R1dot1_TS001_RegisterFunctionality<br>Test method: R1.1_TS001_TC004 Verify proper error messages are displayed for the mandatory fields, when you don't provide any mandatory fields in the 'Register Account' page and submit</td>
<td></td>
<td>2</td>
<td>openCart.functionalTests.R1dot1_TS001_RegisterFunctionality@765d7657</td></tr>
<tr>
<td title='openCart.functionalTests.R1dot1_TS003_LogoutFunctionality.r1dot1_TS003_TC001()'><b>r1dot1_TS003_TC001</b><br>Test class: openCart.functionalTests.R1dot1_TS003_LogoutFunctionality<br>Test method: R1.1_TS003_TC001 Verify Logging out by selecting Logout option from 'My Account' drop menu</td>
<td></td>
<td>8</td>
<td>openCart.functionalTests.R1dot1_TS003_LogoutFunctionality@1f2586d6</td></tr>
<tr>
<td title='openCart.functionalTests.R1dot2_TS006_ProductCompareFunctionality.r1dot2_TS006_TC001()'><b>r1dot2_TS006_TC001</b><br>Test class: openCart.functionalTests.R1dot2_TS006_ProductCompareFunctionality<br>Test method: R1.2_TS006_TC001 As an user I should be able to select products for comparison.</td>
<td></td>
<td>11</td>
<td>openCart.functionalTests.R1dot2_TS006_ProductCompareFunctionality@5aa9e4eb</td></tr>
<tr>
<td title='openCart.functionalTests.R1dot1_TS002_LoginFunctionality.r1dot1_TS002_TC001()'><b>r1dot1_TS002_TC001</b><br>Test class: openCart.functionalTests.R1dot1_TS002_LoginFunctionality<br>Test method: R1.1_TS002_TC001 Verify logging into the Application using valid credentials</td>
<td></td>
<td>4</td>
<td>openCart.functionalTests.R1dot1_TS002_LoginFunctionality@2f4948e4</td></tr>
<tr>
<td title='openCart.functionalTests.R1dot1_TS002_LoginFunctionality.r1dot1_TS002_TC003()'><b>r1dot1_TS002_TC003</b><br>Test class: openCart.functionalTests.R1dot1_TS002_LoginFunctionality<br>Test method: R1.1_TS002_TC003 Verify logging into the Application using invalid email address and valid Password</td>
<td></td>
<td>2</td>
<td>openCart.functionalTests.R1dot1_TS002_LoginFunctionality@2f4948e4</td></tr>
<tr>
<td title='openCart.functionalTests.R1dot1_TS001_RegisterFunctionality.r1dot1_TS001_TC001()'><b>r1dot1_TS001_TC001</b><br>Test class: openCart.functionalTests.R1dot1_TS001_RegisterFunctionality<br>Test method: R1.1_TS001_TC001 As a user I should be able to Register an Account by providing only the Mandatory fields</td>
<td></td>
<td>10</td>
<td>openCart.functionalTests.R1dot1_TS001_RegisterFunctionality@765d7657</td></tr>
<tr>
<td title='openCart.functionalTests.R1dot1_TS001_RegisterFunctionality.r1dot1_TS001_TC003()'><b>r1dot1_TS001_TC003</b><br>Test class: openCart.functionalTests.R1dot1_TS001_RegisterFunctionality<br>Test method: R1.1_TS001_TC003 Verify Registering an Account by providing all the fields</td>
<td></td>
<td>5</td>
<td>openCart.functionalTests.R1dot1_TS001_RegisterFunctionality@765d7657</td></tr>
<tr>
<td title='openCart.functionalTests.R1dot1_TS001_RegisterFunctionality.r1dot1_TS001_TC028()'><b>r1dot1_TS001_TC028</b><br>Test class: openCart.functionalTests.R1dot1_TS001_RegisterFunctionality<br>Test method: R1.1_TS001_TC028 Verify the application throws proper error message when user click continue button without selecting privacy and policy check box.</td>
<td></td>
<td>3</td>
<td>openCart.functionalTests.R1dot1_TS001_RegisterFunctionality@765d7657</td></tr>
<tr>
<td title='openCart.functionalTests.R1dot2_TS005_ProductSearchFunctionality.R1dot2_TS005_TC024()'><b>R1dot2_TS005_TC024</b><br>Test class: openCart.functionalTests.R1dot2_TS005_ProductSearchFunctionality<br>Test method: R1.2_TS005_TC024 Verify user can select a product from featured product list from HomePage<br>Parameters: MacBook</td>
<td></td>
<td>3</td>
<td>openCart.functionalTests.R1dot2_TS005_ProductSearchFunctionality@3fc2959f</td></tr>
<tr>
<td title='openCart.functionalTests.R1dot1_TS004_ForgottenPasswordFunctionality.r1dot1_TS004_TC001()'><b>r1dot1_TS004_TC001</b><br>Test class: openCart.functionalTests.R1dot1_TS004_ForgottenPasswordFunctionality<br>Test method: R1.1_TS004_TC001 as a Registered user I should be able to reset my password by using "Forgotten Password" link in "Returning Customer" Login box</td>
<td></td>
<td>5</td>
<td>openCart.functionalTests.R1dot1_TS004_ForgottenPasswordFunctionality@10683d9d</td></tr>
<tr>
<td title='openCart.functionalTests.R1dot1_TS001_RegisterFunctionality.r1dot1_TS001_TC006()'><b>r1dot1_TS001_TC006</b><br>Test class: openCart.functionalTests.R1dot1_TS001_RegisterFunctionality<br>Test method: R1.1_TS001_TC006 As an user when I navigate to the registration page Newsletter field 'No' option should be pre-selected</td>
<td></td>
<td>1</td>
<td>openCart.functionalTests.R1dot1_TS001_RegisterFunctionality@765d7657</td></tr>
<tr>
<td title='openCart.functionalTests.R1dot1_TS002_LoginFunctionality.r1dot1_TS002_TC002()'><b>r1dot1_TS002_TC002</b><br>Test class: openCart.functionalTests.R1dot1_TS002_LoginFunctionality<br>Test method: R1.1_TS002_TC002 Verify logging into the Application using invalid credentials (i.e. Invalid email address and Invalid Password)</td>
<td></td>
<td>3</td>
<td>openCart.functionalTests.R1dot1_TS002_LoginFunctionality@2f4948e4</td></tr>
</table><p>
</body>
</html>