<!DOCTYPE html>

<html>
  <head>
  <meta charset='utf-8'>
  <title>TestNG reports</title>

    <link type="text/css" href="testng-reports1.css" rel="stylesheet" id="ultra" />
    <link type="text/css" href="testng-reports.css" rel="stylesheet" id="retro" disabled="false"/>
    <script type="text/javascript" src="jquery-3.6.0.min.js"></script>
    <script type="text/javascript" src="testng-reports.js"></script>
    <script type="text/javascript" src="https://www.google.com/jsapi"></script>
    <script type='text/javascript'>
      google.load('visualization', '1', {packages:['table']});
      google.setOnLoadCallback(drawTable);
      var suiteTableInitFunctions = new Array();
      var suiteTableData = new Array();
    </script>
    <!--
      <script type="text/javascript" src="jquery-ui/js/jquery-ui-1.8.16.custom.min.js"></script>
     -->
  </head>

  <body>    <div class="top-banner-root">
      <span class="top-banner-title-font">Test results</span>
      <button id="button" class="button">Switch Retro Theme</button> <!-- button -->
      <br/>
      <span class="top-banner-font-1">1 suite, 5 failed tests</span>
    </div> <!-- top-banner-root -->
    <div class="navigator-root">
      <div class="navigator-suite-header">
        <span>All suites</span>
        <a href="#" title="Collapse/expand all the suites" class="collapse-all-link">
          <img src="collapseall.gif" class="collapse-all-icon">
          </img> <!-- collapse-all-icon -->
        </a> <!-- collapse-all-link -->
      </div> <!-- navigator-suite-header -->
      <div class="suite">
        <div class="rounded-window">
          <div class="suite-header light-rounded-window-top">
            <a href="#" panel-name="suite-Suite" class="navigator-link">
              <span class="suite-name border-failed">Suite</span>
            </a> <!-- navigator-link -->
          </div> <!-- suite-header light-rounded-window-top -->
          <div class="navigator-suite-content">
            <div class="suite-section-title">
              <span>Info</span>
            </div> <!-- suite-section-title -->
            <div class="suite-section-content">
              <ul>
                <li>
                  <a href="#" panel-name="test-xml-Suite" class="navigator-link ">
                    <span>C:\Users\naimn\DEV\IDE\eclipse\openCartFunctionalTest\draftTest.xml</span>
                  </a> <!-- navigator-link  -->
                </li>
                <li>
                  <a href="#" panel-name="testlist-Suite" class="navigator-link ">
                    <span class="test-stats">1 test</span>
                  </a> <!-- navigator-link  -->
                </li>
                <li>
                  <a href="#" panel-name="group-Suite" class="navigator-link ">
                    <span>3 groups</span>
                  </a> <!-- navigator-link  -->
                </li>
                <li>
                  <a href="#" panel-name="times-Suite" class="navigator-link ">
                    <span>Times</span>
                  </a> <!-- navigator-link  -->
                </li>
                <li>
                  <a href="#" panel-name="reporter-Suite" class="navigator-link ">
                    <span>Reporter output</span>
                  </a> <!-- navigator-link  -->
                </li>
                <li>
                  <a href="#" panel-name="ignored-methods-Suite" class="navigator-link ">
                    <span>Ignored methods</span>
                  </a> <!-- navigator-link  -->
                </li>
                <li>
                  <a href="#" panel-name="chronological-Suite" class="navigator-link ">
                    <span>Chronological view</span>
                  </a> <!-- navigator-link  -->
                </li>
              </ul>
            </div> <!-- suite-section-content -->
            <div class="result-section">
              <div class="suite-section-title">
                <span>Results</span>
              </div> <!-- suite-section-title -->
              <div class="suite-section-content">
                <ul>
                  <li>
                    <span class="method-stats">36 methods, 5 failed,  10 skipped,  21 passed</span>
                  </li>
                  <li>
                    <span class="method-list-title failed">Failed methods</span>
                    <span class="show-or-hide-methods failed">
                      <a href="#" panel-name="suite-Suite" class="hide-methods failed suite-Suite"> (hide)</a> <!-- hide-methods failed suite-Suite -->
                      <a href="#" panel-name="suite-Suite" class="show-methods failed suite-Suite"> (show)</a> <!-- show-methods failed suite-Suite -->
                    </span>
                    <div class="method-list-content failed suite-Suite">
                      <span>
                        <img src="failed.png" width="3%"/>
                        <a href="#" panel-name="suite-Suite" title="openCart.functionalTests.Dratf" class="method navigator-link" hash-for-method="draft">draft</a> <!-- method navigator-link -->
                      </span>
                      <br/>
                      <span>
                        <img src="failed.png" width="3%"/>
                        <a href="#" panel-name="suite-Suite" title="openCart.functionalTests.Dratf" class="method navigator-link" hash-for-method="draft1">draft1</a> <!-- method navigator-link -->
                      </span>
                      <br/>
                      <span>
                        <img src="failed.png" width="3%"/>
                        <a href="#" panel-name="suite-Suite" title="openCart.functionalTests.Dratf" class="method navigator-link" hash-for-method="draft2">draft2</a> <!-- method navigator-link -->
                      </span>
                      <br/>
                      <span>
                        <img src="failed.png" width="3%"/>
                        <a href="#" panel-name="suite-Suite" title="openCart.functionalTests.Dratf" class="method navigator-link" hash-for-method="draft3">draft3</a> <!-- method navigator-link -->
                      </span>
                      <br/>
                      <span>
                        <img src="failed.png" width="3%"/>
                        <a href="#" panel-name="suite-Suite" title="openCart.functionalTests.R1dot1_TS003_LogoutFunctionality" class="method navigator-link" hash-for-method="r1dot1_TS003_TC003">r1dot1_TS003_TC003</a> <!-- method navigator-link -->
                      </span>
                      <br/>
                    </div> <!-- method-list-content failed suite-Suite -->
                  </li>
                  <li>
                    <span class="method-list-title skipped">Retried methods</span>
                    <span class="show-or-hide-methods skipped">
                      <a href="#" panel-name="suite-Suite" class="hide-methods skipped suite-Suite"> (hide)</a> <!-- hide-methods skipped suite-Suite -->
                      <a href="#" panel-name="suite-Suite" class="show-methods skipped suite-Suite"> (show)</a> <!-- show-methods skipped suite-Suite -->
                    </span>
                    <div class="method-list-content skipped suite-Suite">
                      <span>
                        <img src="skipped.png" width="3%"/>
                        <a href="#" panel-name="suite-Suite" title="openCart.functionalTests.Dratf" class="method navigator-link" hash-for-method="draft">draft</a> <!-- method navigator-link -->
                      </span>
                      <br/>
                      <span>
                        <img src="skipped.png" width="3%"/>
                        <a href="#" panel-name="suite-Suite" title="openCart.functionalTests.Dratf" class="method navigator-link" hash-for-method="draft">draft</a> <!-- method navigator-link -->
                      </span>
                      <br/>
                      <span>
                        <img src="skipped.png" width="3%"/>
                        <a href="#" panel-name="suite-Suite" title="openCart.functionalTests.Dratf" class="method navigator-link" hash-for-method="draft1">draft1</a> <!-- method navigator-link -->
                      </span>
                      <br/>
                      <span>
                        <img src="skipped.png" width="3%"/>
                        <a href="#" panel-name="suite-Suite" title="openCart.functionalTests.Dratf" class="method navigator-link" hash-for-method="draft1">draft1</a> <!-- method navigator-link -->
                      </span>
                      <br/>
                      <span>
                        <img src="skipped.png" width="3%"/>
                        <a href="#" panel-name="suite-Suite" title="openCart.functionalTests.Dratf" class="method navigator-link" hash-for-method="draft2">draft2</a> <!-- method navigator-link -->
                      </span>
                      <br/>
                      <span>
                        <img src="skipped.png" width="3%"/>
                        <a href="#" panel-name="suite-Suite" title="openCart.functionalTests.Dratf" class="method navigator-link" hash-for-method="draft2">draft2</a> <!-- method navigator-link -->
                      </span>
                      <br/>
                      <span>
                        <img src="skipped.png" width="3%"/>
                        <a href="#" panel-name="suite-Suite" title="openCart.functionalTests.Dratf" class="method navigator-link" hash-for-method="draft3">draft3</a> <!-- method navigator-link -->
                      </span>
                      <br/>
                      <span>
                        <img src="skipped.png" width="3%"/>
                        <a href="#" panel-name="suite-Suite" title="openCart.functionalTests.Dratf" class="method navigator-link" hash-for-method="draft3">draft3</a> <!-- method navigator-link -->
                      </span>
                      <br/>
                      <span>
                        <img src="skipped.png" width="3%"/>
                        <a href="#" panel-name="suite-Suite" title="openCart.functionalTests.R1dot1_TS003_LogoutFunctionality" class="method navigator-link" hash-for-method="r1dot1_TS003_TC003">r1dot1_TS003_TC003</a> <!-- method navigator-link -->
                      </span>
                      <br/>
                      <span>
                        <img src="skipped.png" width="3%"/>
                        <a href="#" panel-name="suite-Suite" title="openCart.functionalTests.R1dot1_TS003_LogoutFunctionality" class="method navigator-link" hash-for-method="r1dot1_TS003_TC003">r1dot1_TS003_TC003</a> <!-- method navigator-link -->
                      </span>
                      <br/>
                    </div> <!-- method-list-content skipped suite-Suite -->
                  </li>
                  <li>
                    <span class="method-list-title passed">Passed methods</span>
                    <span class="show-or-hide-methods passed">
                      <a href="#" panel-name="suite-Suite" class="hide-methods passed suite-Suite"> (hide)</a> <!-- hide-methods passed suite-Suite -->
                      <a href="#" panel-name="suite-Suite" class="show-methods passed suite-Suite"> (show)</a> <!-- show-methods passed suite-Suite -->
                    </span>
                    <div class="method-list-content passed suite-Suite">
                      <span>
                        <img src="passed.png" width="3%"/>
                        <a href="#" panel-name="suite-Suite" title="openCart.functionalTests.R1dot2_TS005_ProductSearchFunctionality" class="method navigator-link" hash-for-method="R1dot2_TS005_TC024(iPhone)">R1dot2_TS005_TC024(iPhone)</a> <!-- method navigator-link -->
                      </span>
                      <br/>
                      <span>
                        <img src="passed.png" width="3%"/>
                        <a href="#" panel-name="suite-Suite" title="openCart.functionalTests.R1dot2_TS005_ProductSearchFunctionality" class="method navigator-link" hash-for-method="R1dot2_TS005_TC024(Apple Cinema 30&quot;)">R1dot2_TS005_TC024(Apple Cinema 30")</a> <!-- method navigator-link -->
                      </span>
                      <br/>
                      <span>
                        <img src="passed.png" width="3%"/>
                        <a href="#" panel-name="suite-Suite" title="openCart.functionalTests.R1dot2_TS005_ProductSearchFunctionality" class="method navigator-link" hash-for-method="R1dot2_TS005_TC024(Canon EOS 5D)">R1dot2_TS005_TC024(Canon EOS 5D)</a> <!-- method navigator-link -->
                      </span>
                      <br/>
                      <span>
                        <img src="passed.png" width="3%"/>
                        <a href="#" panel-name="suite-Suite" title="openCart.functionalTests.R1dot2_TS005_ProductSearchFunctionality" class="method navigator-link" hash-for-method="R1dot2_TS005_TC024(MacBook)">R1dot2_TS005_TC024(MacBook)</a> <!-- method navigator-link -->
                      </span>
                      <br/>
                      <span>
                        <img src="passed.png" width="3%"/>
                        <a href="#" panel-name="suite-Suite" title="openCart.functionalTests.R1dot3_TS012_CheckoutFunctionality" class="method navigator-link" hash-for-method="R1dot3_TS012_TC001">R1dot3_TS012_TC001</a> <!-- method navigator-link -->
                      </span>
                      <br/>
                      <span>
                        <img src="passed.png" width="3%"/>
                        <a href="#" panel-name="suite-Suite" title="openCart.functionalTests.R1dot1_TS001_RegisterFunctionality" class="method navigator-link" hash-for-method="r1dot1_TS001_TC001">r1dot1_TS001_TC001</a> <!-- method navigator-link -->
                      </span>
                      <br/>
                      <span>
                        <img src="passed.png" width="3%"/>
                        <a href="#" panel-name="suite-Suite" title="openCart.functionalTests.R1dot1_TS001_RegisterFunctionality" class="method navigator-link" hash-for-method="r1dot1_TS001_TC003">r1dot1_TS001_TC003</a> <!-- method navigator-link -->
                      </span>
                      <br/>
                      <span>
                        <img src="passed.png" width="3%"/>
                        <a href="#" panel-name="suite-Suite" title="openCart.functionalTests.R1dot1_TS001_RegisterFunctionality" class="method navigator-link" hash-for-method="r1dot1_TS001_TC004">r1dot1_TS001_TC004</a> <!-- method navigator-link -->
                      </span>
                      <br/>
                      <span>
                        <img src="passed.png" width="3%"/>
                        <a href="#" panel-name="suite-Suite" title="openCart.functionalTests.R1dot1_TS001_RegisterFunctionality" class="method navigator-link" hash-for-method="r1dot1_TS001_TC005">r1dot1_TS001_TC005</a> <!-- method navigator-link -->
                      </span>
                      <br/>
                      <span>
                        <img src="passed.png" width="3%"/>
                        <a href="#" panel-name="suite-Suite" title="openCart.functionalTests.R1dot1_TS001_RegisterFunctionality" class="method navigator-link" hash-for-method="r1dot1_TS001_TC006">r1dot1_TS001_TC006</a> <!-- method navigator-link -->
                      </span>
                      <br/>
                      <span>
                        <img src="passed.png" width="3%"/>
                        <a href="#" panel-name="suite-Suite" title="openCart.functionalTests.R1dot1_TS001_RegisterFunctionality" class="method navigator-link" hash-for-method="r1dot1_TS001_TC028">r1dot1_TS001_TC028</a> <!-- method navigator-link -->
                      </span>
                      <br/>
                      <span>
                        <img src="passed.png" width="3%"/>
                        <a href="#" panel-name="suite-Suite" title="openCart.functionalTests.R1dot1_TS001_RegisterFunctionality" class="method navigator-link" hash-for-method="r1dot1_TS001_TC029">r1dot1_TS001_TC029</a> <!-- method navigator-link -->
                      </span>
                      <br/>
                      <span>
                        <img src="passed.png" width="3%"/>
                        <a href="#" panel-name="suite-Suite" title="openCart.functionalTests.R1dot1_TS002_LoginFunctionality" class="method navigator-link" hash-for-method="r1dot1_TS002_TC001">r1dot1_TS002_TC001</a> <!-- method navigator-link -->
                      </span>
                      <br/>
                      <span>
                        <img src="passed.png" width="3%"/>
                        <a href="#" panel-name="suite-Suite" title="openCart.functionalTests.R1dot1_TS002_LoginFunctionality" class="method navigator-link" hash-for-method="r1dot1_TS002_TC002">r1dot1_TS002_TC002</a> <!-- method navigator-link -->
                      </span>
                      <br/>
                      <span>
                        <img src="passed.png" width="3%"/>
                        <a href="#" panel-name="suite-Suite" title="openCart.functionalTests.R1dot1_TS002_LoginFunctionality" class="method navigator-link" hash-for-method="r1dot1_TS002_TC003">r1dot1_TS002_TC003</a> <!-- method navigator-link -->
                      </span>
                      <br/>
                      <span>
                        <img src="passed.png" width="3%"/>
                        <a href="#" panel-name="suite-Suite" title="openCart.functionalTests.R1dot1_TS003_LogoutFunctionality" class="method navigator-link" hash-for-method="r1dot1_TS003_TC001">r1dot1_TS003_TC001</a> <!-- method navigator-link -->
                      </span>
                      <br/>
                      <span>
                        <img src="passed.png" width="3%"/>
                        <a href="#" panel-name="suite-Suite" title="openCart.functionalTests.R1dot1_TS003_LogoutFunctionality" class="method navigator-link" hash-for-method="r1dot1_TS003_TC002">r1dot1_TS003_TC002</a> <!-- method navigator-link -->
                      </span>
                      <br/>
                      <span>
                        <img src="passed.png" width="3%"/>
                        <a href="#" panel-name="suite-Suite" title="openCart.functionalTests.R1dot1_TS004_ForgottenPasswordFunctionality" class="method navigator-link" hash-for-method="r1dot1_TS004_TC001">r1dot1_TS004_TC001</a> <!-- method navigator-link -->
                      </span>
                      <br/>
                      <span>
                        <img src="passed.png" width="3%"/>
                        <a href="#" panel-name="suite-Suite" title="openCart.functionalTests.R1dot1_TS004_ForgottenPasswordFunctionality" class="method navigator-link" hash-for-method="r1dot1_TS004_TC002">r1dot1_TS004_TC002</a> <!-- method navigator-link -->
                      </span>
                      <br/>
                      <span>
                        <img src="passed.png" width="3%"/>
                        <a href="#" panel-name="suite-Suite" title="openCart.functionalTests.R1dot2_TS005_ProductSearchFunctionality" class="method navigator-link" hash-for-method="r1dot2_TS005_TC001">r1dot2_TS005_TC001</a> <!-- method navigator-link -->
                      </span>
                      <br/>
                      <span>
                        <img src="passed.png" width="3%"/>
                        <a href="#" panel-name="suite-Suite" title="openCart.functionalTests.R1dot2_TS006_ProductCompareFunctionality" class="method navigator-link" hash-for-method="r1dot2_TS006_TC001">r1dot2_TS006_TC001</a> <!-- method navigator-link -->
                      </span>
                      <br/>
                    </div> <!-- method-list-content passed suite-Suite -->
                  </li>
                </ul>
              </div> <!-- suite-section-content -->
            </div> <!-- result-section -->
          </div> <!-- navigator-suite-content -->
        </div> <!-- rounded-window -->
      </div> <!-- suite -->
    </div> <!-- navigator-root -->
    <div class="wrapper">
      <div class="main-panel-root">
        <div panel-name="suite-Suite" class="panel Suite">
          <div class="suite-Suite-class-failed">
            <div class="main-panel-header rounded-window-top">
              <img src="failed.png"/>
              <span class="class-name">openCart.functionalTests.Dratf</span>
            </div> <!-- main-panel-header rounded-window-top -->
            <div class="main-panel-content rounded-window-bottom">
              <div class="method">
                <div class="method-content">
                  <a name="draft">
                  </a> <!-- draft -->
                  <span class="method-name">draft</span>
                  <div class="stack-trace">java.lang.AssertionError: expected [true] but found [false]
	at openCart.functionalTests.Dratf.draft(Dratf.java:27)
	at java.base/java.util.concurrent.ThreadPoolExecutor.runWorker(ThreadPoolExecutor.java:1136)
	at java.base/java.util.concurrent.ThreadPoolExecutor$Worker.run(ThreadPoolExecutor.java:635)
	at java.base/java.lang.Thread.run(Thread.java:833)
... Removed 16 stack frames
</div> <!-- stack-trace -->
                  <em>
(fail test)                  </em>
                </div> <!-- method-content -->
              </div> <!-- method -->
              <div class="method">
                <div class="method-content">
                  <a name="draft1">
                  </a> <!-- draft1 -->
                  <span class="method-name">draft1</span>
                  <div class="stack-trace">java.lang.AssertionError: expected [true] but found [false]
	at openCart.functionalTests.Dratf.draft1(Dratf.java:33)
	at java.base/java.util.concurrent.ThreadPoolExecutor.runWorker(ThreadPoolExecutor.java:1136)
	at java.base/java.util.concurrent.ThreadPoolExecutor$Worker.run(ThreadPoolExecutor.java:635)
	at java.base/java.lang.Thread.run(Thread.java:833)
... Removed 16 stack frames
</div> <!-- stack-trace -->
                  <em>
(fail test)                  </em>
                </div> <!-- method-content -->
              </div> <!-- method -->
              <div class="method">
                <div class="method-content">
                  <a name="draft2">
                  </a> <!-- draft2 -->
                  <span class="method-name">draft2</span>
                  <div class="stack-trace">java.lang.AssertionError: expected [true] but found [false]
	at openCart.functionalTests.Dratf.draft2(Dratf.java:39)
	at java.base/java.util.concurrent.ThreadPoolExecutor.runWorker(ThreadPoolExecutor.java:1136)
	at java.base/java.util.concurrent.ThreadPoolExecutor$Worker.run(ThreadPoolExecutor.java:635)
	at java.base/java.lang.Thread.run(Thread.java:833)
... Removed 16 stack frames
</div> <!-- stack-trace -->
                  <em>
(fail test)                  </em>
                </div> <!-- method-content -->
              </div> <!-- method -->
              <div class="method">
                <div class="method-content">
                  <a name="draft3">
                  </a> <!-- draft3 -->
                  <span class="method-name">draft3</span>
                  <div class="stack-trace">java.lang.AssertionError: expected [true] but found [false]
	at openCart.functionalTests.Dratf.draft3(Dratf.java:45)
	at java.base/java.util.concurrent.ThreadPoolExecutor.runWorker(ThreadPoolExecutor.java:1136)
	at java.base/java.util.concurrent.ThreadPoolExecutor$Worker.run(ThreadPoolExecutor.java:635)
	at java.base/java.lang.Thread.run(Thread.java:833)
... Removed 16 stack frames
</div> <!-- stack-trace -->
                  <em>
(fail test)                  </em>
                </div> <!-- method-content -->
              </div> <!-- method -->
            </div> <!-- main-panel-content rounded-window-bottom -->
          </div> <!-- suite-Suite-class-failed -->
          <div class="suite-Suite-class-failed">
            <div class="main-panel-header rounded-window-top">
              <img src="failed.png"/>
              <span class="class-name">openCart.functionalTests.R1dot1_TS003_LogoutFunctionality</span>
            </div> <!-- main-panel-header rounded-window-top -->
            <div class="main-panel-content rounded-window-bottom">
              <div class="method">
                <div class="method-content">
                  <a name="r1dot1_TS003_TC003">
                  </a> <!-- r1dot1_TS003_TC003 -->
                  <span class="method-name">r1dot1_TS003_TC003</span>
                  <div class="stack-trace">org.openqa.selenium.NoSuchElementException: no such element: Unable to locate element: {&quot;method&quot;:&quot;xpath&quot;,&quot;selector&quot;:&quot;//ul[@class=&apos;dropdown-menu dropdown-menu-right&apos;]//a[text()=&apos;My Account&apos;]&quot;}
  (Session info: chrome=118.0.5993.118)
For documentation on this error, please visit: https://www.selenium.dev/documentation/webdriver/troubleshooting/errors#no-such-element-exception
Build info: version: &apos;4.13.0&apos;, revision: &apos;ba948ece5b*&apos;
System info: os.name: &apos;Windows 11&apos;, os.arch: &apos;amd64&apos;, os.version: &apos;10.0&apos;, java.version: &apos;17.0.7&apos;
Driver info: org.openqa.selenium.chrome.ChromeDriver
Command: [e0b21fcd0dfb9bbd9b167ff21143a380, findElement {using=xpath, value=//ul[@class=&apos;dropdown-menu dropdown-menu-right&apos;]//a[text()=&apos;My Account&apos;]}]
Capabilities {acceptInsecureCerts: true, browserName: chrome, browserVersion: 118.0.5993.118, chrome: {chromedriverVersion: 118.0.5993.70 (e52f33f30b91..., userDataDir: C:\Users\naimn\AppData\Loca...}, fedcm:accounts: true, goog:chromeOptions: {debuggerAddress: localhost:62261}, networkConnectionEnabled: false, pageLoadStrategy: normal, platformName: windows, proxy: Proxy(), se:cdp: ws://localhost:62261/devtoo..., se:cdpVersion: 118.0.5993.118, setWindowRect: true, strictFileInteractability: false, timeouts: {implicit: 0, pageLoad: 300000, script: 30000}, unhandledPromptBehavior: dismiss and notify, webauthn:extension:credBlob: true, webauthn:extension:largeBlob: true, webauthn:extension:minPinLength: true, webauthn:extension:prf: true, webauthn:virtualAuthenticators: true}
Session ID: e0b21fcd0dfb9bbd9b167ff21143a380
	at org.openqa.selenium.remote.codec.w3c.W3CHttpResponseCodec.createException(W3CHttpResponseCodec.java:200)
	at org.openqa.selenium.remote.codec.w3c.W3CHttpResponseCodec.decode(W3CHttpResponseCodec.java:133)
	at org.openqa.selenium.remote.codec.w3c.W3CHttpResponseCodec.decode(W3CHttpResponseCodec.java:52)
	at org.openqa.selenium.remote.HttpCommandExecutor.execute(HttpCommandExecutor.java:191)
	at org.openqa.selenium.remote.service.DriverCommandExecutor.invokeExecute(DriverCommandExecutor.java:196)
	at org.openqa.selenium.remote.service.DriverCommandExecutor.execute(DriverCommandExecutor.java:171)
	at org.openqa.selenium.remote.RemoteWebDriver.execute(RemoteWebDriver.java:602)
	at org.openqa.selenium.remote.ElementLocation$ElementFinder$2.findElement(ElementLocation.java:165)
	at org.openqa.selenium.remote.ElementLocation.findElement(ElementLocation.java:59)
	at org.openqa.selenium.remote.RemoteWebDriver.findElement(RemoteWebDriver.java:359)
	at org.openqa.selenium.remote.RemoteWebDriver.findElement(RemoteWebDriver.java:353)
	at org.openqa.selenium.support.pagefactory.DefaultElementLocator.findElement(DefaultElementLocator.java:68)
	at org.openqa.selenium.support.pagefactory.internal.LocatingElementHandler.invoke(LocatingElementHandler.java:38)
	at jdk.proxy2/jdk.proxy2.$Proxy19.click(Unknown Source)
	at pageObjectsfactory.CommonElements.click_MyAccount(CommonElements.java:88)
	at openCart.functionalTests.R1dot1_TS003_LogoutFunctionality.r1dot1_TS003_TC003(R1dot1_TS003_LogoutFunctionality.java:73)
	at java.base/java.util.concurrent.ThreadPoolExecutor.runWorker(ThreadPoolExecutor.java:1136)
	at java.base/java.util.concurrent.ThreadPoolExecutor$Worker.run(ThreadPoolExecutor.java:635)
	at java.base/java.lang.Thread.run(Thread.java:833)
... Removed 17 stack frames
</div> <!-- stack-trace -->
                  <em>
(R1.1_TS003_TC003 Verify the Application session status, after logging and closing the Browser without logging out)                  </em>
                </div> <!-- method-content -->
              </div> <!-- method -->
            </div> <!-- main-panel-content rounded-window-bottom -->
          </div> <!-- suite-Suite-class-failed -->
          <div class="suite-Suite-class-skipped">
            <div class="main-panel-header rounded-window-top">
              <img src="skipped.png"/>
              <span class="class-name">openCart.functionalTests.Dratf</span>
            </div> <!-- main-panel-header rounded-window-top -->
            <div class="main-panel-content rounded-window-bottom">
              <div class="method">
                <div class="method-content">
                  <a name="draft">
                  </a> <!-- draft -->
                  <span class="method-name">draft</span>
                  <div class="stack-trace">java.lang.AssertionError: expected [true] but found [false]
	at openCart.functionalTests.Dratf.draft(Dratf.java:27)
	at java.base/java.util.concurrent.ThreadPoolExecutor.runWorker(ThreadPoolExecutor.java:1136)
	at java.base/java.util.concurrent.ThreadPoolExecutor$Worker.run(ThreadPoolExecutor.java:635)
	at java.base/java.lang.Thread.run(Thread.java:833)
... Removed 16 stack frames
</div> <!-- stack-trace -->
                  <em>
(fail test)                  </em>
                </div> <!-- method-content -->
              </div> <!-- method -->
              <div class="method">
                <div class="method-content">
                  <a name="draft">
                  </a> <!-- draft -->
                  <span class="method-name">draft</span>
                  <div class="stack-trace">java.lang.AssertionError: expected [true] but found [false]
	at openCart.functionalTests.Dratf.draft(Dratf.java:27)
	at java.base/java.util.concurrent.ThreadPoolExecutor.runWorker(ThreadPoolExecutor.java:1136)
	at java.base/java.util.concurrent.ThreadPoolExecutor$Worker.run(ThreadPoolExecutor.java:635)
	at java.base/java.lang.Thread.run(Thread.java:833)
... Removed 16 stack frames
</div> <!-- stack-trace -->
                  <em>
(fail test)                  </em>
                </div> <!-- method-content -->
              </div> <!-- method -->
              <div class="method">
                <div class="method-content">
                  <a name="draft1">
                  </a> <!-- draft1 -->
                  <span class="method-name">draft1</span>
                  <div class="stack-trace">java.lang.AssertionError: expected [true] but found [false]
	at openCart.functionalTests.Dratf.draft1(Dratf.java:33)
	at java.base/java.util.concurrent.ThreadPoolExecutor.runWorker(ThreadPoolExecutor.java:1136)
	at java.base/java.util.concurrent.ThreadPoolExecutor$Worker.run(ThreadPoolExecutor.java:635)
	at java.base/java.lang.Thread.run(Thread.java:833)
... Removed 16 stack frames
</div> <!-- stack-trace -->
                  <em>
(fail test)                  </em>
                </div> <!-- method-content -->
              </div> <!-- method -->
              <div class="method">
                <div class="method-content">
                  <a name="draft1">
                  </a> <!-- draft1 -->
                  <span class="method-name">draft1</span>
                  <div class="stack-trace">java.lang.AssertionError: expected [true] but found [false]
	at openCart.functionalTests.Dratf.draft1(Dratf.java:33)
	at java.base/java.util.concurrent.ThreadPoolExecutor.runWorker(ThreadPoolExecutor.java:1136)
	at java.base/java.util.concurrent.ThreadPoolExecutor$Worker.run(ThreadPoolExecutor.java:635)
	at java.base/java.lang.Thread.run(Thread.java:833)
... Removed 16 stack frames
</div> <!-- stack-trace -->
                  <em>
(fail test)                  </em>
                </div> <!-- method-content -->
              </div> <!-- method -->
              <div class="method">
                <div class="method-content">
                  <a name="draft2">
                  </a> <!-- draft2 -->
                  <span class="method-name">draft2</span>
                  <div class="stack-trace">java.lang.AssertionError: expected [true] but found [false]
	at openCart.functionalTests.Dratf.draft2(Dratf.java:39)
	at java.base/java.util.concurrent.ThreadPoolExecutor.runWorker(ThreadPoolExecutor.java:1136)
	at java.base/java.util.concurrent.ThreadPoolExecutor$Worker.run(ThreadPoolExecutor.java:635)
	at java.base/java.lang.Thread.run(Thread.java:833)
... Removed 16 stack frames
</div> <!-- stack-trace -->
                  <em>
(fail test)                  </em>
                </div> <!-- method-content -->
              </div> <!-- method -->
              <div class="method">
                <div class="method-content">
                  <a name="draft2">
                  </a> <!-- draft2 -->
                  <span class="method-name">draft2</span>
                  <div class="stack-trace">java.lang.AssertionError: expected [true] but found [false]
	at openCart.functionalTests.Dratf.draft2(Dratf.java:39)
	at java.base/java.util.concurrent.ThreadPoolExecutor.runWorker(ThreadPoolExecutor.java:1136)
	at java.base/java.util.concurrent.ThreadPoolExecutor$Worker.run(ThreadPoolExecutor.java:635)
	at java.base/java.lang.Thread.run(Thread.java:833)
... Removed 16 stack frames
</div> <!-- stack-trace -->
                  <em>
(fail test)                  </em>
                </div> <!-- method-content -->
              </div> <!-- method -->
              <div class="method">
                <div class="method-content">
                  <a name="draft3">
                  </a> <!-- draft3 -->
                  <span class="method-name">draft3</span>
                  <div class="stack-trace">java.lang.AssertionError: expected [true] but found [false]
	at openCart.functionalTests.Dratf.draft3(Dratf.java:45)
	at java.base/java.util.concurrent.ThreadPoolExecutor.runWorker(ThreadPoolExecutor.java:1136)
	at java.base/java.util.concurrent.ThreadPoolExecutor$Worker.run(ThreadPoolExecutor.java:635)
	at java.base/java.lang.Thread.run(Thread.java:833)
... Removed 16 stack frames
</div> <!-- stack-trace -->
                  <em>
(fail test)                  </em>
                </div> <!-- method-content -->
              </div> <!-- method -->
              <div class="method">
                <div class="method-content">
                  <a name="draft3">
                  </a> <!-- draft3 -->
                  <span class="method-name">draft3</span>
                  <div class="stack-trace">java.lang.AssertionError: expected [true] but found [false]
	at openCart.functionalTests.Dratf.draft3(Dratf.java:45)
	at java.base/java.util.concurrent.ThreadPoolExecutor.runWorker(ThreadPoolExecutor.java:1136)
	at java.base/java.util.concurrent.ThreadPoolExecutor$Worker.run(ThreadPoolExecutor.java:635)
	at java.base/java.lang.Thread.run(Thread.java:833)
... Removed 16 stack frames
</div> <!-- stack-trace -->
                  <em>
(fail test)                  </em>
                </div> <!-- method-content -->
              </div> <!-- method -->
            </div> <!-- main-panel-content rounded-window-bottom -->
          </div> <!-- suite-Suite-class-skipped -->
          <div class="suite-Suite-class-skipped">
            <div class="main-panel-header rounded-window-top">
              <img src="skipped.png"/>
              <span class="class-name">openCart.functionalTests.R1dot1_TS003_LogoutFunctionality</span>
            </div> <!-- main-panel-header rounded-window-top -->
            <div class="main-panel-content rounded-window-bottom">
              <div class="method">
                <div class="method-content">
                  <a name="r1dot1_TS003_TC003">
                  </a> <!-- r1dot1_TS003_TC003 -->
                  <span class="method-name">r1dot1_TS003_TC003</span>
                  <div class="stack-trace">org.openqa.selenium.NoSuchElementException: no such element: Unable to locate element: {&quot;method&quot;:&quot;xpath&quot;,&quot;selector&quot;:&quot;//ul[@class=&apos;dropdown-menu dropdown-menu-right&apos;]//a[text()=&apos;My Account&apos;]&quot;}
  (Session info: chrome=118.0.5993.118)
For documentation on this error, please visit: https://www.selenium.dev/documentation/webdriver/troubleshooting/errors#no-such-element-exception
Build info: version: &apos;4.13.0&apos;, revision: &apos;ba948ece5b*&apos;
System info: os.name: &apos;Windows 11&apos;, os.arch: &apos;amd64&apos;, os.version: &apos;10.0&apos;, java.version: &apos;17.0.7&apos;
Driver info: org.openqa.selenium.chrome.ChromeDriver
Command: [8559558b9101dea35852a29eabd02b82, findElement {using=xpath, value=//ul[@class=&apos;dropdown-menu dropdown-menu-right&apos;]//a[text()=&apos;My Account&apos;]}]
Capabilities {acceptInsecureCerts: true, browserName: chrome, browserVersion: 118.0.5993.118, chrome: {chromedriverVersion: 118.0.5993.70 (e52f33f30b91..., userDataDir: C:\Users\naimn\AppData\Loca...}, fedcm:accounts: true, goog:chromeOptions: {debuggerAddress: localhost:62146}, networkConnectionEnabled: false, pageLoadStrategy: normal, platformName: windows, proxy: Proxy(), se:cdp: ws://localhost:62146/devtoo..., se:cdpVersion: 118.0.5993.118, setWindowRect: true, strictFileInteractability: false, timeouts: {implicit: 0, pageLoad: 300000, script: 30000}, unhandledPromptBehavior: dismiss and notify, webauthn:extension:credBlob: true, webauthn:extension:largeBlob: true, webauthn:extension:minPinLength: true, webauthn:extension:prf: true, webauthn:virtualAuthenticators: true}
Session ID: 8559558b9101dea35852a29eabd02b82
	at org.openqa.selenium.remote.codec.w3c.W3CHttpResponseCodec.createException(W3CHttpResponseCodec.java:200)
	at org.openqa.selenium.remote.codec.w3c.W3CHttpResponseCodec.decode(W3CHttpResponseCodec.java:133)
	at org.openqa.selenium.remote.codec.w3c.W3CHttpResponseCodec.decode(W3CHttpResponseCodec.java:52)
	at org.openqa.selenium.remote.HttpCommandExecutor.execute(HttpCommandExecutor.java:191)
	at org.openqa.selenium.remote.service.DriverCommandExecutor.invokeExecute(DriverCommandExecutor.java:196)
	at org.openqa.selenium.remote.service.DriverCommandExecutor.execute(DriverCommandExecutor.java:171)
	at org.openqa.selenium.remote.RemoteWebDriver.execute(RemoteWebDriver.java:602)
	at org.openqa.selenium.remote.ElementLocation$ElementFinder$2.findElement(ElementLocation.java:165)
	at org.openqa.selenium.remote.ElementLocation.findElement(ElementLocation.java:59)
	at org.openqa.selenium.remote.RemoteWebDriver.findElement(RemoteWebDriver.java:359)
	at org.openqa.selenium.remote.RemoteWebDriver.findElement(RemoteWebDriver.java:353)
	at org.openqa.selenium.support.pagefactory.DefaultElementLocator.findElement(DefaultElementLocator.java:68)
	at org.openqa.selenium.support.pagefactory.internal.LocatingElementHandler.invoke(LocatingElementHandler.java:38)
	at jdk.proxy2/jdk.proxy2.$Proxy19.click(Unknown Source)
	at pageObjectsfactory.CommonElements.click_MyAccount(CommonElements.java:88)
	at openCart.functionalTests.R1dot1_TS003_LogoutFunctionality.r1dot1_TS003_TC003(R1dot1_TS003_LogoutFunctionality.java:73)
	at java.base/java.util.concurrent.ThreadPoolExecutor.runWorker(ThreadPoolExecutor.java:1136)
	at java.base/java.util.concurrent.ThreadPoolExecutor$Worker.run(ThreadPoolExecutor.java:635)
	at java.base/java.lang.Thread.run(Thread.java:833)
... Removed 17 stack frames
</div> <!-- stack-trace -->
                  <em>
(R1.1_TS003_TC003 Verify the Application session status, after logging and closing the Browser without logging out)                  </em>
                </div> <!-- method-content -->
              </div> <!-- method -->
              <div class="method">
                <div class="method-content">
                  <a name="r1dot1_TS003_TC003">
                  </a> <!-- r1dot1_TS003_TC003 -->
                  <span class="method-name">r1dot1_TS003_TC003</span>
                  <div class="stack-trace">org.openqa.selenium.NoSuchElementException: no such element: Unable to locate element: {&quot;method&quot;:&quot;xpath&quot;,&quot;selector&quot;:&quot;//ul[@class=&apos;dropdown-menu dropdown-menu-right&apos;]//a[text()=&apos;My Account&apos;]&quot;}
  (Session info: chrome=118.0.5993.118)
For documentation on this error, please visit: https://www.selenium.dev/documentation/webdriver/troubleshooting/errors#no-such-element-exception
Build info: version: &apos;4.13.0&apos;, revision: &apos;ba948ece5b*&apos;
System info: os.name: &apos;Windows 11&apos;, os.arch: &apos;amd64&apos;, os.version: &apos;10.0&apos;, java.version: &apos;17.0.7&apos;
Driver info: org.openqa.selenium.chrome.ChromeDriver
Command: [d99f678ec76bb7f3fa63394faa76909a, findElement {using=xpath, value=//ul[@class=&apos;dropdown-menu dropdown-menu-right&apos;]//a[text()=&apos;My Account&apos;]}]
Capabilities {acceptInsecureCerts: true, browserName: chrome, browserVersion: 118.0.5993.118, chrome: {chromedriverVersion: 118.0.5993.70 (e52f33f30b91..., userDataDir: C:\Users\naimn\AppData\Loca...}, fedcm:accounts: true, goog:chromeOptions: {debuggerAddress: localhost:61945}, networkConnectionEnabled: false, pageLoadStrategy: normal, platformName: windows, proxy: Proxy(), se:cdp: ws://localhost:61945/devtoo..., se:cdpVersion: 118.0.5993.118, setWindowRect: true, strictFileInteractability: false, timeouts: {implicit: 0, pageLoad: 300000, script: 30000}, unhandledPromptBehavior: dismiss and notify, webauthn:extension:credBlob: true, webauthn:extension:largeBlob: true, webauthn:extension:minPinLength: true, webauthn:extension:prf: true, webauthn:virtualAuthenticators: true}
Session ID: d99f678ec76bb7f3fa63394faa76909a
	at org.openqa.selenium.remote.codec.w3c.W3CHttpResponseCodec.createException(W3CHttpResponseCodec.java:200)
	at org.openqa.selenium.remote.codec.w3c.W3CHttpResponseCodec.decode(W3CHttpResponseCodec.java:133)
	at org.openqa.selenium.remote.codec.w3c.W3CHttpResponseCodec.decode(W3CHttpResponseCodec.java:52)
	at org.openqa.selenium.remote.HttpCommandExecutor.execute(HttpCommandExecutor.java:191)
	at org.openqa.selenium.remote.service.DriverCommandExecutor.invokeExecute(DriverCommandExecutor.java:196)
	at org.openqa.selenium.remote.service.DriverCommandExecutor.execute(DriverCommandExecutor.java:171)
	at org.openqa.selenium.remote.RemoteWebDriver.execute(RemoteWebDriver.java:602)
	at org.openqa.selenium.remote.ElementLocation$ElementFinder$2.findElement(ElementLocation.java:165)
	at org.openqa.selenium.remote.ElementLocation.findElement(ElementLocation.java:59)
	at org.openqa.selenium.remote.RemoteWebDriver.findElement(RemoteWebDriver.java:359)
	at org.openqa.selenium.remote.RemoteWebDriver.findElement(RemoteWebDriver.java:353)
	at org.openqa.selenium.support.pagefactory.DefaultElementLocator.findElement(DefaultElementLocator.java:68)
	at org.openqa.selenium.support.pagefactory.internal.LocatingElementHandler.invoke(LocatingElementHandler.java:38)
	at jdk.proxy2/jdk.proxy2.$Proxy19.click(Unknown Source)
	at pageObjectsfactory.CommonElements.click_MyAccount(CommonElements.java:88)
	at openCart.functionalTests.R1dot1_TS003_LogoutFunctionality.r1dot1_TS003_TC003(R1dot1_TS003_LogoutFunctionality.java:73)
	at java.base/java.util.concurrent.ThreadPoolExecutor.runWorker(ThreadPoolExecutor.java:1136)
	at java.base/java.util.concurrent.ThreadPoolExecutor$Worker.run(ThreadPoolExecutor.java:635)
	at java.base/java.lang.Thread.run(Thread.java:833)
... Removed 17 stack frames
</div> <!-- stack-trace -->
                  <em>
(R1.1_TS003_TC003 Verify the Application session status, after logging and closing the Browser without logging out)                  </em>
                </div> <!-- method-content -->
              </div> <!-- method -->
            </div> <!-- main-panel-content rounded-window-bottom -->
          </div> <!-- suite-Suite-class-skipped -->
          <div class="suite-Suite-class-passed">
            <div class="main-panel-header rounded-window-top">
              <img src="passed.png"/>
              <span class="class-name">openCart.functionalTests.R1dot3_TS012_CheckoutFunctionality</span>
            </div> <!-- main-panel-header rounded-window-top -->
            <div class="main-panel-content rounded-window-bottom">
              <div class="method">
                <div class="method-content">
                  <a name="R1dot3_TS012_TC001">
                  </a> <!-- R1dot3_TS012_TC001 -->
                  <span class="method-name">R1dot3_TS012_TC001</span>
                  <em>
(R1.3_TS012_TC001 As a user I shouldn't be able to  navigate to Checkout page when there is no product in the Shopping Cart)                  </em>
                </div> <!-- method-content -->
              </div> <!-- method -->
            </div> <!-- main-panel-content rounded-window-bottom -->
          </div> <!-- suite-Suite-class-passed -->
          <div class="suite-Suite-class-passed">
            <div class="main-panel-header rounded-window-top">
              <img src="passed.png"/>
              <span class="class-name">openCart.functionalTests.R1dot1_TS001_RegisterFunctionality</span>
            </div> <!-- main-panel-header rounded-window-top -->
            <div class="main-panel-content rounded-window-bottom">
              <div class="method">
                <div class="method-content">
                  <a name="r1dot1_TS001_TC001">
                  </a> <!-- r1dot1_TS001_TC001 -->
                  <span class="method-name">r1dot1_TS001_TC001</span>
                  <em>
(R1.1_TS001_TC001 As a user I should be able to Register an Account by providing only the Mandatory fields)                  </em>
                </div> <!-- method-content -->
              </div> <!-- method -->
              <div class="method">
                <div class="method-content">
                  <a name="r1dot1_TS001_TC003">
                  </a> <!-- r1dot1_TS001_TC003 -->
                  <span class="method-name">r1dot1_TS001_TC003</span>
                  <em>
(R1.1_TS001_TC003 Verify Registering an Account by providing all the fields)                  </em>
                </div> <!-- method-content -->
              </div> <!-- method -->
              <div class="method">
                <div class="method-content">
                  <a name="r1dot1_TS001_TC004">
                  </a> <!-- r1dot1_TS001_TC004 -->
                  <span class="method-name">r1dot1_TS001_TC004</span>
                  <em>
(R1.1_TS001_TC004 Verify proper error messages are displayed for the mandatory fields, when you don't provide any mandatory fields in the 'Register Account' page and submit)                  </em>
                </div> <!-- method-content -->
              </div> <!-- method -->
              <div class="method">
                <div class="method-content">
                  <a name="r1dot1_TS001_TC005">
                  </a> <!-- r1dot1_TS001_TC005 -->
                  <span class="method-name">r1dot1_TS001_TC005</span>
                  <em>
(R1.1_TS001_TC005 As an user I should be able to register an Account by providing only the Mandatory fields and 'Yes' option is selected for Newsletter field)                  </em>
                </div> <!-- method-content -->
              </div> <!-- method -->
              <div class="method">
                <div class="method-content">
                  <a name="r1dot1_TS001_TC006">
                  </a> <!-- r1dot1_TS001_TC006 -->
                  <span class="method-name">r1dot1_TS001_TC006</span>
                  <em>
(R1.1_TS001_TC006 As an user when I navigate to the registration page Newsletter field 'No' option should be pre-selected)                  </em>
                </div> <!-- method-content -->
              </div> <!-- method -->
              <div class="method">
                <div class="method-content">
                  <a name="r1dot1_TS001_TC028">
                  </a> <!-- r1dot1_TS001_TC028 -->
                  <span class="method-name">r1dot1_TS001_TC028</span>
                  <em>
(R1.1_TS001_TC028 Verify the application throws proper error message when user click continue button without selecting privacy and policy check box.)                  </em>
                </div> <!-- method-content -->
              </div> <!-- method -->
              <div class="method">
                <div class="method-content">
                  <a name="r1dot1_TS001_TC029">
                  </a> <!-- r1dot1_TS001_TC029 -->
                  <span class="method-name">r1dot1_TS001_TC029</span>
                  <em>
(R1.1_TS001_TC029 As an user when I navigate to the registration page NEWSLETTER subscribe "Yes" checkBox shouldnâ€™t be pre-selected.)                  </em>
                </div> <!-- method-content -->
              </div> <!-- method -->
            </div> <!-- main-panel-content rounded-window-bottom -->
          </div> <!-- suite-Suite-class-passed -->
          <div class="suite-Suite-class-passed">
            <div class="main-panel-header rounded-window-top">
              <img src="passed.png"/>
              <span class="class-name">openCart.functionalTests.R1dot2_TS006_ProductCompareFunctionality</span>
            </div> <!-- main-panel-header rounded-window-top -->
            <div class="main-panel-content rounded-window-bottom">
              <div class="method">
                <div class="method-content">
                  <a name="r1dot2_TS006_TC001">
                  </a> <!-- r1dot2_TS006_TC001 -->
                  <span class="method-name">r1dot2_TS006_TC001</span>
                  <em>
(R1.2_TS006_TC001 As an user I should be able to select products for comparison.)                  </em>
                </div> <!-- method-content -->
              </div> <!-- method -->
            </div> <!-- main-panel-content rounded-window-bottom -->
          </div> <!-- suite-Suite-class-passed -->
          <div class="suite-Suite-class-passed">
            <div class="main-panel-header rounded-window-top">
              <img src="passed.png"/>
              <span class="class-name">openCart.functionalTests.R1dot1_TS002_LoginFunctionality</span>
            </div> <!-- main-panel-header rounded-window-top -->
            <div class="main-panel-content rounded-window-bottom">
              <div class="method">
                <div class="method-content">
                  <a name="r1dot1_TS002_TC001">
                  </a> <!-- r1dot1_TS002_TC001 -->
                  <span class="method-name">r1dot1_TS002_TC001</span>
                  <em>
(R1.1_TS002_TC001 Verify logging into the Application using valid credentials)                  </em>
                </div> <!-- method-content -->
              </div> <!-- method -->
              <div class="method">
                <div class="method-content">
                  <a name="r1dot1_TS002_TC002">
                  </a> <!-- r1dot1_TS002_TC002 -->
                  <span class="method-name">r1dot1_TS002_TC002</span>
                  <em>
(R1.1_TS002_TC002 Verify logging into the Application using invalid credentials (i.e. Invalid email address and Invalid Password))                  </em>
                </div> <!-- method-content -->
              </div> <!-- method -->
              <div class="method">
                <div class="method-content">
                  <a name="r1dot1_TS002_TC003">
                  </a> <!-- r1dot1_TS002_TC003 -->
                  <span class="method-name">r1dot1_TS002_TC003</span>
                  <em>
(R1.1_TS002_TC003 Verify logging into the Application using invalid email address and valid Password)                  </em>
                </div> <!-- method-content -->
              </div> <!-- method -->
            </div> <!-- main-panel-content rounded-window-bottom -->
          </div> <!-- suite-Suite-class-passed -->
          <div class="suite-Suite-class-passed">
            <div class="main-panel-header rounded-window-top">
              <img src="passed.png"/>
              <span class="class-name">openCart.functionalTests.R1dot2_TS005_ProductSearchFunctionality</span>
            </div> <!-- main-panel-header rounded-window-top -->
            <div class="main-panel-content rounded-window-bottom">
              <div class="method">
                <div class="method-content">
                  <a name="R1dot2_TS005_TC024(iPhone)">
                  </a> <!-- R1dot2_TS005_TC024(iPhone) -->
                  <span class="method-name">R1dot2_TS005_TC024</span>
                  <span class="parameters">(iPhone)</span>
                  <em>
(R1.2_TS005_TC024 Verify user can select a product from featured product list from HomePage)                  </em>
                </div> <!-- method-content -->
              </div> <!-- method -->
              <div class="method">
                <div class="method-content">
                  <a name="R1dot2_TS005_TC024(Apple Cinema 30&quot;)">
                  </a> <!-- R1dot2_TS005_TC024(Apple Cinema 30") -->
                  <span class="method-name">R1dot2_TS005_TC024</span>
                  <span class="parameters">(Apple Cinema 30")</span>
                  <em>
(R1.2_TS005_TC024 Verify user can select a product from featured product list from HomePage)                  </em>
                </div> <!-- method-content -->
              </div> <!-- method -->
              <div class="method">
                <div class="method-content">
                  <a name="R1dot2_TS005_TC024(Canon EOS 5D)">
                  </a> <!-- R1dot2_TS005_TC024(Canon EOS 5D) -->
                  <span class="method-name">R1dot2_TS005_TC024</span>
                  <span class="parameters">(Canon EOS 5D)</span>
                  <em>
(R1.2_TS005_TC024 Verify user can select a product from featured product list from HomePage)                  </em>
                </div> <!-- method-content -->
              </div> <!-- method -->
              <div class="method">
                <div class="method-content">
                  <a name="R1dot2_TS005_TC024(MacBook)">
                  </a> <!-- R1dot2_TS005_TC024(MacBook) -->
                  <span class="method-name">R1dot2_TS005_TC024</span>
                  <span class="parameters">(MacBook)</span>
                  <em>
(R1.2_TS005_TC024 Verify user can select a product from featured product list from HomePage)                  </em>
                </div> <!-- method-content -->
              </div> <!-- method -->
              <div class="method">
                <div class="method-content">
                  <a name="r1dot2_TS005_TC001">
                  </a> <!-- r1dot2_TS005_TC001 -->
                  <span class="method-name">r1dot2_TS005_TC001</span>
                  <em>
(R1.2_TS005_TC001 As an user I should be able to search a product which is present in database.)                  </em>
                </div> <!-- method-content -->
              </div> <!-- method -->
            </div> <!-- main-panel-content rounded-window-bottom -->
          </div> <!-- suite-Suite-class-passed -->
          <div class="suite-Suite-class-passed">
            <div class="main-panel-header rounded-window-top">
              <img src="passed.png"/>
              <span class="class-name">openCart.functionalTests.R1dot1_TS003_LogoutFunctionality</span>
            </div> <!-- main-panel-header rounded-window-top -->
            <div class="main-panel-content rounded-window-bottom">
              <div class="method">
                <div class="method-content">
                  <a name="r1dot1_TS003_TC001">
                  </a> <!-- r1dot1_TS003_TC001 -->
                  <span class="method-name">r1dot1_TS003_TC001</span>
                  <em>
(R1.1_TS003_TC001 Verify Logging out by selecting Logout option from 'My Account' drop menu)                  </em>
                </div> <!-- method-content -->
              </div> <!-- method -->
              <div class="method">
                <div class="method-content">
                  <a name="r1dot1_TS003_TC002">
                  </a> <!-- r1dot1_TS003_TC002 -->
                  <span class="method-name">r1dot1_TS003_TC002</span>
                  <em>
(R1.1_TS003_TC002 Verify Logging out by selecting Logout option from 'Right Column' options)                  </em>
                </div> <!-- method-content -->
              </div> <!-- method -->
            </div> <!-- main-panel-content rounded-window-bottom -->
          </div> <!-- suite-Suite-class-passed -->
          <div class="suite-Suite-class-passed">
            <div class="main-panel-header rounded-window-top">
              <img src="passed.png"/>
              <span class="class-name">openCart.functionalTests.R1dot1_TS004_ForgottenPasswordFunctionality</span>
            </div> <!-- main-panel-header rounded-window-top -->
            <div class="main-panel-content rounded-window-bottom">
              <div class="method">
                <div class="method-content">
                  <a name="r1dot1_TS004_TC001">
                  </a> <!-- r1dot1_TS004_TC001 -->
                  <span class="method-name">r1dot1_TS004_TC001</span>
                  <em>
(R1.1_TS004_TC001 as a Registered user I should be able to reset my password by using "Forgotten Password" link in "Returning Customer" Login box)                  </em>
                </div> <!-- method-content -->
              </div> <!-- method -->
              <div class="method">
                <div class="method-content">
                  <a name="r1dot1_TS004_TC002">
                  </a> <!-- r1dot1_TS004_TC002 -->
                  <span class="method-name">r1dot1_TS004_TC002</span>
                  <em>
(R1.1_TS004_TC002 as a Registered user I should be able to reset my password by using "Forgotten Password" link in right column)                  </em>
                </div> <!-- method-content -->
              </div> <!-- method -->
            </div> <!-- main-panel-content rounded-window-bottom -->
          </div> <!-- suite-Suite-class-passed -->
        </div> <!-- panel Suite -->
        <div panel-name="test-xml-Suite" class="panel">
          <div class="main-panel-header rounded-window-top">
            <span class="header-content">C:\Users\naimn\DEV\IDE\eclipse\openCartFunctionalTest\draftTest.xml</span>
          </div> <!-- main-panel-header rounded-window-top -->
          <div class="main-panel-content rounded-window-bottom">
            <pre>
&lt;?xml version=&quot;1.0&quot; encoding=&quot;UTF-8&quot;?&gt;
&lt;!DOCTYPE suite SYSTEM &quot;https://testng.org/testng-1.0.dtd&quot;&gt;
&lt;suite name=&quot;Suite&quot; guice-stage=&quot;DEVELOPMENT&quot;&gt;
  &lt;listeners&gt;
    &lt;listener class-name=&quot;testListenersAndReporter.TestNGListeners&quot;/&gt;
    &lt;listener class-name=&quot;testListenersAndReporter.TestNGiTransformer&quot;/&gt;
  &lt;/listeners&gt;
  &lt;test thread-count=&quot;10&quot; parallel=&quot;classes&quot; name=&quot;Draft_Test&quot;&gt;
    &lt;classes&gt;
      &lt;class name=&quot;openCart.functionalTests.Dratf&quot;/&gt;
      &lt;class name=&quot;openCart.functionalTests.R1dot1_TS001_RegisterFunctionality&quot;/&gt;
      &lt;class name=&quot;openCart.functionalTests.R1dot1_TS002_LoginFunctionality&quot;/&gt;
      &lt;class name=&quot;openCart.functionalTests.R1dot1_TS003_LogoutFunctionality&quot;/&gt;
      &lt;class name=&quot;openCart.functionalTests.R1dot1_TS004_ForgottenPasswordFunctionality&quot;/&gt;
      &lt;class name=&quot;openCart.functionalTests.R1dot2_TS005_ProductSearchFunctionality&quot;/&gt;
      &lt;class name=&quot;openCart.functionalTests.R1dot2_TS006_ProductCompareFunctionality&quot;/&gt;
      &lt;class name=&quot;openCart.functionalTests.R1dot3_TS012_CheckoutFunctionality&quot;/&gt;
    &lt;/classes&gt;
  &lt;/test&gt; &lt;!-- Draft_Test --&gt;
&lt;/suite&gt; &lt;!-- Suite --&gt;
            </pre>
          </div> <!-- main-panel-content rounded-window-bottom -->
        </div> <!-- panel -->
        <div panel-name="testlist-Suite" class="panel">
          <div class="main-panel-header rounded-window-top">
            <span class="header-content">Tests for Suite</span>
          </div> <!-- main-panel-header rounded-window-top -->
          <div class="main-panel-content rounded-window-bottom">
            <ul>
              <li>
                <span class="test-name">Draft_Test (8 classes)</span>
              </li>
            </ul>
          </div> <!-- main-panel-content rounded-window-bottom -->
        </div> <!-- panel -->
        <div panel-name="group-Suite" class="panel">
          <div class="main-panel-header rounded-window-top">
            <span class="header-content">Groups for Suite</span>
          </div> <!-- main-panel-header rounded-window-top -->
          <div class="main-panel-content rounded-window-bottom">
            <div class="test-group">
              <span class="test-group-name">negative</span>
              <br/>
              <div class="method-in-group">
                <span class="method-in-group-name">R1dot3_TS012_TC001</span>
                <br/>
              </div> <!-- method-in-group -->
              <div class="method-in-group">
                <span class="method-in-group-name">r1dot1_TS001_TC004</span>
                <br/>
              </div> <!-- method-in-group -->
              <div class="method-in-group">
                <span class="method-in-group-name">r1dot1_TS001_TC006</span>
                <br/>
              </div> <!-- method-in-group -->
              <div class="method-in-group">
                <span class="method-in-group-name">r1dot1_TS001_TC028</span>
                <br/>
              </div> <!-- method-in-group -->
              <div class="method-in-group">
                <span class="method-in-group-name">r1dot1_TS001_TC029</span>
                <br/>
              </div> <!-- method-in-group -->
              <div class="method-in-group">
                <span class="method-in-group-name">r1dot1_TS002_TC002</span>
                <br/>
              </div> <!-- method-in-group -->
              <div class="method-in-group">
                <span class="method-in-group-name">r1dot1_TS002_TC003</span>
                <br/>
              </div> <!-- method-in-group -->
            </div> <!-- test-group -->
            <div class="test-group">
              <span class="test-group-name">possitive</span>
              <br/>
              <div class="method-in-group">
                <span class="method-in-group-name">R1dot2_TS005_TC024</span>
                <br/>
              </div> <!-- method-in-group -->
              <div class="method-in-group">
                <span class="method-in-group-name">r1dot1_TS001_TC001</span>
                <br/>
              </div> <!-- method-in-group -->
              <div class="method-in-group">
                <span class="method-in-group-name">r1dot1_TS001_TC003</span>
                <br/>
              </div> <!-- method-in-group -->
              <div class="method-in-group">
                <span class="method-in-group-name">r1dot1_TS001_TC005</span>
                <br/>
              </div> <!-- method-in-group -->
              <div class="method-in-group">
                <span class="method-in-group-name">r1dot1_TS002_TC001</span>
                <br/>
              </div> <!-- method-in-group -->
              <div class="method-in-group">
                <span class="method-in-group-name">r1dot1_TS003_TC001</span>
                <br/>
              </div> <!-- method-in-group -->
              <div class="method-in-group">
                <span class="method-in-group-name">r1dot1_TS003_TC002</span>
                <br/>
              </div> <!-- method-in-group -->
              <div class="method-in-group">
                <span class="method-in-group-name">r1dot1_TS003_TC003</span>
                <br/>
              </div> <!-- method-in-group -->
              <div class="method-in-group">
                <span class="method-in-group-name">r1dot1_TS004_TC001</span>
                <br/>
              </div> <!-- method-in-group -->
              <div class="method-in-group">
                <span class="method-in-group-name">r1dot1_TS004_TC002</span>
                <br/>
              </div> <!-- method-in-group -->
              <div class="method-in-group">
                <span class="method-in-group-name">r1dot2_TS005_TC001</span>
                <br/>
              </div> <!-- method-in-group -->
              <div class="method-in-group">
                <span class="method-in-group-name">r1dot2_TS006_TC001</span>
                <br/>
              </div> <!-- method-in-group -->
            </div> <!-- test-group -->
            <div class="test-group">
              <span class="test-group-name">smoke</span>
              <br/>
              <div class="method-in-group">
                <span class="method-in-group-name">R1dot2_TS005_TC024</span>
                <br/>
              </div> <!-- method-in-group -->
              <div class="method-in-group">
                <span class="method-in-group-name">r1dot1_TS001_TC001</span>
                <br/>
              </div> <!-- method-in-group -->
              <div class="method-in-group">
                <span class="method-in-group-name">r1dot1_TS001_TC003</span>
                <br/>
              </div> <!-- method-in-group -->
              <div class="method-in-group">
                <span class="method-in-group-name">r1dot1_TS001_TC004</span>
                <br/>
              </div> <!-- method-in-group -->
              <div class="method-in-group">
                <span class="method-in-group-name">r1dot1_TS001_TC005</span>
                <br/>
              </div> <!-- method-in-group -->
              <div class="method-in-group">
                <span class="method-in-group-name">r1dot1_TS001_TC006</span>
                <br/>
              </div> <!-- method-in-group -->
              <div class="method-in-group">
                <span class="method-in-group-name">r1dot1_TS001_TC028</span>
                <br/>
              </div> <!-- method-in-group -->
              <div class="method-in-group">
                <span class="method-in-group-name">r1dot1_TS001_TC029</span>
                <br/>
              </div> <!-- method-in-group -->
              <div class="method-in-group">
                <span class="method-in-group-name">r1dot1_TS002_TC001</span>
                <br/>
              </div> <!-- method-in-group -->
              <div class="method-in-group">
                <span class="method-in-group-name">r1dot1_TS002_TC002</span>
                <br/>
              </div> <!-- method-in-group -->
              <div class="method-in-group">
                <span class="method-in-group-name">r1dot1_TS002_TC003</span>
                <br/>
              </div> <!-- method-in-group -->
              <div class="method-in-group">
                <span class="method-in-group-name">r1dot1_TS003_TC001</span>
                <br/>
              </div> <!-- method-in-group -->
              <div class="method-in-group">
                <span class="method-in-group-name">r1dot1_TS003_TC002</span>
                <br/>
              </div> <!-- method-in-group -->
              <div class="method-in-group">
                <span class="method-in-group-name">r1dot1_TS003_TC003</span>
                <br/>
              </div> <!-- method-in-group -->
              <div class="method-in-group">
                <span class="method-in-group-name">r1dot1_TS004_TC001</span>
                <br/>
              </div> <!-- method-in-group -->
              <div class="method-in-group">
                <span class="method-in-group-name">r1dot1_TS004_TC002</span>
                <br/>
              </div> <!-- method-in-group -->
              <div class="method-in-group">
                <span class="method-in-group-name">r1dot2_TS005_TC001</span>
                <br/>
              </div> <!-- method-in-group -->
            </div> <!-- test-group -->
          </div> <!-- main-panel-content rounded-window-bottom -->
        </div> <!-- panel -->
        <div panel-name="times-Suite" class="panel">
          <div class="main-panel-header rounded-window-top">
            <span class="header-content">Times for Suite</span>
          </div> <!-- main-panel-header rounded-window-top -->
          <div class="main-panel-content rounded-window-bottom">
            <div class="times-div">
              <script type="text/javascript">
suiteTableInitFunctions.push('tableData_Suite');
function tableData_Suite() {
var data = new google.visualization.DataTable();
data.addColumn('number', 'Number');
data.addColumn('string', 'Method');
data.addColumn('string', 'Class');
data.addColumn('number', 'Time (ms)');
data.addRows(36);
data.setCell(0, 0, 0)
data.setCell(0, 1, 'r1dot2_TS006_TC001')
data.setCell(0, 2, 'openCart.functionalTests.R1dot2_TS006_ProductCompareFunctionality')
data.setCell(0, 3, 25037);
data.setCell(1, 0, 1)
data.setCell(1, 1, 'r1dot1_TS003_TC003')
data.setCell(1, 2, 'openCart.functionalTests.R1dot1_TS003_LogoutFunctionality')
data.setCell(1, 3, 19210);
data.setCell(2, 0, 2)
data.setCell(2, 1, 'r1dot1_TS003_TC003')
data.setCell(2, 2, 'openCart.functionalTests.R1dot1_TS003_LogoutFunctionality')
data.setCell(2, 3, 19153);
data.setCell(3, 0, 3)
data.setCell(3, 1, 'r1dot1_TS003_TC003')
data.setCell(3, 2, 'openCart.functionalTests.R1dot1_TS003_LogoutFunctionality')
data.setCell(3, 3, 18071);
data.setCell(4, 0, 4)
data.setCell(4, 1, 'r1dot1_TS001_TC001')
data.setCell(4, 2, 'openCart.functionalTests.R1dot1_TS001_RegisterFunctionality')
data.setCell(4, 3, 10189);
data.setCell(5, 0, 5)
data.setCell(5, 1, 'r1dot1_TS001_TC003')
data.setCell(5, 2, 'openCart.functionalTests.R1dot1_TS001_RegisterFunctionality')
data.setCell(5, 3, 9804);
data.setCell(6, 0, 6)
data.setCell(6, 1, 'r1dot1_TS004_TC001')
data.setCell(6, 2, 'openCart.functionalTests.R1dot1_TS004_ForgottenPasswordFunctionality')
data.setCell(6, 3, 8100);
data.setCell(7, 0, 7)
data.setCell(7, 1, 'r1dot1_TS003_TC001')
data.setCell(7, 2, 'openCart.functionalTests.R1dot1_TS003_LogoutFunctionality')
data.setCell(7, 3, 7803);
data.setCell(8, 0, 8)
data.setCell(8, 1, 'r1dot1_TS003_TC002')
data.setCell(8, 2, 'openCart.functionalTests.R1dot1_TS003_LogoutFunctionality')
data.setCell(8, 3, 7711);
data.setCell(9, 0, 9)
data.setCell(9, 1, 'r1dot1_TS004_TC002')
data.setCell(9, 2, 'openCart.functionalTests.R1dot1_TS004_ForgottenPasswordFunctionality')
data.setCell(9, 3, 7198);
data.setCell(10, 0, 10)
data.setCell(10, 1, 'r1dot2_TS005_TC001')
data.setCell(10, 2, 'openCart.functionalTests.R1dot2_TS005_ProductSearchFunctionality')
data.setCell(10, 3, 7064);
data.setCell(11, 0, 11)
data.setCell(11, 1, 'R1dot2_TS005_TC024')
data.setCell(11, 2, 'openCart.functionalTests.R1dot2_TS005_ProductSearchFunctionality')
data.setCell(11, 3, 7029);
data.setCell(12, 0, 12)
data.setCell(12, 1, 'R1dot2_TS005_TC024')
data.setCell(12, 2, 'openCart.functionalTests.R1dot2_TS005_ProductSearchFunctionality')
data.setCell(12, 3, 6302);
data.setCell(13, 0, 13)
data.setCell(13, 1, 'r1dot1_TS001_TC005')
data.setCell(13, 2, 'openCart.functionalTests.R1dot1_TS001_RegisterFunctionality')
data.setCell(13, 3, 5387);
data.setCell(14, 0, 14)
data.setCell(14, 1, 'r1dot1_TS002_TC002')
data.setCell(14, 2, 'openCart.functionalTests.R1dot1_TS002_LoginFunctionality')
data.setCell(14, 3, 4907);
data.setCell(15, 0, 15)
data.setCell(15, 1, 'r1dot1_TS002_TC001')
data.setCell(15, 2, 'openCart.functionalTests.R1dot1_TS002_LoginFunctionality')
data.setCell(15, 3, 4151);
data.setCell(16, 0, 16)
data.setCell(16, 1, 'r1dot1_TS001_TC004')
data.setCell(16, 2, 'openCart.functionalTests.R1dot1_TS001_RegisterFunctionality')
data.setCell(16, 3, 4001);
data.setCell(17, 0, 17)
data.setCell(17, 1, 'R1dot2_TS005_TC024')
data.setCell(17, 2, 'openCart.functionalTests.R1dot2_TS005_ProductSearchFunctionality')
data.setCell(17, 3, 3200);
data.setCell(18, 0, 18)
data.setCell(18, 1, 'R1dot2_TS005_TC024')
data.setCell(18, 2, 'openCart.functionalTests.R1dot2_TS005_ProductSearchFunctionality')
data.setCell(18, 3, 3160);
data.setCell(19, 0, 19)
data.setCell(19, 1, 'r1dot1_TS002_TC003')
data.setCell(19, 2, 'openCart.functionalTests.R1dot1_TS002_LoginFunctionality')
data.setCell(19, 3, 3069);
data.setCell(20, 0, 20)
data.setCell(20, 1, 'r1dot1_TS001_TC028')
data.setCell(20, 2, 'openCart.functionalTests.R1dot1_TS001_RegisterFunctionality')
data.setCell(20, 3, 2891);
data.setCell(21, 0, 21)
data.setCell(21, 1, 'r1dot1_TS001_TC029')
data.setCell(21, 2, 'openCart.functionalTests.R1dot1_TS001_RegisterFunctionality')
data.setCell(21, 3, 1991);
data.setCell(22, 0, 22)
data.setCell(22, 1, 'r1dot1_TS001_TC006')
data.setCell(22, 2, 'openCart.functionalTests.R1dot1_TS001_RegisterFunctionality')
data.setCell(22, 3, 1702);
data.setCell(23, 0, 23)
data.setCell(23, 1, 'R1dot3_TS012_TC001')
data.setCell(23, 2, 'openCart.functionalTests.R1dot3_TS012_CheckoutFunctionality')
data.setCell(23, 3, 1069);
data.setCell(24, 0, 24)
data.setCell(24, 1, 'draft')
data.setCell(24, 2, 'openCart.functionalTests.Dratf')
data.setCell(24, 3, 49);
data.setCell(25, 0, 25)
data.setCell(25, 1, 'draft1')
data.setCell(25, 2, 'openCart.functionalTests.Dratf')
data.setCell(25, 3, 5);
data.setCell(26, 0, 26)
data.setCell(26, 1, 'draft2')
data.setCell(26, 2, 'openCart.functionalTests.Dratf')
data.setCell(26, 3, 2);
data.setCell(27, 0, 27)
data.setCell(27, 1, 'draft')
data.setCell(27, 2, 'openCart.functionalTests.Dratf')
data.setCell(27, 3, 2);
data.setCell(28, 0, 28)
data.setCell(28, 1, 'draft1')
data.setCell(28, 2, 'openCart.functionalTests.Dratf')
data.setCell(28, 3, 2);
data.setCell(29, 0, 29)
data.setCell(29, 1, 'draft1')
data.setCell(29, 2, 'openCart.functionalTests.Dratf')
data.setCell(29, 3, 1);
data.setCell(30, 0, 30)
data.setCell(30, 1, 'draft')
data.setCell(30, 2, 'openCart.functionalTests.Dratf')
data.setCell(30, 3, 1);
data.setCell(31, 0, 31)
data.setCell(31, 1, 'draft3')
data.setCell(31, 2, 'openCart.functionalTests.Dratf')
data.setCell(31, 3, 1);
data.setCell(32, 0, 32)
data.setCell(32, 1, 'draft3')
data.setCell(32, 2, 'openCart.functionalTests.Dratf')
data.setCell(32, 3, 1);
data.setCell(33, 0, 33)
data.setCell(33, 1, 'draft3')
data.setCell(33, 2, 'openCart.functionalTests.Dratf')
data.setCell(33, 3, 1);
data.setCell(34, 0, 34)
data.setCell(34, 1, 'draft2')
data.setCell(34, 2, 'openCart.functionalTests.Dratf')
data.setCell(34, 3, 1);
data.setCell(35, 0, 35)
data.setCell(35, 1, 'draft2')
data.setCell(35, 2, 'openCart.functionalTests.Dratf')
data.setCell(35, 3, 0);
window.suiteTableData['Suite']= { tableData: data, tableDiv: 'times-div-Suite'}
return data;
}
              </script>
              <span class="suite-total-time">Total running time: 3 minutes</span>
              <div id="times-div-Suite">
              </div> <!-- times-div-Suite -->
            </div> <!-- times-div -->
          </div> <!-- main-panel-content rounded-window-bottom -->
        </div> <!-- panel -->
        <div panel-name="reporter-Suite" class="panel">
          <div class="main-panel-header rounded-window-top">
            <span class="header-content">Reporter output for Suite</span>
          </div> <!-- main-panel-header rounded-window-top -->
          <div class="main-panel-content rounded-window-bottom">
          </div> <!-- main-panel-content rounded-window-bottom -->
        </div> <!-- panel -->
        <div panel-name="ignored-methods-Suite" class="panel">
          <div class="main-panel-header rounded-window-top">
            <span class="header-content">0 ignored methods</span>
          </div> <!-- main-panel-header rounded-window-top -->
          <div class="main-panel-content rounded-window-bottom">
          </div> <!-- main-panel-content rounded-window-bottom -->
        </div> <!-- panel -->
        <div panel-name="chronological-Suite" class="panel">
          <div class="main-panel-header rounded-window-top">
            <span class="header-content">Methods in chronological order</span>
          </div> <!-- main-panel-header rounded-window-top -->
          <div class="main-panel-content rounded-window-bottom">
            <div class="chronological-class">
              <div class="chronological-class-name">openCart.functionalTests.Dratf</div> <!-- chronological-class-name -->
              <div class="configuration-method before">
                <span class="method-name">launchBrowser</span>
                <span class="method-start">0 ms</span>
              </div> <!-- configuration-method before -->
            </div> <!-- chronological-class -->
            <div class="chronological-class">
              <div class="chronological-class-name">openCart.functionalTests.R1dot1_TS004_ForgottenPasswordFunctionality</div> <!-- chronological-class-name -->
              <div class="configuration-method before">
                <span class="method-name">launchBrowser</span>
                <span class="method-start">4 ms</span>
              </div> <!-- configuration-method before -->
            </div> <!-- chronological-class -->
            <div class="chronological-class">
              <div class="chronological-class-name">openCart.functionalTests.R1dot2_TS006_ProductCompareFunctionality</div> <!-- chronological-class-name -->
              <div class="configuration-method before">
                <span class="method-name">launchBrowser</span>
                <span class="method-start">4 ms</span>
              </div> <!-- configuration-method before -->
            </div> <!-- chronological-class -->
            <div class="chronological-class">
              <div class="chronological-class-name">openCart.functionalTests.R1dot2_TS005_ProductSearchFunctionality</div> <!-- chronological-class-name -->
              <div class="configuration-method before">
                <span class="method-name">launchBrowser</span>
                <span class="method-start">4 ms</span>
              </div> <!-- configuration-method before -->
            </div> <!-- chronological-class -->
            <div class="chronological-class">
              <div class="chronological-class-name">openCart.functionalTests.R1dot1_TS003_LogoutFunctionality</div> <!-- chronological-class-name -->
              <div class="configuration-method before">
                <span class="method-name">launchBrowser</span>
                <span class="method-start">5 ms</span>
              </div> <!-- configuration-method before -->
            </div> <!-- chronological-class -->
            <div class="chronological-class">
              <div class="chronological-class-name">openCart.functionalTests.R1dot3_TS012_CheckoutFunctionality</div> <!-- chronological-class-name -->
              <div class="configuration-method before">
                <span class="method-name">launchBrowser</span>
                <span class="method-start">5 ms</span>
              </div> <!-- configuration-method before -->
            </div> <!-- chronological-class -->
            <div class="chronological-class">
              <div class="chronological-class-name">openCart.functionalTests.R1dot1_TS002_LoginFunctionality</div> <!-- chronological-class-name -->
              <div class="configuration-method before">
                <span class="method-name">launchBrowser</span>
                <span class="method-start">5 ms</span>
              </div> <!-- configuration-method before -->
            </div> <!-- chronological-class -->
            <div class="chronological-class">
              <div class="chronological-class-name">openCart.functionalTests.R1dot1_TS001_RegisterFunctionality</div> <!-- chronological-class-name -->
              <div class="configuration-method before">
                <span class="method-name">launchBrowser</span>
                <span class="method-start">5 ms</span>
              </div> <!-- configuration-method before -->
            </div> <!-- chronological-class -->
            <div class="chronological-class">
              <div class="chronological-class-name">openCart.functionalTests.R1dot1_TS004_ForgottenPasswordFunctionality</div> <!-- chronological-class-name -->
              <div class="test-method">
                <span class="method-name">r1dot1_TS004_TC001</span>
                <span class="method-start">9691 ms</span>
              </div> <!-- test-method -->
            </div> <!-- chronological-class -->
            <div class="chronological-class">
              <div class="chronological-class-name">openCart.functionalTests.Dratf</div> <!-- chronological-class-name -->
              <div class="test-method">
                <span class="method-name">draft</span>
                <span class="method-start">9844 ms</span>
              </div> <!-- test-method -->
              <div class="configuration-method after">
                <span class="method-name">closeBrowser</span>
                <span class="method-start">9955 ms</span>
              </div> <!-- configuration-method after -->
            </div> <!-- chronological-class -->
            <div class="chronological-class">
              <div class="chronological-class-name">openCart.functionalTests.R1dot1_TS001_RegisterFunctionality</div> <!-- chronological-class-name -->
              <div class="test-method">
                <span class="method-name">r1dot1_TS001_TC001</span>
                <span class="method-start">10188 ms</span>
              </div> <!-- test-method -->
            </div> <!-- chronological-class -->
            <div class="chronological-class">
              <div class="chronological-class-name">openCart.functionalTests.R1dot2_TS005_ProductSearchFunctionality</div> <!-- chronological-class-name -->
              <div class="test-method">
                <span class="method-name">r1dot2_TS005_TC001</span>
                <span class="method-start">10617 ms</span>
              </div> <!-- test-method -->
            </div> <!-- chronological-class -->
            <div class="chronological-class">
              <div class="chronological-class-name">openCart.functionalTests.R1dot3_TS012_CheckoutFunctionality</div> <!-- chronological-class-name -->
              <div class="test-method">
                <span class="method-name">R1dot3_TS012_TC001</span>
                <span class="method-start">12633 ms</span>
              </div> <!-- test-method -->
            </div> <!-- chronological-class -->
            <div class="chronological-class">
              <div class="chronological-class-name">openCart.functionalTests.R1dot1_TS002_LoginFunctionality</div> <!-- chronological-class-name -->
              <div class="test-method">
                <span class="method-name">r1dot1_TS002_TC001</span>
                <span class="method-start">12707 ms</span>
              </div> <!-- test-method -->
            </div> <!-- chronological-class -->
            <div class="chronological-class">
              <div class="chronological-class-name">openCart.functionalTests.R1dot2_TS006_ProductCompareFunctionality</div> <!-- chronological-class-name -->
              <div class="test-method">
                <span class="method-name">r1dot2_TS006_TC001</span>
                <span class="method-start">12761 ms</span>
              </div> <!-- test-method -->
            </div> <!-- chronological-class -->
            <div class="chronological-class">
              <div class="chronological-class-name">openCart.functionalTests.R1dot3_TS012_CheckoutFunctionality</div> <!-- chronological-class-name -->
              <div class="configuration-method after">
                <span class="method-name">closeBrowser</span>
                <span class="method-start">13711 ms</span>
              </div> <!-- configuration-method after -->
            </div> <!-- chronological-class -->
            <div class="chronological-class">
              <div class="chronological-class-name">openCart.functionalTests.R1dot1_TS003_LogoutFunctionality</div> <!-- chronological-class-name -->
              <div class="test-method">
                <span class="method-name">r1dot1_TS003_TC001</span>
                <span class="method-start">15260 ms</span>
              </div> <!-- test-method -->
            </div> <!-- chronological-class -->
            <div class="chronological-class">
              <div class="chronological-class-name">openCart.functionalTests.R1dot1_TS002_LoginFunctionality</div> <!-- chronological-class-name -->
              <div class="configuration-method after">
                <span class="method-name">closeBrowser</span>
                <span class="method-start">16880 ms</span>
              </div> <!-- configuration-method after -->
            </div> <!-- chronological-class -->
            <div class="chronological-class">
              <div class="chronological-class-name">openCart.functionalTests.R1dot2_TS005_ProductSearchFunctionality</div> <!-- chronological-class-name -->
              <div class="configuration-method after">
                <span class="method-name">closeBrowser</span>
                <span class="method-start">17684 ms</span>
              </div> <!-- configuration-method after -->
            </div> <!-- chronological-class -->
            <div class="chronological-class">
              <div class="chronological-class-name">openCart.functionalTests.R1dot1_TS004_ForgottenPasswordFunctionality</div> <!-- chronological-class-name -->
              <div class="configuration-method after">
                <span class="method-name">closeBrowser</span>
                <span class="method-start">17798 ms</span>
              </div> <!-- configuration-method after -->
            </div> <!-- chronological-class -->
            <div class="chronological-class">
              <div class="chronological-class-name">openCart.functionalTests.Dratf</div> <!-- chronological-class-name -->
              <div class="configuration-method before">
                <span class="method-name">launchBrowser</span>
                <span class="method-start">18086 ms</span>
              </div> <!-- configuration-method before -->
            </div> <!-- chronological-class -->
            <div class="chronological-class">
              <div class="chronological-class-name">openCart.functionalTests.R1dot2_TS005_ProductSearchFunctionality</div> <!-- chronological-class-name -->
              <div class="configuration-method before">
                <span class="method-name">launchBrowser</span>
                <span class="method-start">18324 ms</span>
              </div> <!-- configuration-method before -->
            </div> <!-- chronological-class -->
            <div class="chronological-class">
              <div class="chronological-class-name">openCart.functionalTests.R1dot1_TS004_ForgottenPasswordFunctionality</div> <!-- chronological-class-name -->
              <div class="configuration-method before">
                <span class="method-name">launchBrowser</span>
                <span class="method-start">18653 ms</span>
              </div> <!-- configuration-method before -->
            </div> <!-- chronological-class -->
            <div class="chronological-class">
              <div class="chronological-class-name">openCart.functionalTests.R1dot1_TS002_LoginFunctionality</div> <!-- chronological-class-name -->
              <div class="configuration-method before">
                <span class="method-name">launchBrowser</span>
                <span class="method-start">18849 ms</span>
              </div> <!-- configuration-method before -->
            </div> <!-- chronological-class -->
            <div class="chronological-class">
              <div class="chronological-class-name">openCart.functionalTests.R1dot1_TS001_RegisterFunctionality</div> <!-- chronological-class-name -->
              <div class="configuration-method after">
                <span class="method-name">closeBrowser</span>
                <span class="method-start">20377 ms</span>
              </div> <!-- configuration-method after -->
            </div> <!-- chronological-class -->
            <div class="chronological-class">
              <div class="chronological-class-name">openCart.functionalTests.R1dot2_TS005_ProductSearchFunctionality</div> <!-- chronological-class-name -->
              <div class="test-method">
                <span class="method-name">R1dot2_TS005_TC024(MacBook)</span>
                <span class="method-start">22525 ms</span>
              </div> <!-- test-method -->
            </div> <!-- chronological-class -->
            <div class="chronological-class">
              <div class="chronological-class-name">openCart.functionalTests.R1dot1_TS003_LogoutFunctionality</div> <!-- chronological-class-name -->
              <div class="configuration-method after">
                <span class="method-name">closeBrowser</span>
                <span class="method-start">23066 ms</span>
              </div> <!-- configuration-method after -->
            </div> <!-- chronological-class -->
            <div class="chronological-class">
              <div class="chronological-class-name">openCart.functionalTests.R1dot1_TS001_RegisterFunctionality</div> <!-- chronological-class-name -->
              <div class="configuration-method before">
                <span class="method-name">launchBrowser</span>
                <span class="method-start">23839 ms</span>
              </div> <!-- configuration-method before -->
            </div> <!-- chronological-class -->
            <div class="chronological-class">
              <div class="chronological-class-name">openCart.functionalTests.Dratf</div> <!-- chronological-class-name -->
              <div class="test-method">
                <span class="method-name">draft</span>
                <span class="method-start">23932 ms</span>
              </div> <!-- test-method -->
              <div class="configuration-method after">
                <span class="method-name">closeBrowser</span>
                <span class="method-start">23942 ms</span>
              </div> <!-- configuration-method after -->
              <div class="configuration-method before">
                <span class="method-name">launchBrowser</span>
                <span class="method-start">24330 ms</span>
              </div> <!-- configuration-method before -->
            </div> <!-- chronological-class -->
            <div class="chronological-class">
              <div class="chronological-class-name">openCart.functionalTests.R1dot1_TS003_LogoutFunctionality</div> <!-- chronological-class-name -->
              <div class="configuration-method before">
                <span class="method-name">launchBrowser</span>
                <span class="method-start">24344 ms</span>
              </div> <!-- configuration-method before -->
            </div> <!-- chronological-class -->
            <div class="chronological-class">
              <div class="chronological-class-name">openCart.functionalTests.R1dot1_TS004_ForgottenPasswordFunctionality</div> <!-- chronological-class-name -->
              <div class="test-method">
                <span class="method-name">r1dot1_TS004_TC002</span>
                <span class="method-start">25663 ms</span>
              </div> <!-- test-method -->
            </div> <!-- chronological-class -->
            <div class="chronological-class">
              <div class="chronological-class-name">openCart.functionalTests.R1dot1_TS002_LoginFunctionality</div> <!-- chronological-class-name -->
              <div class="test-method">
                <span class="method-name">r1dot1_TS002_TC002</span>
                <span class="method-start">26847 ms</span>
              </div> <!-- test-method -->
            </div> <!-- chronological-class -->
            <div class="chronological-class">
              <div class="chronological-class-name">openCart.functionalTests.R1dot2_TS005_ProductSearchFunctionality</div> <!-- chronological-class-name -->
              <div class="configuration-method after">
                <span class="method-name">closeBrowser</span>
                <span class="method-start">29564 ms</span>
              </div> <!-- configuration-method after -->
            </div> <!-- chronological-class -->
            <div class="chronological-class">
              <div class="chronological-class-name">openCart.functionalTests.R1dot1_TS003_LogoutFunctionality</div> <!-- chronological-class-name -->
              <div class="test-method">
                <span class="method-name">r1dot1_TS003_TC002</span>
                <span class="method-start">29581 ms</span>
              </div> <!-- test-method -->
            </div> <!-- chronological-class -->
            <div class="chronological-class">
              <div class="chronological-class-name">openCart.functionalTests.R1dot1_TS001_RegisterFunctionality</div> <!-- chronological-class-name -->
              <div class="test-method">
                <span class="method-name">r1dot1_TS001_TC003</span>
                <span class="method-start">29869 ms</span>
              </div> <!-- test-method -->
            </div> <!-- chronological-class -->
            <div class="chronological-class">
              <div class="chronological-class-name">openCart.functionalTests.R1dot2_TS005_ProductSearchFunctionality</div> <!-- chronological-class-name -->
              <div class="configuration-method before">
                <span class="method-name">launchBrowser</span>
                <span class="method-start">30194 ms</span>
              </div> <!-- configuration-method before -->
            </div> <!-- chronological-class -->
            <div class="chronological-class">
              <div class="chronological-class-name">openCart.functionalTests.Dratf</div> <!-- chronological-class-name -->
              <div class="test-method">
                <img src="failed.png">
                </img>
                <span class="method-name">draft</span>
                <span class="method-start">31498 ms</span>
              </div> <!-- test-method -->
            </div> <!-- chronological-class -->
            <div class="chronological-class">
              <div class="chronological-class-name">openCart.functionalTests.R1dot1_TS002_LoginFunctionality</div> <!-- chronological-class-name -->
              <div class="configuration-method after">
                <span class="method-name">closeBrowser</span>
                <span class="method-start">31755 ms</span>
              </div> <!-- configuration-method after -->
            </div> <!-- chronological-class -->
            <div class="chronological-class">
              <div class="chronological-class-name">openCart.functionalTests.Dratf</div> <!-- chronological-class-name -->
              <div class="configuration-method after">
                <span class="method-name">closeBrowser</span>
                <span class="method-start">32029 ms</span>
              </div> <!-- configuration-method after -->
            </div> <!-- chronological-class -->
            <div class="chronological-class">
              <div class="chronological-class-name">openCart.functionalTests.R1dot1_TS004_ForgottenPasswordFunctionality</div> <!-- chronological-class-name -->
              <div class="configuration-method after">
                <span class="method-name">closeBrowser</span>
                <span class="method-start">32865 ms</span>
              </div> <!-- configuration-method after -->
            </div> <!-- chronological-class -->
            <div class="chronological-class">
              <div class="chronological-class-name">openCart.functionalTests.R1dot1_TS002_LoginFunctionality</div> <!-- chronological-class-name -->
              <div class="configuration-method before">
                <span class="method-name">launchBrowser</span>
                <span class="method-start">33035 ms</span>
              </div> <!-- configuration-method before -->
            </div> <!-- chronological-class -->
            <div class="chronological-class">
              <div class="chronological-class-name">openCart.functionalTests.Dratf</div> <!-- chronological-class-name -->
              <div class="configuration-method before">
                <span class="method-name">launchBrowser</span>
                <span class="method-start">34242 ms</span>
              </div> <!-- configuration-method before -->
            </div> <!-- chronological-class -->
            <div class="chronological-class">
              <div class="chronological-class-name">openCart.functionalTests.R1dot2_TS005_ProductSearchFunctionality</div> <!-- chronological-class-name -->
              <div class="test-method">
                <span class="method-name">R1dot2_TS005_TC024(iPhone)</span>
                <span class="method-start">35568 ms</span>
              </div> <!-- test-method -->
            </div> <!-- chronological-class -->
            <div class="chronological-class">
              <div class="chronological-class-name">openCart.functionalTests.R1dot1_TS003_LogoutFunctionality</div> <!-- chronological-class-name -->
              <div class="configuration-method after">
                <span class="method-name">closeBrowser</span>
                <span class="method-start">37294 ms</span>
              </div> <!-- configuration-method after -->
            </div> <!-- chronological-class -->
            <div class="chronological-class">
              <div class="chronological-class-name">openCart.functionalTests.R1dot2_TS006_ProductCompareFunctionality</div> <!-- chronological-class-name -->
              <div class="configuration-method after">
                <span class="method-name">closeBrowser</span>
                <span class="method-start">37802 ms</span>
              </div> <!-- configuration-method after -->
            </div> <!-- chronological-class -->
            <div class="chronological-class">
              <div class="chronological-class-name">openCart.functionalTests.R1dot1_TS003_LogoutFunctionality</div> <!-- chronological-class-name -->
              <div class="configuration-method before">
                <span class="method-name">launchBrowser</span>
                <span class="method-start">39272 ms</span>
              </div> <!-- configuration-method before -->
            </div> <!-- chronological-class -->
            <div class="chronological-class">
              <div class="chronological-class-name">openCart.functionalTests.R1dot1_TS001_RegisterFunctionality</div> <!-- chronological-class-name -->
              <div class="configuration-method after">
                <span class="method-name">closeBrowser</span>
                <span class="method-start">39680 ms</span>
              </div> <!-- configuration-method after -->
            </div> <!-- chronological-class -->
            <div class="chronological-class">
              <div class="chronological-class-name">openCart.functionalTests.R1dot1_TS002_LoginFunctionality</div> <!-- chronological-class-name -->
              <div class="test-method">
                <span class="method-name">r1dot1_TS002_TC003</span>
                <span class="method-start">39826 ms</span>
              </div> <!-- test-method -->
            </div> <!-- chronological-class -->
            <div class="chronological-class">
              <div class="chronological-class-name">openCart.functionalTests.R1dot1_TS001_RegisterFunctionality</div> <!-- chronological-class-name -->
              <div class="configuration-method before">
                <span class="method-name">launchBrowser</span>
                <span class="method-start">40243 ms</span>
              </div> <!-- configuration-method before -->
            </div> <!-- chronological-class -->
            <div class="chronological-class">
              <div class="chronological-class-name">openCart.functionalTests.R1dot2_TS005_ProductSearchFunctionality</div> <!-- chronological-class-name -->
              <div class="configuration-method after">
                <span class="method-name">closeBrowser</span>
                <span class="method-start">41872 ms</span>
              </div> <!-- configuration-method after -->
              <div class="configuration-method before">
                <span class="method-name">launchBrowser</span>
                <span class="method-start">42735 ms</span>
              </div> <!-- configuration-method before -->
            </div> <!-- chronological-class -->
            <div class="chronological-class">
              <div class="chronological-class-name">openCart.functionalTests.R1dot1_TS002_LoginFunctionality</div> <!-- chronological-class-name -->
              <div class="configuration-method after">
                <span class="method-name">closeBrowser</span>
                <span class="method-start">42897 ms</span>
              </div> <!-- configuration-method after -->
            </div> <!-- chronological-class -->
            <div class="chronological-class">
              <div class="chronological-class-name">openCart.functionalTests.Dratf</div> <!-- chronological-class-name -->
              <div class="test-method">
                <span class="method-name">draft1</span>
                <span class="method-start">43015 ms</span>
              </div> <!-- test-method -->
              <div class="configuration-method after">
                <span class="method-name">closeBrowser</span>
                <span class="method-start">43024 ms</span>
              </div> <!-- configuration-method after -->
              <div class="configuration-method before">
                <span class="method-name">launchBrowser</span>
                <span class="method-start">43513 ms</span>
              </div> <!-- configuration-method before -->
            </div> <!-- chronological-class -->
            <div class="chronological-class">
              <div class="chronological-class-name">openCart.functionalTests.R1dot1_TS001_RegisterFunctionality</div> <!-- chronological-class-name -->
              <div class="test-method">
                <span class="method-name">r1dot1_TS001_TC004</span>
                <span class="method-start">44851 ms</span>
              </div> <!-- test-method -->
            </div> <!-- chronological-class -->
            <div class="chronological-class">
              <div class="chronological-class-name">openCart.functionalTests.R1dot1_TS003_LogoutFunctionality</div> <!-- chronological-class-name -->
              <div class="test-method">
                <span class="method-name">r1dot1_TS003_TC003</span>
                <span class="method-start">45583 ms</span>
              </div> <!-- test-method -->
            </div> <!-- chronological-class -->
            <div class="chronological-class">
              <div class="chronological-class-name">openCart.functionalTests.R1dot2_TS005_ProductSearchFunctionality</div> <!-- chronological-class-name -->
              <div class="test-method">
                <span class="method-name">R1dot2_TS005_TC024(Apple Cinema 30")</span>
                <span class="method-start">48385 ms</span>
              </div> <!-- test-method -->
            </div> <!-- chronological-class -->
            <div class="chronological-class">
              <div class="chronological-class-name">openCart.functionalTests.R1dot1_TS001_RegisterFunctionality</div> <!-- chronological-class-name -->
              <div class="configuration-method after">
                <span class="method-name">closeBrowser</span>
                <span class="method-start">48855 ms</span>
              </div> <!-- configuration-method after -->
              <div class="configuration-method before">
                <span class="method-name">launchBrowser</span>
                <span class="method-start">49397 ms</span>
              </div> <!-- configuration-method before -->
            </div> <!-- chronological-class -->
            <div class="chronological-class">
              <div class="chronological-class-name">openCart.functionalTests.Dratf</div> <!-- chronological-class-name -->
              <div class="test-method">
                <span class="method-name">draft1</span>
                <span class="method-start">49507 ms</span>
              </div> <!-- test-method -->
              <div class="configuration-method after">
                <span class="method-name">closeBrowser</span>
                <span class="method-start">49511 ms</span>
              </div> <!-- configuration-method after -->
              <div class="configuration-method before">
                <span class="method-name">launchBrowser</span>
                <span class="method-start">49802 ms</span>
              </div> <!-- configuration-method before -->
            </div> <!-- chronological-class -->
            <div class="chronological-class">
              <div class="chronological-class-name">openCart.functionalTests.R1dot2_TS005_ProductSearchFunctionality</div> <!-- chronological-class-name -->
              <div class="configuration-method after">
                <span class="method-name">closeBrowser</span>
                <span class="method-start">51600 ms</span>
              </div> <!-- configuration-method after -->
              <div class="configuration-method before">
                <span class="method-name">launchBrowser</span>
                <span class="method-start">52458 ms</span>
              </div> <!-- configuration-method before -->
            </div> <!-- chronological-class -->
            <div class="chronological-class">
              <div class="chronological-class-name">openCart.functionalTests.R1dot1_TS001_RegisterFunctionality</div> <!-- chronological-class-name -->
              <div class="test-method">
                <span class="method-name">r1dot1_TS001_TC005</span>
                <span class="method-start">55578 ms</span>
              </div> <!-- test-method -->
            </div> <!-- chronological-class -->
            <div class="chronological-class">
              <div class="chronological-class-name">openCart.functionalTests.Dratf</div> <!-- chronological-class-name -->
              <div class="test-method">
                <img src="failed.png">
                </img>
                <span class="method-name">draft1</span>
                <span class="method-start">56420 ms</span>
              </div> <!-- test-method -->
              <div class="configuration-method after">
                <span class="method-name">closeBrowser</span>
                <span class="method-start">56745 ms</span>
              </div> <!-- configuration-method after -->
              <div class="configuration-method before">
                <span class="method-name">launchBrowser</span>
                <span class="method-start">56942 ms</span>
              </div> <!-- configuration-method before -->
            </div> <!-- chronological-class -->
            <div class="chronological-class">
              <div class="chronological-class-name">openCart.functionalTests.R1dot2_TS005_ProductSearchFunctionality</div> <!-- chronological-class-name -->
              <div class="test-method">
                <span class="method-name">R1dot2_TS005_TC024(Canon EOS 5D)</span>
                <span class="method-start">57761 ms</span>
              </div> <!-- test-method -->
              <div class="configuration-method after">
                <span class="method-name">closeBrowser</span>
                <span class="method-start">60923 ms</span>
              </div> <!-- configuration-method after -->
            </div> <!-- chronological-class -->
            <div class="chronological-class">
              <div class="chronological-class-name">openCart.functionalTests.R1dot1_TS001_RegisterFunctionality</div> <!-- chronological-class-name -->
              <div class="configuration-method after">
                <span class="method-name">closeBrowser</span>
                <span class="method-start">60966 ms</span>
              </div> <!-- configuration-method after -->
              <div class="configuration-method before">
                <span class="method-name">launchBrowser</span>
                <span class="method-start">61229 ms</span>
              </div> <!-- configuration-method before -->
            </div> <!-- chronological-class -->
            <div class="chronological-class">
              <div class="chronological-class-name">openCart.functionalTests.Dratf</div> <!-- chronological-class-name -->
              <div class="configuration-method after">
                <span class="method-name">closeBrowser</span>
                <span class="method-start">63972 ms</span>
              </div> <!-- configuration-method after -->
              <div class="test-method">
                <span class="method-name">draft2</span>
                <span class="method-start">63972 ms</span>
              </div> <!-- test-method -->
              <div class="configuration-method before">
                <span class="method-name">launchBrowser</span>
                <span class="method-start">64149 ms</span>
              </div> <!-- configuration-method before -->
            </div> <!-- chronological-class -->
            <div class="chronological-class">
              <div class="chronological-class-name">openCart.functionalTests.R1dot1_TS003_LogoutFunctionality</div> <!-- chronological-class-name -->
              <div class="configuration-method after">
                <span class="method-name">closeBrowser</span>
                <span class="method-start">64796 ms</span>
              </div> <!-- configuration-method after -->
              <div class="configuration-method before">
                <span class="method-name">launchBrowser</span>
                <span class="method-start">65339 ms</span>
              </div> <!-- configuration-method before -->
            </div> <!-- chronological-class -->
            <div class="chronological-class">
              <div class="chronological-class-name">openCart.functionalTests.R1dot1_TS001_RegisterFunctionality</div> <!-- chronological-class-name -->
              <div class="test-method">
                <span class="method-name">r1dot1_TS001_TC006</span>
                <span class="method-start">66697 ms</span>
              </div> <!-- test-method -->
            </div> <!-- chronological-class -->
            <div class="chronological-class">
              <div class="chronological-class-name">openCart.functionalTests.Dratf</div> <!-- chronological-class-name -->
              <div class="test-method">
                <span class="method-name">draft2</span>
                <span class="method-start">67516 ms</span>
              </div> <!-- test-method -->
              <div class="configuration-method after">
                <span class="method-name">closeBrowser</span>
                <span class="method-start">67519 ms</span>
              </div> <!-- configuration-method after -->
              <div class="configuration-method before">
                <span class="method-name">launchBrowser</span>
                <span class="method-start">67833 ms</span>
              </div> <!-- configuration-method before -->
            </div> <!-- chronological-class -->
            <div class="chronological-class">
              <div class="chronological-class-name">openCart.functionalTests.R1dot1_TS001_RegisterFunctionality</div> <!-- chronological-class-name -->
              <div class="configuration-method after">
                <span class="method-name">closeBrowser</span>
                <span class="method-start">68400 ms</span>
              </div> <!-- configuration-method after -->
              <div class="configuration-method before">
                <span class="method-name">launchBrowser</span>
                <span class="method-start">68576 ms</span>
              </div> <!-- configuration-method before -->
            </div> <!-- chronological-class -->
            <div class="chronological-class">
              <div class="chronological-class-name">openCart.functionalTests.R1dot1_TS003_LogoutFunctionality</div> <!-- chronological-class-name -->
              <div class="test-method">
                <span class="method-name">r1dot1_TS003_TC003</span>
                <span class="method-start">70937 ms</span>
              </div> <!-- test-method -->
            </div> <!-- chronological-class -->
            <div class="chronological-class">
              <div class="chronological-class-name">openCart.functionalTests.Dratf</div> <!-- chronological-class-name -->
              <div class="test-method">
                <img src="failed.png">
                </img>
                <span class="method-name">draft2</span>
                <span class="method-start">72905 ms</span>
              </div> <!-- test-method -->
              <div class="configuration-method after">
                <span class="method-name">closeBrowser</span>
                <span class="method-start">73251 ms</span>
              </div> <!-- configuration-method after -->
              <div class="configuration-method before">
                <span class="method-name">launchBrowser</span>
                <span class="method-start">73447 ms</span>
              </div> <!-- configuration-method before -->
            </div> <!-- chronological-class -->
            <div class="chronological-class">
              <div class="chronological-class-name">openCart.functionalTests.R1dot1_TS001_RegisterFunctionality</div> <!-- chronological-class-name -->
              <div class="test-method">
                <span class="method-name">r1dot1_TS001_TC029</span>
                <span class="method-start">74189 ms</span>
              </div> <!-- test-method -->
              <div class="configuration-method after">
                <span class="method-name">closeBrowser</span>
                <span class="method-start">76180 ms</span>
              </div> <!-- configuration-method after -->
              <div class="configuration-method before">
                <span class="method-name">launchBrowser</span>
                <span class="method-start">76365 ms</span>
              </div> <!-- configuration-method before -->
            </div> <!-- chronological-class -->
            <div class="chronological-class">
              <div class="chronological-class-name">openCart.functionalTests.Dratf</div> <!-- chronological-class-name -->
              <div class="test-method">
                <span class="method-name">draft3</span>
                <span class="method-start">79112 ms</span>
              </div> <!-- test-method -->
              <div class="configuration-method after">
                <span class="method-name">closeBrowser</span>
                <span class="method-start">79115 ms</span>
              </div> <!-- configuration-method after -->
              <div class="configuration-method before">
                <span class="method-name">launchBrowser</span>
                <span class="method-start">79301 ms</span>
              </div> <!-- configuration-method before -->
            </div> <!-- chronological-class -->
            <div class="chronological-class">
              <div class="chronological-class-name">openCart.functionalTests.R1dot1_TS001_RegisterFunctionality</div> <!-- chronological-class-name -->
              <div class="test-method">
                <span class="method-name">r1dot1_TS001_TC028</span>
                <span class="method-start">81698 ms</span>
              </div> <!-- test-method -->
              <div class="configuration-method after">
                <span class="method-name">closeBrowser</span>
                <span class="method-start">84590 ms</span>
              </div> <!-- configuration-method after -->
            </div> <!-- chronological-class -->
            <div class="chronological-class">
              <div class="chronological-class-name">openCart.functionalTests.Dratf</div> <!-- chronological-class-name -->
              <div class="test-method">
                <span class="method-name">draft3</span>
                <span class="method-start">84649 ms</span>
              </div> <!-- test-method -->
              <div class="configuration-method after">
                <span class="method-name">closeBrowser</span>
                <span class="method-start">84652 ms</span>
              </div> <!-- configuration-method after -->
              <div class="configuration-method before">
                <span class="method-name">launchBrowser</span>
                <span class="method-start">84875 ms</span>
              </div> <!-- configuration-method before -->
            </div> <!-- chronological-class -->
            <div class="chronological-class">
              <div class="chronological-class-name">openCart.functionalTests.R1dot1_TS003_LogoutFunctionality</div> <!-- chronological-class-name -->
              <div class="configuration-method after">
                <span class="method-name">closeBrowser</span>
                <span class="method-start">89008 ms</span>
              </div> <!-- configuration-method after -->
              <div class="configuration-method before">
                <span class="method-name">launchBrowser</span>
                <span class="method-start">89186 ms</span>
              </div> <!-- configuration-method before -->
            </div> <!-- chronological-class -->
            <div class="chronological-class">
              <div class="chronological-class-name">openCart.functionalTests.Dratf</div> <!-- chronological-class-name -->
              <div class="test-method">
                <img src="failed.png">
                </img>
                <span class="method-name">draft3</span>
                <span class="method-start">90418 ms</span>
              </div> <!-- test-method -->
              <div class="configuration-method after">
                <span class="method-name">closeBrowser</span>
                <span class="method-start">90756 ms</span>
              </div> <!-- configuration-method after -->
            </div> <!-- chronological-class -->
            <div class="chronological-class">
              <div class="chronological-class-name">openCart.functionalTests.R1dot1_TS003_LogoutFunctionality</div> <!-- chronological-class-name -->
              <div class="test-method">
                <img src="failed.png">
                </img>
                <span class="method-name">r1dot1_TS003_TC003</span>
                <span class="method-start">94316 ms</span>
              </div> <!-- test-method -->
              <div class="configuration-method after">
                <span class="method-name">closeBrowser</span>
                <span class="method-start">113734 ms</span>
              </div> <!-- configuration-method after -->
          </div> <!-- main-panel-content rounded-window-bottom -->
        </div> <!-- panel -->
      </div> <!-- main-panel-root -->
    </div> <!-- wrapper -->
  </body>
<script type="text/javascript" src="testng-reports2.js"></script>
</html>
