<?xml version="1.0" encoding="UTF-8"?>
<testng-results ignored="0" total="2" passed="2" failed="0" skipped="0">
  <reporter-output>
  </reporter-output>
  <suite started-at="2023-11-10T04:21:55 EST" name="Default suite" finished-at="2023-11-10T04:22:16 EST" duration-ms="21796">
    <groups>
      <group name="possitive">
        <method signature="R1dot3_TS008_AddToCartFunctionality.R1dot3_TS008_TC003()[pri:0, instance:openCart.functionalTests.R1dot3_TS008_AddToCartFunctionality@4d5d943d]" name="R1dot3_TS008_TC003" class="openCart.functionalTests.R1dot3_TS008_AddToCartFunctionality"/>
        <method signature="R1dot3_TS008_AddToCartFunctionality.R1dot3_TS008_TC001()[pri:1, instance:openCart.functionalTests.R1dot3_TS008_AddToCartFunctionality@4d5d943d]" name="R1dot3_TS008_TC001" class="openCart.functionalTests.R1dot3_TS008_AddToCartFunctionality"/>
      </group> <!-- possitive -->
      <group name="regression">
        <method signature="R1dot3_TS008_AddToCartFunctionality.R1dot3_TS008_TC003()[pri:0, instance:openCart.functionalTests.R1dot3_TS008_AddToCartFunctionality@4d5d943d]" name="R1dot3_TS008_TC003" class="openCart.functionalTests.R1dot3_TS008_AddToCartFunctionality"/>
        <method signature="R1dot3_TS008_AddToCartFunctionality.R1dot3_TS008_TC001()[pri:1, instance:openCart.functionalTests.R1dot3_TS008_AddToCartFunctionality@4d5d943d]" name="R1dot3_TS008_TC001" class="openCart.functionalTests.R1dot3_TS008_AddToCartFunctionality"/>
      </group> <!-- regression -->
      <group name="smoke">
        <method signature="R1dot3_TS008_AddToCartFunctionality.R1dot3_TS008_TC003()[pri:0, instance:openCart.functionalTests.R1dot3_TS008_AddToCartFunctionality@4d5d943d]" name="R1dot3_TS008_TC003" class="openCart.functionalTests.R1dot3_TS008_AddToCartFunctionality"/>
      </group> <!-- smoke -->
    </groups>
    <test started-at="2023-11-10T04:21:55 EST" name="Default test" finished-at="2023-11-10T04:22:16 EST" duration-ms="21796">
      <class name="openCart.functionalTests.R1dot3_TS008_AddToCartFunctionality">
        <test-method is-config="true" signature="launchBrowser()[pri:0, instance:openCart.functionalTests.R1dot3_TS008_AddToCartFunctionality@4d5d943d]" started-at="2023-11-10T04:21:55 EST" name="launchBrowser" finished-at="2023-11-10T04:22:02 EST" duration-ms="7174" status="PASS">
          <reporter-output>
          </reporter-output>
        </test-method> <!-- launchBrowser -->
        <test-method signature="R1dot3_TS008_TC003()[pri:0, instance:openCart.functionalTests.R1dot3_TS008_AddToCartFunctionality@4d5d943d]" started-at="2023-11-10T04:22:02 EST" name="R1dot3_TS008_TC003" description="R1.3_TS008_TC003 As an user I should be able to add product to Cart from Search Results Page" finished-at="2023-11-10T04:22:07 EST" duration-ms="4961" status="PASS">
          <reporter-output>
          </reporter-output>
        </test-method> <!-- R1dot3_TS008_TC003 -->
        <test-method is-config="true" signature="closeBrowser()[pri:0, instance:openCart.functionalTests.R1dot3_TS008_AddToCartFunctionality@4d5d943d]" started-at="2023-11-10T04:22:07 EST" name="closeBrowser" finished-at="2023-11-10T04:22:07 EST" duration-ms="454" status="PASS">
          <reporter-output>
          </reporter-output>
        </test-method> <!-- closeBrowser -->
        <test-method is-config="true" signature="launchBrowser()[pri:0, instance:openCart.functionalTests.R1dot3_TS008_AddToCartFunctionality@4d5d943d]" started-at="2023-11-10T04:22:07 EST" name="launchBrowser" finished-at="2023-11-10T04:22:13 EST" duration-ms="5433" status="PASS">
          <reporter-output>
          </reporter-output>
        </test-method> <!-- launchBrowser -->
        <test-method signature="R1dot3_TS008_TC001()[pri:1, instance:openCart.functionalTests.R1dot3_TS008_AddToCartFunctionality@4d5d943d]" started-at="2023-11-10T04:22:13 EST" name="R1dot3_TS008_TC001" description="R1.3_TS008_TC001 As a guest user I should be able to add the product to Cart from &#039;Featured Product list add to cart button&#039; in home Page" finished-at="2023-11-10T04:22:16 EST" duration-ms="3305" status="PASS">
          <reporter-output>
          </reporter-output>
        </test-method> <!-- R1dot3_TS008_TC001 -->
        <test-method is-config="true" signature="closeBrowser()[pri:0, instance:openCart.functionalTests.R1dot3_TS008_AddToCartFunctionality@4d5d943d]" started-at="2023-11-10T04:22:16 EST" name="closeBrowser" finished-at="2023-11-10T04:22:16 EST" duration-ms="378" status="PASS">
          <reporter-output>
          </reporter-output>
        </test-method> <!-- closeBrowser -->
      </class> <!-- openCart.functionalTests.R1dot3_TS008_AddToCartFunctionality -->
    </test> <!-- Default test -->
  </suite> <!-- Default suite -->
</testng-results>
