<?xml version="1.0" encoding="UTF-8"?>
<testng-results ignored="0" total="1" passed="1" failed="0" skipped="0">
  <reporter-output>
  </reporter-output>
  <suite started-at="2023-10-27T01:59:40 EDT" name="Default suite" finished-at="2023-10-27T01:59:49 EDT" duration-ms="9462">
    <groups>
    </groups>
    <test started-at="2023-10-27T01:59:40 EDT" name="Default test" finished-at="2023-10-27T01:59:49 EDT" duration-ms="9462">
      <class name="openCart.functionalTests.Dratf">
        <test-method signature="draft()[pri:0, instance:openCart.functionalTests.Dratf@694abbdc]" started-at="2023-10-27T01:59:40 EDT" name="draft" finished-at="2023-10-27T01:59:49 EDT" duration-ms="9400" status="PASS">
          <reporter-output>
          </reporter-output>
        </test-method> <!-- draft -->
      </class> <!-- openCart.functionalTests.Dratf -->
    </test> <!-- Default test -->
  </suite> <!-- Default suite -->
</testng-results>
