<?xml version="1.0" encoding="UTF-8"?>
<testng-results ignored="11" total="12" passed="1" failed="0" skipped="0">
  <reporter-output>
  </reporter-output>
  <suite started-at="2023-10-27T05:27:57 EDT" name="Default suite" finished-at="2023-10-27T05:28:05 EDT" duration-ms="7730">
    <groups>
    </groups>
    <test started-at="2023-10-27T05:27:57 EDT" name="Default test" finished-at="2023-10-27T05:28:05 EDT" duration-ms="7730">
      <class name="openCart.functionalTests.Dratf">
        <test-method is-config="true" signature="launchBrowser()[pri:0, instance:openCart.functionalTests.Dratf@595b007d]" started-at="2023-10-27T05:27:57 EDT" name="launchBrowser" finished-at="2023-10-27T05:28:05 EDT" duration-ms="7454" status="PASS">
          <reporter-output>
          </reporter-output>
        </test-method> <!-- launchBrowser -->
        <test-method signature="draft1()[pri:0, instance:openCart.functionalTests.Dratf@595b007d]" started-at="2023-10-27T05:28:05 EDT" name="draft1" finished-at="2023-10-27T05:28:05 EDT" duration-ms="22" status="PASS">
          <reporter-output>
          </reporter-output>
        </test-method> <!-- draft1 -->
        <test-method is-config="true" signature="closeBrowser()[pri:0, instance:openCart.functionalTests.Dratf@595b007d]" started-at="2023-10-27T05:28:05 EDT" name="closeBrowser" finished-at="2023-10-27T05:28:05 EDT" duration-ms="198" status="PASS">
          <reporter-output>
          </reporter-output>
        </test-method> <!-- closeBrowser -->
      </class> <!-- openCart.functionalTests.Dratf -->
    </test> <!-- Default test -->
  </suite> <!-- Default suite -->
</testng-results>
