<?xml version="1.0" encoding="UTF-8"?>
<testng-results ignored="11" total="12" passed="1" failed="0" skipped="0">
  <reporter-output>
  </reporter-output>
  <suite started-at="2023-10-27T05:04:52 EDT" name="Default suite" finished-at="2023-10-27T05:05:00 EDT" duration-ms="7206">
    <groups>
    </groups>
    <test started-at="2023-10-27T05:04:52 EDT" name="Default test" finished-at="2023-10-27T05:05:00 EDT" duration-ms="7206">
      <class name="openCart.functionalTests.Dratf">
        <test-method is-config="true" signature="launchBrowser()[pri:0, instance:openCart.functionalTests.Dratf@595b007d]" started-at="2023-10-27T05:04:53 EDT" name="launchBrowser" finished-at="2023-10-27T05:05:00 EDT" duration-ms="7013" status="PASS">
          <reporter-output>
          </reporter-output>
        </test-method> <!-- launchBrowser -->
        <test-method signature="draft()[pri:0, instance:openCart.functionalTests.Dratf@595b007d]" started-at="2023-10-27T05:05:00 EDT" name="draft" finished-at="2023-10-27T05:05:00 EDT" duration-ms="18" status="PASS">
          <reporter-output>
          </reporter-output>
        </test-method> <!-- draft -->
        <test-method is-config="true" signature="closeBrowser()[pri:0, instance:openCart.functionalTests.Dratf@595b007d]" started-at="2023-10-27T05:05:00 EDT" name="closeBrowser" finished-at="2023-10-27T05:05:00 EDT" duration-ms="104" status="PASS">
          <reporter-output>
          </reporter-output>
        </test-method> <!-- closeBrowser -->
      </class> <!-- openCart.functionalTests.Dratf -->
    </test> <!-- Default test -->
  </suite> <!-- Default suite -->
</testng-results>
