<?xml version="1.0" encoding="UTF-8"?>
<testng-results ignored="0" total="21" passed="20" failed="1" skipped="0">
  <reporter-output>
  </reporter-output>
  <suite started-at="2023-10-31T17:32:15 EDT" name="Suite" finished-at="2023-10-31T17:33:31 EDT" duration-ms="75636">
    <groups>
      <group name="negative">
        <method signature="R1dot1_TS002_LoginFunctionality.r1dot1_TS002_TC002()[pri:1, instance:openCart.functionalTests.R1dot1_TS002_LoginFunctionality@2f4948e4]" name="r1dot1_TS002_TC002" class="openCart.functionalTests.R1dot1_TS002_LoginFunctionality"/>
        <method signature="R1dot1_TS002_LoginFunctionality.r1dot1_TS002_TC003()[pri:1, instance:openCart.functionalTests.R1dot1_TS002_LoginFunctionality@2f4948e4]" name="r1dot1_TS002_TC003" class="openCart.functionalTests.R1dot1_TS002_LoginFunctionality"/>
        <method signature="R1dot1_TS001_RegisterFunctionality.r1dot1_TS001_TC004()[pri:4, instance:openCart.functionalTests.R1dot1_TS001_RegisterFunctionality@765d7657]" name="r1dot1_TS001_TC004" class="openCart.functionalTests.R1dot1_TS001_RegisterFunctionality"/>
        <method signature="R1dot1_TS001_RegisterFunctionality.r1dot1_TS001_TC006()[pri:6, instance:openCart.functionalTests.R1dot1_TS001_RegisterFunctionality@765d7657]" name="r1dot1_TS001_TC006" class="openCart.functionalTests.R1dot1_TS001_RegisterFunctionality"/>
        <method signature="R1dot1_TS001_RegisterFunctionality.r1dot1_TS001_TC029()[pri:7, instance:openCart.functionalTests.R1dot1_TS001_RegisterFunctionality@765d7657]" name="r1dot1_TS001_TC029" class="openCart.functionalTests.R1dot1_TS001_RegisterFunctionality"/>
        <method signature="R1dot1_TS001_RegisterFunctionality.r1dot1_TS001_TC028()[pri:28, instance:openCart.functionalTests.R1dot1_TS001_RegisterFunctionality@765d7657]" name="r1dot1_TS001_TC028" class="openCart.functionalTests.R1dot1_TS001_RegisterFunctionality"/>
      </group> <!-- negative -->
      <group name="possitive">
        <method signature="R1dot1_TS002_LoginFunctionality.r1dot1_TS002_TC001()[pri:0, instance:openCart.functionalTests.R1dot1_TS002_LoginFunctionality@2f4948e4]" name="r1dot1_TS002_TC001" class="openCart.functionalTests.R1dot1_TS002_LoginFunctionality"/>
        <method signature="R1dot1_TS001_RegisterFunctionality.r1dot1_TS001_TC001()[pri:1, instance:openCart.functionalTests.R1dot1_TS001_RegisterFunctionality@765d7657]" name="r1dot1_TS001_TC001" class="openCart.functionalTests.R1dot1_TS001_RegisterFunctionality"/>
        <method signature="R1dot1_TS003_LogoutFunctionality.r1dot1_TS003_TC001()[pri:1, instance:openCart.functionalTests.R1dot1_TS003_LogoutFunctionality@1f2586d6]" name="r1dot1_TS003_TC001" class="openCart.functionalTests.R1dot1_TS003_LogoutFunctionality"/>
        <method signature="R1dot1_TS004_ForgottenPasswordFunctionality.r1dot1_TS004_TC001()[pri:1, instance:openCart.functionalTests.R1dot1_TS004_ForgottenPasswordFunctionality@10683d9d]" name="r1dot1_TS004_TC001" class="openCart.functionalTests.R1dot1_TS004_ForgottenPasswordFunctionality"/>
        <method signature="R1dot2_TS005_ProductSearchFunctionality.r1dot2_TS005_TC001()[pri:1, instance:openCart.functionalTests.R1dot2_TS005_ProductSearchFunctionality@3fc2959f]" name="r1dot2_TS005_TC001" class="openCart.functionalTests.R1dot2_TS005_ProductSearchFunctionality"/>
        <method signature="R1dot2_TS006_ProductCompareFunctionality.r1dot2_TS006_TC001()[pri:1, instance:openCart.functionalTests.R1dot2_TS006_ProductCompareFunctionality@5aa9e4eb]" name="r1dot2_TS006_TC001" class="openCart.functionalTests.R1dot2_TS006_ProductCompareFunctionality"/>
        <method signature="R1dot1_TS003_LogoutFunctionality.r1dot1_TS003_TC002()[pri:2, instance:openCart.functionalTests.R1dot1_TS003_LogoutFunctionality@1f2586d6]" name="r1dot1_TS003_TC002" class="openCart.functionalTests.R1dot1_TS003_LogoutFunctionality"/>
        <method signature="R1dot1_TS004_ForgottenPasswordFunctionality.r1dot1_TS004_TC002()[pri:2, instance:openCart.functionalTests.R1dot1_TS004_ForgottenPasswordFunctionality@10683d9d]" name="r1dot1_TS004_TC002" class="openCart.functionalTests.R1dot1_TS004_ForgottenPasswordFunctionality"/>
        <method signature="R1dot2_TS005_ProductSearchFunctionality.R1dot2_TS005_TC024(java.lang.String)[pri:2, instance:openCart.functionalTests.R1dot2_TS005_ProductSearchFunctionality@3fc2959f]" name="R1dot2_TS005_TC024" class="openCart.functionalTests.R1dot2_TS005_ProductSearchFunctionality"/>
        <method signature="R1dot1_TS001_RegisterFunctionality.r1dot1_TS001_TC003()[pri:3, instance:openCart.functionalTests.R1dot1_TS001_RegisterFunctionality@765d7657]" name="r1dot1_TS001_TC003" class="openCart.functionalTests.R1dot1_TS001_RegisterFunctionality"/>
        <method signature="R1dot1_TS003_LogoutFunctionality.r1dot1_TS003_TC003()[pri:3, instance:openCart.functionalTests.R1dot1_TS003_LogoutFunctionality@1f2586d6]" name="r1dot1_TS003_TC003" class="openCart.functionalTests.R1dot1_TS003_LogoutFunctionality"/>
        <method signature="R1dot1_TS001_RegisterFunctionality.r1dot1_TS001_TC005()[pri:5, instance:openCart.functionalTests.R1dot1_TS001_RegisterFunctionality@765d7657]" name="r1dot1_TS001_TC005" class="openCart.functionalTests.R1dot1_TS001_RegisterFunctionality"/>
      </group> <!-- possitive -->
      <group name="smoke">
        <method signature="R1dot1_TS002_LoginFunctionality.r1dot1_TS002_TC001()[pri:0, instance:openCart.functionalTests.R1dot1_TS002_LoginFunctionality@2f4948e4]" name="r1dot1_TS002_TC001" class="openCart.functionalTests.R1dot1_TS002_LoginFunctionality"/>
        <method signature="R1dot1_TS001_RegisterFunctionality.r1dot1_TS001_TC001()[pri:1, instance:openCart.functionalTests.R1dot1_TS001_RegisterFunctionality@765d7657]" name="r1dot1_TS001_TC001" class="openCart.functionalTests.R1dot1_TS001_RegisterFunctionality"/>
        <method signature="R1dot1_TS002_LoginFunctionality.r1dot1_TS002_TC002()[pri:1, instance:openCart.functionalTests.R1dot1_TS002_LoginFunctionality@2f4948e4]" name="r1dot1_TS002_TC002" class="openCart.functionalTests.R1dot1_TS002_LoginFunctionality"/>
        <method signature="R1dot1_TS002_LoginFunctionality.r1dot1_TS002_TC003()[pri:1, instance:openCart.functionalTests.R1dot1_TS002_LoginFunctionality@2f4948e4]" name="r1dot1_TS002_TC003" class="openCart.functionalTests.R1dot1_TS002_LoginFunctionality"/>
        <method signature="R1dot1_TS003_LogoutFunctionality.r1dot1_TS003_TC001()[pri:1, instance:openCart.functionalTests.R1dot1_TS003_LogoutFunctionality@1f2586d6]" name="r1dot1_TS003_TC001" class="openCart.functionalTests.R1dot1_TS003_LogoutFunctionality"/>
        <method signature="R1dot1_TS004_ForgottenPasswordFunctionality.r1dot1_TS004_TC001()[pri:1, instance:openCart.functionalTests.R1dot1_TS004_ForgottenPasswordFunctionality@10683d9d]" name="r1dot1_TS004_TC001" class="openCart.functionalTests.R1dot1_TS004_ForgottenPasswordFunctionality"/>
        <method signature="R1dot2_TS005_ProductSearchFunctionality.r1dot2_TS005_TC001()[pri:1, instance:openCart.functionalTests.R1dot2_TS005_ProductSearchFunctionality@3fc2959f]" name="r1dot2_TS005_TC001" class="openCart.functionalTests.R1dot2_TS005_ProductSearchFunctionality"/>
        <method signature="R1dot1_TS003_LogoutFunctionality.r1dot1_TS003_TC002()[pri:2, instance:openCart.functionalTests.R1dot1_TS003_LogoutFunctionality@1f2586d6]" name="r1dot1_TS003_TC002" class="openCart.functionalTests.R1dot1_TS003_LogoutFunctionality"/>
        <method signature="R1dot1_TS004_ForgottenPasswordFunctionality.r1dot1_TS004_TC002()[pri:2, instance:openCart.functionalTests.R1dot1_TS004_ForgottenPasswordFunctionality@10683d9d]" name="r1dot1_TS004_TC002" class="openCart.functionalTests.R1dot1_TS004_ForgottenPasswordFunctionality"/>
        <method signature="R1dot2_TS005_ProductSearchFunctionality.R1dot2_TS005_TC024(java.lang.String)[pri:2, instance:openCart.functionalTests.R1dot2_TS005_ProductSearchFunctionality@3fc2959f]" name="R1dot2_TS005_TC024" class="openCart.functionalTests.R1dot2_TS005_ProductSearchFunctionality"/>
        <method signature="R1dot1_TS001_RegisterFunctionality.r1dot1_TS001_TC003()[pri:3, instance:openCart.functionalTests.R1dot1_TS001_RegisterFunctionality@765d7657]" name="r1dot1_TS001_TC003" class="openCart.functionalTests.R1dot1_TS001_RegisterFunctionality"/>
        <method signature="R1dot1_TS003_LogoutFunctionality.r1dot1_TS003_TC003()[pri:3, instance:openCart.functionalTests.R1dot1_TS003_LogoutFunctionality@1f2586d6]" name="r1dot1_TS003_TC003" class="openCart.functionalTests.R1dot1_TS003_LogoutFunctionality"/>
        <method signature="R1dot1_TS001_RegisterFunctionality.r1dot1_TS001_TC004()[pri:4, instance:openCart.functionalTests.R1dot1_TS001_RegisterFunctionality@765d7657]" name="r1dot1_TS001_TC004" class="openCart.functionalTests.R1dot1_TS001_RegisterFunctionality"/>
        <method signature="R1dot1_TS001_RegisterFunctionality.r1dot1_TS001_TC005()[pri:5, instance:openCart.functionalTests.R1dot1_TS001_RegisterFunctionality@765d7657]" name="r1dot1_TS001_TC005" class="openCart.functionalTests.R1dot1_TS001_RegisterFunctionality"/>
        <method signature="R1dot1_TS001_RegisterFunctionality.r1dot1_TS001_TC006()[pri:6, instance:openCart.functionalTests.R1dot1_TS001_RegisterFunctionality@765d7657]" name="r1dot1_TS001_TC006" class="openCart.functionalTests.R1dot1_TS001_RegisterFunctionality"/>
        <method signature="R1dot1_TS001_RegisterFunctionality.r1dot1_TS001_TC029()[pri:7, instance:openCart.functionalTests.R1dot1_TS001_RegisterFunctionality@765d7657]" name="r1dot1_TS001_TC029" class="openCart.functionalTests.R1dot1_TS001_RegisterFunctionality"/>
        <method signature="R1dot1_TS001_RegisterFunctionality.r1dot1_TS001_TC028()[pri:28, instance:openCart.functionalTests.R1dot1_TS001_RegisterFunctionality@765d7657]" name="r1dot1_TS001_TC028" class="openCart.functionalTests.R1dot1_TS001_RegisterFunctionality"/>
      </group> <!-- smoke -->
    </groups>
    <test started-at="2023-10-31T17:32:15 EDT" name="Draft Test" finished-at="2023-10-31T17:33:31 EDT" duration-ms="75636">
      <class name="openCart.functionalTests.R1dot2_TS006_ProductCompareFunctionality">
        <test-method is-config="true" signature="launchBrowser()[pri:0, instance:openCart.functionalTests.R1dot2_TS006_ProductCompareFunctionality@5aa9e4eb]" started-at="2023-10-31T17:32:16 EDT" name="launchBrowser" finished-at="2023-10-31T17:32:25 EDT" duration-ms="9955" status="PASS">
          <reporter-output>
          </reporter-output>
        </test-method> <!-- launchBrowser -->
        <test-method signature="r1dot2_TS006_TC001()[pri:1, instance:openCart.functionalTests.R1dot2_TS006_ProductCompareFunctionality@5aa9e4eb]" started-at="2023-10-31T17:32:25 EDT" name="r1dot2_TS006_TC001" description="R1.2_TS006_TC001 As an user I should be able to select products for comparison." finished-at="2023-10-31T17:32:37 EDT" duration-ms="11705" status="PASS">
          <reporter-output>
          </reporter-output>
        </test-method> <!-- r1dot2_TS006_TC001 -->
        <test-method is-config="true" signature="closeBrowser()[pri:0, instance:openCart.functionalTests.R1dot2_TS006_ProductCompareFunctionality@5aa9e4eb]" started-at="2023-10-31T17:32:37 EDT" name="closeBrowser" finished-at="2023-10-31T17:32:37 EDT" duration-ms="323" status="PASS">
          <reporter-output>
          </reporter-output>
        </test-method> <!-- closeBrowser -->
      </class> <!-- openCart.functionalTests.R1dot2_TS006_ProductCompareFunctionality -->
      <class name="openCart.functionalTests.R1dot2_TS005_ProductSearchFunctionality">
        <test-method is-config="true" signature="launchBrowser()[pri:0, instance:openCart.functionalTests.R1dot2_TS005_ProductSearchFunctionality@3fc2959f]" started-at="2023-10-31T17:32:16 EDT" name="launchBrowser" finished-at="2023-10-31T17:32:23 EDT" duration-ms="7939" status="PASS">
          <reporter-output>
          </reporter-output>
        </test-method> <!-- launchBrowser -->
        <test-method signature="r1dot2_TS005_TC001()[pri:1, instance:openCart.functionalTests.R1dot2_TS005_ProductSearchFunctionality@3fc2959f]" started-at="2023-10-31T17:32:23 EDT" name="r1dot2_TS005_TC001" description="R1.2_TS005_TC001 As an user I should be able to search a product which is present in database." finished-at="2023-10-31T17:32:32 EDT" duration-ms="8050" status="PASS">
          <reporter-output>
          </reporter-output>
        </test-method> <!-- r1dot2_TS005_TC001 -->
        <test-method is-config="true" signature="closeBrowser()[pri:0, instance:openCart.functionalTests.R1dot2_TS005_ProductSearchFunctionality@3fc2959f]" started-at="2023-10-31T17:32:32 EDT" name="closeBrowser" finished-at="2023-10-31T17:32:32 EDT" duration-ms="753" status="PASS">
          <reporter-output>
          </reporter-output>
        </test-method> <!-- closeBrowser -->
        <test-method is-config="true" signature="launchBrowser()[pri:0, instance:openCart.functionalTests.R1dot2_TS005_ProductSearchFunctionality@3fc2959f]" started-at="2023-10-31T17:32:32 EDT" name="launchBrowser" finished-at="2023-10-31T17:32:38 EDT" duration-ms="5821" status="PASS">
          <reporter-output>
          </reporter-output>
        </test-method> <!-- launchBrowser -->
        <test-method signature="R1dot2_TS005_TC024(java.lang.String)[pri:2, instance:openCart.functionalTests.R1dot2_TS005_ProductSearchFunctionality@3fc2959f]" started-at="2023-10-31T17:32:38 EDT" name="R1dot2_TS005_TC024" description="R1.2_TS005_TC024 Verify user can select a product from featured product list from HomePage" data-provider="productList" finished-at="2023-10-31T17:32:42 EDT" duration-ms="3754" status="PASS">
          <params>
            <param index="0">
              <value>
                <![CDATA[MacBook]]>
              </value>
            </param>
          </params>
          <reporter-output>
          </reporter-output>
        </test-method> <!-- R1dot2_TS005_TC024 -->
        <test-method is-config="true" signature="closeBrowser()[pri:0, instance:openCart.functionalTests.R1dot2_TS005_ProductSearchFunctionality@3fc2959f]" started-at="2023-10-31T17:32:42 EDT" name="closeBrowser" finished-at="2023-10-31T17:32:42 EDT" duration-ms="534" status="PASS">
          <reporter-output>
          </reporter-output>
        </test-method> <!-- closeBrowser -->
        <test-method is-config="true" signature="launchBrowser()[pri:0, instance:openCart.functionalTests.R1dot2_TS005_ProductSearchFunctionality@3fc2959f]" started-at="2023-10-31T17:32:42 EDT" name="launchBrowser" finished-at="2023-10-31T17:32:47 EDT" duration-ms="4881" status="PASS">
          <reporter-output>
          </reporter-output>
        </test-method> <!-- launchBrowser -->
        <test-method signature="R1dot2_TS005_TC024(java.lang.String)[pri:2, instance:openCart.functionalTests.R1dot2_TS005_ProductSearchFunctionality@3fc2959f]" started-at="2023-10-31T17:32:47 EDT" name="R1dot2_TS005_TC024" description="R1.2_TS005_TC024 Verify user can select a product from featured product list from HomePage" data-provider="productList" finished-at="2023-10-31T17:32:51 EDT" duration-ms="4169" status="PASS">
          <params>
            <param index="0">
              <value>
                <![CDATA[iPhone]]>
              </value>
            </param>
          </params>
          <reporter-output>
          </reporter-output>
        </test-method> <!-- R1dot2_TS005_TC024 -->
        <test-method is-config="true" signature="closeBrowser()[pri:0, instance:openCart.functionalTests.R1dot2_TS005_ProductSearchFunctionality@3fc2959f]" started-at="2023-10-31T17:32:51 EDT" name="closeBrowser" finished-at="2023-10-31T17:32:52 EDT" duration-ms="184" status="PASS">
          <reporter-output>
          </reporter-output>
        </test-method> <!-- closeBrowser -->
        <test-method is-config="true" signature="launchBrowser()[pri:0, instance:openCart.functionalTests.R1dot2_TS005_ProductSearchFunctionality@3fc2959f]" started-at="2023-10-31T17:32:52 EDT" name="launchBrowser" finished-at="2023-10-31T17:32:57 EDT" duration-ms="5073" status="PASS">
          <reporter-output>
          </reporter-output>
        </test-method> <!-- launchBrowser -->
        <test-method signature="R1dot2_TS005_TC024(java.lang.String)[pri:2, instance:openCart.functionalTests.R1dot2_TS005_ProductSearchFunctionality@3fc2959f]" started-at="2023-10-31T17:32:57 EDT" name="R1dot2_TS005_TC024" description="R1.2_TS005_TC024 Verify user can select a product from featured product list from HomePage" data-provider="productList" finished-at="2023-10-31T17:32:59 EDT" duration-ms="2653" status="PASS">
          <params>
            <param index="0">
              <value>
                <![CDATA[Apple Cinema 30"]]>
              </value>
            </param>
          </params>
          <reporter-output>
          </reporter-output>
        </test-method> <!-- R1dot2_TS005_TC024 -->
        <test-method is-config="true" signature="closeBrowser()[pri:0, instance:openCart.functionalTests.R1dot2_TS005_ProductSearchFunctionality@3fc2959f]" started-at="2023-10-31T17:32:59 EDT" name="closeBrowser" finished-at="2023-10-31T17:33:00 EDT" duration-ms="177" status="PASS">
          <reporter-output>
          </reporter-output>
        </test-method> <!-- closeBrowser -->
        <test-method is-config="true" signature="launchBrowser()[pri:0, instance:openCart.functionalTests.R1dot2_TS005_ProductSearchFunctionality@3fc2959f]" started-at="2023-10-31T17:33:00 EDT" name="launchBrowser" finished-at="2023-10-31T17:33:04 EDT" duration-ms="4862" status="PASS">
          <reporter-output>
          </reporter-output>
        </test-method> <!-- launchBrowser -->
        <test-method signature="R1dot2_TS005_TC024(java.lang.String)[pri:2, instance:openCart.functionalTests.R1dot2_TS005_ProductSearchFunctionality@3fc2959f]" started-at="2023-10-31T17:33:04 EDT" name="R1dot2_TS005_TC024" description="R1.2_TS005_TC024 Verify user can select a product from featured product list from HomePage" data-provider="productList" finished-at="2023-10-31T17:33:07 EDT" duration-ms="2641" status="PASS">
          <params>
            <param index="0">
              <value>
                <![CDATA[Canon EOS 5D]]>
              </value>
            </param>
          </params>
          <reporter-output>
          </reporter-output>
        </test-method> <!-- R1dot2_TS005_TC024 -->
        <test-method is-config="true" signature="closeBrowser()[pri:0, instance:openCart.functionalTests.R1dot2_TS005_ProductSearchFunctionality@3fc2959f]" started-at="2023-10-31T17:33:07 EDT" name="closeBrowser" finished-at="2023-10-31T17:33:07 EDT" duration-ms="244" status="PASS">
          <reporter-output>
          </reporter-output>
        </test-method> <!-- closeBrowser -->
      </class> <!-- openCart.functionalTests.R1dot2_TS005_ProductSearchFunctionality -->
      <class name="openCart.functionalTests.R1dot1_TS004_ForgottenPasswordFunctionality">
        <test-method is-config="true" signature="launchBrowser()[pri:0, instance:openCart.functionalTests.R1dot1_TS004_ForgottenPasswordFunctionality@10683d9d]" started-at="2023-10-31T17:32:15 EDT" name="launchBrowser" finished-at="2023-10-31T17:32:26 EDT" duration-ms="10283" status="PASS">
          <reporter-output>
          </reporter-output>
        </test-method> <!-- launchBrowser -->
        <test-method signature="r1dot1_TS004_TC001()[pri:1, instance:openCart.functionalTests.R1dot1_TS004_ForgottenPasswordFunctionality@10683d9d]" started-at="2023-10-31T17:32:26 EDT" name="r1dot1_TS004_TC001" description="R1.1_TS004_TC001 as a Registered user I should be able to reset my password by using &quot;Forgotten Password&quot; link in &quot;Returning Customer&quot; Login box" finished-at="2023-10-31T17:32:31 EDT" duration-ms="5267" status="PASS">
          <reporter-output>
          </reporter-output>
        </test-method> <!-- r1dot1_TS004_TC001 -->
        <test-method is-config="true" signature="closeBrowser()[pri:0, instance:openCart.functionalTests.R1dot1_TS004_ForgottenPasswordFunctionality@10683d9d]" started-at="2023-10-31T17:32:31 EDT" name="closeBrowser" finished-at="2023-10-31T17:32:33 EDT" duration-ms="1810" status="PASS">
          <reporter-output>
          </reporter-output>
        </test-method> <!-- closeBrowser -->
        <test-method is-config="true" signature="launchBrowser()[pri:0, instance:openCart.functionalTests.R1dot1_TS004_ForgottenPasswordFunctionality@10683d9d]" started-at="2023-10-31T17:32:33 EDT" name="launchBrowser" finished-at="2023-10-31T17:32:40 EDT" duration-ms="6855" status="PASS">
          <reporter-output>
          </reporter-output>
        </test-method> <!-- launchBrowser -->
        <test-method signature="r1dot1_TS004_TC002()[pri:2, instance:openCart.functionalTests.R1dot1_TS004_ForgottenPasswordFunctionality@10683d9d]" started-at="2023-10-31T17:32:40 EDT" name="r1dot1_TS004_TC002" description="R1.1_TS004_TC002 as a Registered user I should be able to reset my password by using &quot;Forgotten Password&quot; link in right column" finished-at="2023-10-31T17:32:44 EDT" duration-ms="4475" status="PASS">
          <reporter-output>
          </reporter-output>
        </test-method> <!-- r1dot1_TS004_TC002 -->
        <test-method is-config="true" signature="closeBrowser()[pri:0, instance:openCart.functionalTests.R1dot1_TS004_ForgottenPasswordFunctionality@10683d9d]" started-at="2023-10-31T17:32:44 EDT" name="closeBrowser" finished-at="2023-10-31T17:32:45 EDT" duration-ms="1126" status="PASS">
          <reporter-output>
          </reporter-output>
        </test-method> <!-- closeBrowser -->
      </class> <!-- openCart.functionalTests.R1dot1_TS004_ForgottenPasswordFunctionality -->
      <class name="openCart.functionalTests.R1dot1_TS003_LogoutFunctionality">
        <test-method is-config="true" signature="launchBrowser()[pri:0, instance:openCart.functionalTests.R1dot1_TS003_LogoutFunctionality@1f2586d6]" started-at="2023-10-31T17:32:16 EDT" name="launchBrowser" finished-at="2023-10-31T17:32:23 EDT" duration-ms="7945" status="PASS">
          <reporter-output>
          </reporter-output>
        </test-method> <!-- launchBrowser -->
        <test-method signature="r1dot1_TS003_TC001()[pri:1, instance:openCart.functionalTests.R1dot1_TS003_LogoutFunctionality@1f2586d6]" started-at="2023-10-31T17:32:23 EDT" name="r1dot1_TS003_TC001" description="R1.1_TS003_TC001 Verify Logging out by selecting Logout option from &#039;My Account&#039; drop menu" finished-at="2023-10-31T17:32:32 EDT" duration-ms="8631" status="PASS">
          <reporter-output>
          </reporter-output>
        </test-method> <!-- r1dot1_TS003_TC001 -->
        <test-method is-config="true" signature="closeBrowser()[pri:0, instance:openCart.functionalTests.R1dot1_TS003_LogoutFunctionality@1f2586d6]" started-at="2023-10-31T17:32:32 EDT" name="closeBrowser" finished-at="2023-10-31T17:32:33 EDT" duration-ms="1000" status="PASS">
          <reporter-output>
          </reporter-output>
        </test-method> <!-- closeBrowser -->
        <test-method is-config="true" signature="launchBrowser()[pri:0, instance:openCart.functionalTests.R1dot1_TS003_LogoutFunctionality@1f2586d6]" started-at="2023-10-31T17:32:33 EDT" name="launchBrowser" finished-at="2023-10-31T17:32:39 EDT" duration-ms="5744" status="PASS">
          <reporter-output>
          </reporter-output>
        </test-method> <!-- launchBrowser -->
        <test-method signature="r1dot1_TS003_TC002()[pri:2, instance:openCart.functionalTests.R1dot1_TS003_LogoutFunctionality@1f2586d6]" started-at="2023-10-31T17:32:39 EDT" name="r1dot1_TS003_TC002" description="R1.1_TS003_TC002 Verify Logging out by selecting Logout option from &#039;Right Column&#039; options" finished-at="2023-10-31T17:32:46 EDT" duration-ms="6768" status="PASS">
          <reporter-output>
          </reporter-output>
        </test-method> <!-- r1dot1_TS003_TC002 -->
        <test-method is-config="true" signature="closeBrowser()[pri:0, instance:openCart.functionalTests.R1dot1_TS003_LogoutFunctionality@1f2586d6]" started-at="2023-10-31T17:32:46 EDT" name="closeBrowser" finished-at="2023-10-31T17:32:46 EDT" duration-ms="455" status="PASS">
          <reporter-output>
          </reporter-output>
        </test-method> <!-- closeBrowser -->
        <test-method is-config="true" signature="launchBrowser()[pri:0, instance:openCart.functionalTests.R1dot1_TS003_LogoutFunctionality@1f2586d6]" started-at="2023-10-31T17:32:46 EDT" name="launchBrowser" finished-at="2023-10-31T17:32:51 EDT" duration-ms="5014" status="PASS">
          <reporter-output>
          </reporter-output>
        </test-method> <!-- launchBrowser -->
        <test-method signature="r1dot1_TS003_TC003()[pri:3, instance:openCart.functionalTests.R1dot1_TS003_LogoutFunctionality@1f2586d6]" started-at="2023-10-31T17:32:51 EDT" name="r1dot1_TS003_TC003" description="R1.1_TS003_TC003 Verify the Application session status, after logging and closing the Browser without logging out" finished-at="2023-10-31T17:33:09 EDT" duration-ms="17864" status="FAIL">
          <exception class="org.openqa.selenium.NoSuchElementException">
            <message>
              <![CDATA[no such element: Unable to locate element: {"method":"xpath","selector":"//ul[@class='dropdown-menu dropdown-menu-right']//a[text()='My Account']"}
  (Session info: chrome=118.0.5993.118)
For documentation on this error, please visit: https://www.selenium.dev/documentation/webdriver/troubleshooting/errors#no-such-element-exception
Build info: version: '4.13.0', revision: 'ba948ece5b*'
System info: os.name: 'Windows 11', os.arch: 'amd64', os.version: '10.0', java.version: '17.0.7'
Driver info: org.openqa.selenium.chrome.ChromeDriver
Command: [8b9c0b6af547184e21dbf79860703e13, findElement {using=xpath, value=//ul[@class='dropdown-menu dropdown-menu-right']//a[text()='My Account']}]
Capabilities {acceptInsecureCerts: true, browserName: chrome, browserVersion: 118.0.5993.118, chrome: {chromedriverVersion: 118.0.5993.70 (e52f33f30b91..., userDataDir: C:\Users\naimn\AppData\Loca...}, fedcm:accounts: true, goog:chromeOptions: {debuggerAddress: localhost:51037}, networkConnectionEnabled: false, pageLoadStrategy: normal, platformName: windows, proxy: Proxy(), se:cdp: ws://localhost:51037/devtoo..., se:cdpVersion: 118.0.5993.118, setWindowRect: true, strictFileInteractability: false, timeouts: {implicit: 0, pageLoad: 300000, script: 30000}, unhandledPromptBehavior: dismiss and notify, webauthn:extension:credBlob: true, webauthn:extension:largeBlob: true, webauthn:extension:minPinLength: true, webauthn:extension:prf: true, webauthn:virtualAuthenticators: true}
Session ID: 8b9c0b6af547184e21dbf79860703e13]]>
            </message>
            <full-stacktrace>
              <![CDATA[org.openqa.selenium.NoSuchElementException: no such element: Unable to locate element: {"method":"xpath","selector":"//ul[@class='dropdown-menu dropdown-menu-right']//a[text()='My Account']"}
  (Session info: chrome=118.0.5993.118)
For documentation on this error, please visit: https://www.selenium.dev/documentation/webdriver/troubleshooting/errors#no-such-element-exception
Build info: version: '4.13.0', revision: 'ba948ece5b*'
System info: os.name: 'Windows 11', os.arch: 'amd64', os.version: '10.0', java.version: '17.0.7'
Driver info: org.openqa.selenium.chrome.ChromeDriver
Command: [8b9c0b6af547184e21dbf79860703e13, findElement {using=xpath, value=//ul[@class='dropdown-menu dropdown-menu-right']//a[text()='My Account']}]
Capabilities {acceptInsecureCerts: true, browserName: chrome, browserVersion: 118.0.5993.118, chrome: {chromedriverVersion: 118.0.5993.70 (e52f33f30b91..., userDataDir: C:\Users\naimn\AppData\Loca...}, fedcm:accounts: true, goog:chromeOptions: {debuggerAddress: localhost:51037}, networkConnectionEnabled: false, pageLoadStrategy: normal, platformName: windows, proxy: Proxy(), se:cdp: ws://localhost:51037/devtoo..., se:cdpVersion: 118.0.5993.118, setWindowRect: true, strictFileInteractability: false, timeouts: {implicit: 0, pageLoad: 300000, script: 30000}, unhandledPromptBehavior: dismiss and notify, webauthn:extension:credBlob: true, webauthn:extension:largeBlob: true, webauthn:extension:minPinLength: true, webauthn:extension:prf: true, webauthn:virtualAuthenticators: true}
Session ID: 8b9c0b6af547184e21dbf79860703e13
at java.base/jdk.internal.reflect.NativeConstructorAccessorImpl.newInstance0(Native Method)
at java.base/jdk.internal.reflect.NativeConstructorAccessorImpl.newInstance(NativeConstructorAccessorImpl.java:77)
at java.base/jdk.internal.reflect.DelegatingConstructorAccessorImpl.newInstance(DelegatingConstructorAccessorImpl.java:45)
at java.base/java.lang.reflect.Constructor.newInstanceWithCaller(Constructor.java:499)
at java.base/java.lang.reflect.Constructor.newInstance(Constructor.java:480)
at org.openqa.selenium.remote.codec.w3c.W3CHttpResponseCodec.createException(W3CHttpResponseCodec.java:200)
at org.openqa.selenium.remote.codec.w3c.W3CHttpResponseCodec.decode(W3CHttpResponseCodec.java:133)
at org.openqa.selenium.remote.codec.w3c.W3CHttpResponseCodec.decode(W3CHttpResponseCodec.java:52)
at org.openqa.selenium.remote.HttpCommandExecutor.execute(HttpCommandExecutor.java:191)
at org.openqa.selenium.remote.service.DriverCommandExecutor.invokeExecute(DriverCommandExecutor.java:196)
at org.openqa.selenium.remote.service.DriverCommandExecutor.execute(DriverCommandExecutor.java:171)
at org.openqa.selenium.remote.RemoteWebDriver.execute(RemoteWebDriver.java:602)
at org.openqa.selenium.remote.ElementLocation$ElementFinder$2.findElement(ElementLocation.java:165)
at org.openqa.selenium.remote.ElementLocation.findElement(ElementLocation.java:59)
at org.openqa.selenium.remote.RemoteWebDriver.findElement(RemoteWebDriver.java:359)
at org.openqa.selenium.remote.RemoteWebDriver.findElement(RemoteWebDriver.java:353)
at org.openqa.selenium.support.pagefactory.DefaultElementLocator.findElement(DefaultElementLocator.java:68)
at org.openqa.selenium.support.pagefactory.internal.LocatingElementHandler.invoke(LocatingElementHandler.java:38)
at jdk.proxy2/jdk.proxy2.$Proxy18.click(Unknown Source)
at pageObjectsfactory.CommonElements.click_MyAccount(CommonElements.java:88)
at openCart.functionalTests.R1dot1_TS003_LogoutFunctionality.r1dot1_TS003_TC003(R1dot1_TS003_LogoutFunctionality.java:72)
at java.base/jdk.internal.reflect.NativeMethodAccessorImpl.invoke0(Native Method)
at java.base/jdk.internal.reflect.NativeMethodAccessorImpl.invoke(NativeMethodAccessorImpl.java:77)
at java.base/jdk.internal.reflect.DelegatingMethodAccessorImpl.invoke(DelegatingMethodAccessorImpl.java:43)
at java.base/java.lang.reflect.Method.invoke(Method.java:568)
at org.testng.internal.invokers.MethodInvocationHelper.invokeMethod(MethodInvocationHelper.java:139)
at org.testng.internal.invokers.TestInvoker.invokeMethod(TestInvoker.java:677)
at org.testng.internal.invokers.TestInvoker.invokeTestMethod(TestInvoker.java:221)
at org.testng.internal.invokers.MethodRunner.runInSequence(MethodRunner.java:50)
at org.testng.internal.invokers.TestInvoker$MethodInvocationAgent.invoke(TestInvoker.java:969)
at org.testng.internal.invokers.TestInvoker.invokeTestMethods(TestInvoker.java:194)
at org.testng.internal.invokers.TestMethodWorker.invokeTestMethods(TestMethodWorker.java:148)
at org.testng.internal.invokers.TestMethodWorker.run(TestMethodWorker.java:128)
at java.base/java.util.concurrent.ThreadPoolExecutor.runWorker(ThreadPoolExecutor.java:1136)
at java.base/java.util.concurrent.ThreadPoolExecutor$Worker.run(ThreadPoolExecutor.java:635)
at java.base/java.lang.Thread.run(Thread.java:833)
]]>
            </full-stacktrace>
          </exception> <!-- org.openqa.selenium.NoSuchElementException -->
          <reporter-output>
          </reporter-output>
        </test-method> <!-- r1dot1_TS003_TC003 -->
        <test-method is-config="true" signature="closeBrowser()[pri:0, instance:openCart.functionalTests.R1dot1_TS003_LogoutFunctionality@1f2586d6]" started-at="2023-10-31T17:33:09 EDT" name="closeBrowser" finished-at="2023-10-31T17:33:09 EDT" duration-ms="177" status="PASS">
          <reporter-output>
          </reporter-output>
        </test-method> <!-- closeBrowser -->
      </class> <!-- openCart.functionalTests.R1dot1_TS003_LogoutFunctionality -->
      <class name="openCart.functionalTests.R1dot1_TS001_RegisterFunctionality">
        <test-method is-config="true" signature="launchBrowser()[pri:0, instance:openCart.functionalTests.R1dot1_TS001_RegisterFunctionality@765d7657]" started-at="2023-10-31T17:32:15 EDT" name="launchBrowser" finished-at="2023-10-31T17:32:26 EDT" duration-ms="10089" status="PASS">
          <reporter-output>
          </reporter-output>
        </test-method> <!-- launchBrowser -->
        <test-method signature="r1dot1_TS001_TC001()[pri:1, instance:openCart.functionalTests.R1dot1_TS001_RegisterFunctionality@765d7657]" started-at="2023-10-31T17:32:26 EDT" name="r1dot1_TS001_TC001" description="R1.1_TS001_TC001 As a user I should be able to Register an Account by providing only the Mandatory fields" finished-at="2023-10-31T17:32:36 EDT" duration-ms="10093" status="PASS">
          <reporter-output>
          </reporter-output>
        </test-method> <!-- r1dot1_TS001_TC001 -->
        <test-method is-config="true" signature="closeBrowser()[pri:0, instance:openCart.functionalTests.R1dot1_TS001_RegisterFunctionality@765d7657]" started-at="2023-10-31T17:32:36 EDT" name="closeBrowser" finished-at="2023-10-31T17:32:37 EDT" duration-ms="1438" status="PASS">
          <reporter-output>
          </reporter-output>
        </test-method> <!-- closeBrowser -->
        <test-method is-config="true" signature="launchBrowser()[pri:0, instance:openCart.functionalTests.R1dot1_TS001_RegisterFunctionality@765d7657]" started-at="2023-10-31T17:32:37 EDT" name="launchBrowser" finished-at="2023-10-31T17:32:43 EDT" duration-ms="5966" status="PASS">
          <reporter-output>
          </reporter-output>
        </test-method> <!-- launchBrowser -->
        <test-method signature="r1dot1_TS001_TC003()[pri:3, instance:openCart.functionalTests.R1dot1_TS001_RegisterFunctionality@765d7657]" started-at="2023-10-31T17:32:43 EDT" name="r1dot1_TS001_TC003" description="R1.1_TS001_TC003 Verify Registering an Account by providing all the fields" finished-at="2023-10-31T17:32:49 EDT" duration-ms="5581" status="PASS">
          <reporter-output>
          </reporter-output>
        </test-method> <!-- r1dot1_TS001_TC003 -->
        <test-method is-config="true" signature="closeBrowser()[pri:0, instance:openCart.functionalTests.R1dot1_TS001_RegisterFunctionality@765d7657]" started-at="2023-10-31T17:32:49 EDT" name="closeBrowser" finished-at="2023-10-31T17:32:49 EDT" duration-ms="378" status="PASS">
          <reporter-output>
          </reporter-output>
        </test-method> <!-- closeBrowser -->
        <test-method is-config="true" signature="launchBrowser()[pri:0, instance:openCart.functionalTests.R1dot1_TS001_RegisterFunctionality@765d7657]" started-at="2023-10-31T17:32:49 EDT" name="launchBrowser" finished-at="2023-10-31T17:32:54 EDT" duration-ms="4863" status="PASS">
          <reporter-output>
          </reporter-output>
        </test-method> <!-- launchBrowser -->
        <test-method signature="r1dot1_TS001_TC004()[pri:4, instance:openCart.functionalTests.R1dot1_TS001_RegisterFunctionality@765d7657]" started-at="2023-10-31T17:32:54 EDT" name="r1dot1_TS001_TC004" description="R1.1_TS001_TC004 Verify proper error messages are displayed for the mandatory fields, when you don&#039;t provide any mandatory fields in the &#039;Register Account&#039; page and submit" finished-at="2023-10-31T17:32:56 EDT" duration-ms="2340" status="PASS">
          <reporter-output>
          </reporter-output>
        </test-method> <!-- r1dot1_TS001_TC004 -->
        <test-method is-config="true" signature="closeBrowser()[pri:0, instance:openCart.functionalTests.R1dot1_TS001_RegisterFunctionality@765d7657]" started-at="2023-10-31T17:32:56 EDT" name="closeBrowser" finished-at="2023-10-31T17:32:56 EDT" duration-ms="180" status="PASS">
          <reporter-output>
          </reporter-output>
        </test-method> <!-- closeBrowser -->
        <test-method is-config="true" signature="launchBrowser()[pri:0, instance:openCart.functionalTests.R1dot1_TS001_RegisterFunctionality@765d7657]" started-at="2023-10-31T17:32:56 EDT" name="launchBrowser" finished-at="2023-10-31T17:33:02 EDT" duration-ms="5248" status="PASS">
          <reporter-output>
          </reporter-output>
        </test-method> <!-- launchBrowser -->
        <test-method signature="r1dot1_TS001_TC005()[pri:5, instance:openCart.functionalTests.R1dot1_TS001_RegisterFunctionality@765d7657]" started-at="2023-10-31T17:33:02 EDT" name="r1dot1_TS001_TC005" description="R1.1_TS001_TC005 As an user I should be able to register an Account by providing only the Mandatory fields and &#039;Yes&#039; option is selected for Newsletter field" finished-at="2023-10-31T17:33:06 EDT" duration-ms="4006" status="PASS">
          <reporter-output>
          </reporter-output>
        </test-method> <!-- r1dot1_TS001_TC005 -->
        <test-method is-config="true" signature="closeBrowser()[pri:0, instance:openCart.functionalTests.R1dot1_TS001_RegisterFunctionality@765d7657]" started-at="2023-10-31T17:33:06 EDT" name="closeBrowser" finished-at="2023-10-31T17:33:06 EDT" duration-ms="190" status="PASS">
          <reporter-output>
          </reporter-output>
        </test-method> <!-- closeBrowser -->
        <test-method is-config="true" signature="launchBrowser()[pri:0, instance:openCart.functionalTests.R1dot1_TS001_RegisterFunctionality@765d7657]" started-at="2023-10-31T17:33:06 EDT" name="launchBrowser" finished-at="2023-10-31T17:33:10 EDT" duration-ms="4535" status="PASS">
          <reporter-output>
          </reporter-output>
        </test-method> <!-- launchBrowser -->
        <test-method signature="r1dot1_TS001_TC006()[pri:6, instance:openCart.functionalTests.R1dot1_TS001_RegisterFunctionality@765d7657]" started-at="2023-10-31T17:33:10 EDT" name="r1dot1_TS001_TC006" description="R1.1_TS001_TC006 As an user when I navigate to the registration page Newsletter field &#039;No&#039; option should be pre-selected" finished-at="2023-10-31T17:33:12 EDT" duration-ms="1174" status="PASS">
          <reporter-output>
          </reporter-output>
        </test-method> <!-- r1dot1_TS001_TC006 -->
        <test-method is-config="true" signature="closeBrowser()[pri:0, instance:openCart.functionalTests.R1dot1_TS001_RegisterFunctionality@765d7657]" started-at="2023-10-31T17:33:12 EDT" name="closeBrowser" finished-at="2023-10-31T17:33:12 EDT" duration-ms="248" status="PASS">
          <reporter-output>
          </reporter-output>
        </test-method> <!-- closeBrowser -->
        <test-method is-config="true" signature="launchBrowser()[pri:0, instance:openCart.functionalTests.R1dot1_TS001_RegisterFunctionality@765d7657]" started-at="2023-10-31T17:33:12 EDT" name="launchBrowser" finished-at="2023-10-31T17:33:17 EDT" duration-ms="4883" status="PASS">
          <reporter-output>
          </reporter-output>
        </test-method> <!-- launchBrowser -->
        <test-method signature="r1dot1_TS001_TC029()[pri:7, instance:openCart.functionalTests.R1dot1_TS001_RegisterFunctionality@765d7657]" started-at="2023-10-31T17:33:17 EDT" name="r1dot1_TS001_TC029" description="R1.1_TS001_TC029 As an user when I navigate to the registration page NEWSLETTER subscribe &quot;Yes&quot; checkBox shouldn’t be pre-selected." finished-at="2023-10-31T17:33:18 EDT" duration-ms="1175" status="PASS">
          <reporter-output>
          </reporter-output>
        </test-method> <!-- r1dot1_TS001_TC029 -->
        <test-method is-config="true" signature="closeBrowser()[pri:0, instance:openCart.functionalTests.R1dot1_TS001_RegisterFunctionality@765d7657]" started-at="2023-10-31T17:33:18 EDT" name="closeBrowser" finished-at="2023-10-31T17:33:18 EDT" duration-ms="180" status="PASS">
          <reporter-output>
          </reporter-output>
        </test-method> <!-- closeBrowser -->
        <test-method is-config="true" signature="launchBrowser()[pri:0, instance:openCart.functionalTests.R1dot1_TS001_RegisterFunctionality@765d7657]" started-at="2023-10-31T17:33:18 EDT" name="launchBrowser" finished-at="2023-10-31T17:33:27 EDT" duration-ms="9265" status="PASS">
          <reporter-output>
          </reporter-output>
        </test-method> <!-- launchBrowser -->
        <test-method signature="r1dot1_TS001_TC028()[pri:28, instance:openCart.functionalTests.R1dot1_TS001_RegisterFunctionality@765d7657]" started-at="2023-10-31T17:33:27 EDT" name="r1dot1_TS001_TC028" description="R1.1_TS001_TC028 Verify the application throws proper error message when user click continue button without selecting privacy and policy check box." finished-at="2023-10-31T17:33:31 EDT" duration-ms="3444" status="PASS">
          <reporter-output>
          </reporter-output>
        </test-method> <!-- r1dot1_TS001_TC028 -->
        <test-method is-config="true" signature="closeBrowser()[pri:0, instance:openCart.functionalTests.R1dot1_TS001_RegisterFunctionality@765d7657]" started-at="2023-10-31T17:33:31 EDT" name="closeBrowser" finished-at="2023-10-31T17:33:31 EDT" duration-ms="186" status="PASS">
          <reporter-output>
          </reporter-output>
        </test-method> <!-- closeBrowser -->
      </class> <!-- openCart.functionalTests.R1dot1_TS001_RegisterFunctionality -->
      <class name="openCart.functionalTests.R1dot1_TS002_LoginFunctionality">
        <test-method is-config="true" signature="launchBrowser()[pri:0, instance:openCart.functionalTests.R1dot1_TS002_LoginFunctionality@2f4948e4]" started-at="2023-10-31T17:32:15 EDT" name="launchBrowser" finished-at="2023-10-31T17:32:26 EDT" duration-ms="10544" status="PASS">
          <reporter-output>
          </reporter-output>
        </test-method> <!-- launchBrowser -->
        <test-method signature="r1dot1_TS002_TC001()[pri:0, instance:openCart.functionalTests.R1dot1_TS002_LoginFunctionality@2f4948e4]" started-at="2023-10-31T17:32:26 EDT" name="r1dot1_TS002_TC001" description="R1.1_TS002_TC001 Verify logging into the Application using valid credentials" finished-at="2023-10-31T17:32:31 EDT" duration-ms="4766" status="PASS">
          <reporter-output>
          </reporter-output>
        </test-method> <!-- r1dot1_TS002_TC001 -->
        <test-method is-config="true" signature="closeBrowser()[pri:0, instance:openCart.functionalTests.R1dot1_TS002_LoginFunctionality@2f4948e4]" started-at="2023-10-31T17:32:31 EDT" name="closeBrowser" finished-at="2023-10-31T17:32:32 EDT" duration-ms="1608" status="PASS">
          <reporter-output>
          </reporter-output>
        </test-method> <!-- closeBrowser -->
        <test-method is-config="true" signature="launchBrowser()[pri:0, instance:openCart.functionalTests.R1dot1_TS002_LoginFunctionality@2f4948e4]" started-at="2023-10-31T17:32:32 EDT" name="launchBrowser" finished-at="2023-10-31T17:32:38 EDT" duration-ms="5848" status="PASS">
          <reporter-output>
          </reporter-output>
        </test-method> <!-- launchBrowser -->
        <test-method signature="r1dot1_TS002_TC002()[pri:1, instance:openCart.functionalTests.R1dot1_TS002_LoginFunctionality@2f4948e4]" started-at="2023-10-31T17:32:38 EDT" name="r1dot1_TS002_TC002" description="R1.1_TS002_TC002 Verify logging into the Application using invalid credentials (i.e. Invalid email address and Invalid Password)" finished-at="2023-10-31T17:32:41 EDT" duration-ms="3025" status="PASS">
          <reporter-output>
          </reporter-output>
        </test-method> <!-- r1dot1_TS002_TC002 -->
        <test-method is-config="true" signature="closeBrowser()[pri:0, instance:openCart.functionalTests.R1dot1_TS002_LoginFunctionality@2f4948e4]" started-at="2023-10-31T17:32:41 EDT" name="closeBrowser" finished-at="2023-10-31T17:32:42 EDT" duration-ms="830" status="PASS">
          <reporter-output>
          </reporter-output>
        </test-method> <!-- closeBrowser -->
        <test-method is-config="true" signature="launchBrowser()[pri:0, instance:openCart.functionalTests.R1dot1_TS002_LoginFunctionality@2f4948e4]" started-at="2023-10-31T17:32:42 EDT" name="launchBrowser" finished-at="2023-10-31T17:32:48 EDT" duration-ms="5810" status="PASS">
          <reporter-output>
          </reporter-output>
        </test-method> <!-- launchBrowser -->
        <test-method signature="r1dot1_TS002_TC003()[pri:1, instance:openCart.functionalTests.R1dot1_TS002_LoginFunctionality@2f4948e4]" started-at="2023-10-31T17:32:48 EDT" name="r1dot1_TS002_TC003" description="R1.1_TS002_TC003 Verify logging into the Application using invalid email address and valid Password" finished-at="2023-10-31T17:32:50 EDT" duration-ms="2439" status="PASS">
          <reporter-output>
          </reporter-output>
        </test-method> <!-- r1dot1_TS002_TC003 -->
        <test-method is-config="true" signature="closeBrowser()[pri:0, instance:openCart.functionalTests.R1dot1_TS002_LoginFunctionality@2f4948e4]" started-at="2023-10-31T17:32:50 EDT" name="closeBrowser" finished-at="2023-10-31T17:32:51 EDT" duration-ms="678" status="PASS">
          <reporter-output>
          </reporter-output>
        </test-method> <!-- closeBrowser -->
      </class> <!-- openCart.functionalTests.R1dot1_TS002_LoginFunctionality -->
    </test> <!-- Draft Test -->
  </suite> <!-- Suite -->
</testng-results>
