<?xml version="1.0" encoding="UTF-8"?>
<testng-results retried="10" ignored="0" total="36" passed="21" failed="5" skipped="0">
  <reporter-output>
  </reporter-output>
  <suite started-at="2023-11-01T06:44:58 EDT" name="Suite" finished-at="2023-11-01T06:46:52 EDT" duration-ms="114445">
    <groups>
      <group name="negative">
        <method signature="R1dot3_TS012_CheckoutFunctionality.R1dot3_TS012_TC001()[pri:0, instance:openCart.functionalTests.R1dot3_TS012_CheckoutFunctionality@9d5509a]" name="R1dot3_TS012_TC001" class="openCart.functionalTests.R1dot3_TS012_CheckoutFunctionality"/>
        <method signature="R1dot1_TS002_LoginFunctionality.r1dot1_TS002_TC002()[pri:1, instance:openCart.functionalTests.R1dot1_TS002_LoginFunctionality@3eb738bb]" name="r1dot1_TS002_TC002" class="openCart.functionalTests.R1dot1_TS002_LoginFunctionality"/>
        <method signature="R1dot1_TS002_LoginFunctionality.r1dot1_TS002_TC003()[pri:1, instance:openCart.functionalTests.R1dot1_TS002_LoginFunctionality@3eb738bb]" name="r1dot1_TS002_TC003" class="openCart.functionalTests.R1dot1_TS002_LoginFunctionality"/>
        <method signature="R1dot1_TS001_RegisterFunctionality.r1dot1_TS001_TC004()[pri:4, instance:openCart.functionalTests.R1dot1_TS001_RegisterFunctionality@233795b6]" name="r1dot1_TS001_TC004" class="openCart.functionalTests.R1dot1_TS001_RegisterFunctionality"/>
        <method signature="R1dot1_TS001_RegisterFunctionality.r1dot1_TS001_TC006()[pri:6, instance:openCart.functionalTests.R1dot1_TS001_RegisterFunctionality@233795b6]" name="r1dot1_TS001_TC006" class="openCart.functionalTests.R1dot1_TS001_RegisterFunctionality"/>
        <method signature="R1dot1_TS001_RegisterFunctionality.r1dot1_TS001_TC029()[pri:7, instance:openCart.functionalTests.R1dot1_TS001_RegisterFunctionality@233795b6]" name="r1dot1_TS001_TC029" class="openCart.functionalTests.R1dot1_TS001_RegisterFunctionality"/>
        <method signature="R1dot1_TS001_RegisterFunctionality.r1dot1_TS001_TC028()[pri:28, instance:openCart.functionalTests.R1dot1_TS001_RegisterFunctionality@233795b6]" name="r1dot1_TS001_TC028" class="openCart.functionalTests.R1dot1_TS001_RegisterFunctionality"/>
      </group> <!-- negative -->
      <group name="possitive">
        <method signature="R1dot1_TS002_LoginFunctionality.r1dot1_TS002_TC001()[pri:0, instance:openCart.functionalTests.R1dot1_TS002_LoginFunctionality@3eb738bb]" name="r1dot1_TS002_TC001" class="openCart.functionalTests.R1dot1_TS002_LoginFunctionality"/>
        <method signature="R1dot1_TS001_RegisterFunctionality.r1dot1_TS001_TC001()[pri:1, instance:openCart.functionalTests.R1dot1_TS001_RegisterFunctionality@233795b6]" name="r1dot1_TS001_TC001" class="openCart.functionalTests.R1dot1_TS001_RegisterFunctionality"/>
        <method signature="R1dot1_TS003_LogoutFunctionality.r1dot1_TS003_TC001()[pri:1, instance:openCart.functionalTests.R1dot1_TS003_LogoutFunctionality@5bda8e08]" name="r1dot1_TS003_TC001" class="openCart.functionalTests.R1dot1_TS003_LogoutFunctionality"/>
        <method signature="R1dot1_TS004_ForgottenPasswordFunctionality.r1dot1_TS004_TC001()[pri:1, instance:openCart.functionalTests.R1dot1_TS004_ForgottenPasswordFunctionality@1e800aaa]" name="r1dot1_TS004_TC001" class="openCart.functionalTests.R1dot1_TS004_ForgottenPasswordFunctionality"/>
        <method signature="R1dot2_TS005_ProductSearchFunctionality.r1dot2_TS005_TC001()[pri:1, instance:openCart.functionalTests.R1dot2_TS005_ProductSearchFunctionality@185a6e9]" name="r1dot2_TS005_TC001" class="openCart.functionalTests.R1dot2_TS005_ProductSearchFunctionality"/>
        <method signature="R1dot2_TS006_ProductCompareFunctionality.r1dot2_TS006_TC001()[pri:1, instance:openCart.functionalTests.R1dot2_TS006_ProductCompareFunctionality@6f03482]" name="r1dot2_TS006_TC001" class="openCart.functionalTests.R1dot2_TS006_ProductCompareFunctionality"/>
        <method signature="R1dot1_TS003_LogoutFunctionality.r1dot1_TS003_TC002()[pri:2, instance:openCart.functionalTests.R1dot1_TS003_LogoutFunctionality@5bda8e08]" name="r1dot1_TS003_TC002" class="openCart.functionalTests.R1dot1_TS003_LogoutFunctionality"/>
        <method signature="R1dot1_TS004_ForgottenPasswordFunctionality.r1dot1_TS004_TC002()[pri:2, instance:openCart.functionalTests.R1dot1_TS004_ForgottenPasswordFunctionality@1e800aaa]" name="r1dot1_TS004_TC002" class="openCart.functionalTests.R1dot1_TS004_ForgottenPasswordFunctionality"/>
        <method signature="R1dot2_TS005_ProductSearchFunctionality.R1dot2_TS005_TC024(java.lang.String)[pri:2, instance:openCart.functionalTests.R1dot2_TS005_ProductSearchFunctionality@185a6e9]" name="R1dot2_TS005_TC024" class="openCart.functionalTests.R1dot2_TS005_ProductSearchFunctionality"/>
        <method signature="R1dot1_TS001_RegisterFunctionality.r1dot1_TS001_TC003()[pri:3, instance:openCart.functionalTests.R1dot1_TS001_RegisterFunctionality@233795b6]" name="r1dot1_TS001_TC003" class="openCart.functionalTests.R1dot1_TS001_RegisterFunctionality"/>
        <method signature="R1dot1_TS003_LogoutFunctionality.r1dot1_TS003_TC003()[pri:3, instance:openCart.functionalTests.R1dot1_TS003_LogoutFunctionality@5bda8e08]" name="r1dot1_TS003_TC003" class="openCart.functionalTests.R1dot1_TS003_LogoutFunctionality"/>
        <method signature="R1dot1_TS001_RegisterFunctionality.r1dot1_TS001_TC005()[pri:5, instance:openCart.functionalTests.R1dot1_TS001_RegisterFunctionality@233795b6]" name="r1dot1_TS001_TC005" class="openCart.functionalTests.R1dot1_TS001_RegisterFunctionality"/>
      </group> <!-- possitive -->
      <group name="smoke">
        <method signature="R1dot1_TS002_LoginFunctionality.r1dot1_TS002_TC001()[pri:0, instance:openCart.functionalTests.R1dot1_TS002_LoginFunctionality@3eb738bb]" name="r1dot1_TS002_TC001" class="openCart.functionalTests.R1dot1_TS002_LoginFunctionality"/>
        <method signature="R1dot1_TS001_RegisterFunctionality.r1dot1_TS001_TC001()[pri:1, instance:openCart.functionalTests.R1dot1_TS001_RegisterFunctionality@233795b6]" name="r1dot1_TS001_TC001" class="openCart.functionalTests.R1dot1_TS001_RegisterFunctionality"/>
        <method signature="R1dot1_TS002_LoginFunctionality.r1dot1_TS002_TC002()[pri:1, instance:openCart.functionalTests.R1dot1_TS002_LoginFunctionality@3eb738bb]" name="r1dot1_TS002_TC002" class="openCart.functionalTests.R1dot1_TS002_LoginFunctionality"/>
        <method signature="R1dot1_TS002_LoginFunctionality.r1dot1_TS002_TC003()[pri:1, instance:openCart.functionalTests.R1dot1_TS002_LoginFunctionality@3eb738bb]" name="r1dot1_TS002_TC003" class="openCart.functionalTests.R1dot1_TS002_LoginFunctionality"/>
        <method signature="R1dot1_TS003_LogoutFunctionality.r1dot1_TS003_TC001()[pri:1, instance:openCart.functionalTests.R1dot1_TS003_LogoutFunctionality@5bda8e08]" name="r1dot1_TS003_TC001" class="openCart.functionalTests.R1dot1_TS003_LogoutFunctionality"/>
        <method signature="R1dot1_TS004_ForgottenPasswordFunctionality.r1dot1_TS004_TC001()[pri:1, instance:openCart.functionalTests.R1dot1_TS004_ForgottenPasswordFunctionality@1e800aaa]" name="r1dot1_TS004_TC001" class="openCart.functionalTests.R1dot1_TS004_ForgottenPasswordFunctionality"/>
        <method signature="R1dot2_TS005_ProductSearchFunctionality.r1dot2_TS005_TC001()[pri:1, instance:openCart.functionalTests.R1dot2_TS005_ProductSearchFunctionality@185a6e9]" name="r1dot2_TS005_TC001" class="openCart.functionalTests.R1dot2_TS005_ProductSearchFunctionality"/>
        <method signature="R1dot1_TS003_LogoutFunctionality.r1dot1_TS003_TC002()[pri:2, instance:openCart.functionalTests.R1dot1_TS003_LogoutFunctionality@5bda8e08]" name="r1dot1_TS003_TC002" class="openCart.functionalTests.R1dot1_TS003_LogoutFunctionality"/>
        <method signature="R1dot1_TS004_ForgottenPasswordFunctionality.r1dot1_TS004_TC002()[pri:2, instance:openCart.functionalTests.R1dot1_TS004_ForgottenPasswordFunctionality@1e800aaa]" name="r1dot1_TS004_TC002" class="openCart.functionalTests.R1dot1_TS004_ForgottenPasswordFunctionality"/>
        <method signature="R1dot2_TS005_ProductSearchFunctionality.R1dot2_TS005_TC024(java.lang.String)[pri:2, instance:openCart.functionalTests.R1dot2_TS005_ProductSearchFunctionality@185a6e9]" name="R1dot2_TS005_TC024" class="openCart.functionalTests.R1dot2_TS005_ProductSearchFunctionality"/>
        <method signature="R1dot1_TS001_RegisterFunctionality.r1dot1_TS001_TC003()[pri:3, instance:openCart.functionalTests.R1dot1_TS001_RegisterFunctionality@233795b6]" name="r1dot1_TS001_TC003" class="openCart.functionalTests.R1dot1_TS001_RegisterFunctionality"/>
        <method signature="R1dot1_TS003_LogoutFunctionality.r1dot1_TS003_TC003()[pri:3, instance:openCart.functionalTests.R1dot1_TS003_LogoutFunctionality@5bda8e08]" name="r1dot1_TS003_TC003" class="openCart.functionalTests.R1dot1_TS003_LogoutFunctionality"/>
        <method signature="R1dot1_TS001_RegisterFunctionality.r1dot1_TS001_TC004()[pri:4, instance:openCart.functionalTests.R1dot1_TS001_RegisterFunctionality@233795b6]" name="r1dot1_TS001_TC004" class="openCart.functionalTests.R1dot1_TS001_RegisterFunctionality"/>
        <method signature="R1dot1_TS001_RegisterFunctionality.r1dot1_TS001_TC005()[pri:5, instance:openCart.functionalTests.R1dot1_TS001_RegisterFunctionality@233795b6]" name="r1dot1_TS001_TC005" class="openCart.functionalTests.R1dot1_TS001_RegisterFunctionality"/>
        <method signature="R1dot1_TS001_RegisterFunctionality.r1dot1_TS001_TC006()[pri:6, instance:openCart.functionalTests.R1dot1_TS001_RegisterFunctionality@233795b6]" name="r1dot1_TS001_TC006" class="openCart.functionalTests.R1dot1_TS001_RegisterFunctionality"/>
        <method signature="R1dot1_TS001_RegisterFunctionality.r1dot1_TS001_TC029()[pri:7, instance:openCart.functionalTests.R1dot1_TS001_RegisterFunctionality@233795b6]" name="r1dot1_TS001_TC029" class="openCart.functionalTests.R1dot1_TS001_RegisterFunctionality"/>
        <method signature="R1dot1_TS001_RegisterFunctionality.r1dot1_TS001_TC028()[pri:28, instance:openCart.functionalTests.R1dot1_TS001_RegisterFunctionality@233795b6]" name="r1dot1_TS001_TC028" class="openCart.functionalTests.R1dot1_TS001_RegisterFunctionality"/>
      </group> <!-- smoke -->
    </groups>
    <test started-at="2023-11-01T06:44:58 EDT" name="Draft_Test" finished-at="2023-11-01T06:46:52 EDT" duration-ms="114445">
      <class name="openCart.functionalTests.R1dot2_TS006_ProductCompareFunctionality">
        <test-method is-config="true" signature="launchBrowser()[pri:0, instance:openCart.functionalTests.R1dot2_TS006_ProductCompareFunctionality@6f03482]" started-at="2023-11-01T06:44:58 EDT" name="launchBrowser" finished-at="2023-11-01T06:45:11 EDT" duration-ms="12757" status="PASS">
          <reporter-output>
          </reporter-output>
        </test-method> <!-- launchBrowser -->
        <test-method signature="r1dot2_TS006_TC001()[pri:1, instance:openCart.functionalTests.R1dot2_TS006_ProductCompareFunctionality@6f03482]" started-at="2023-11-01T06:45:11 EDT" name="r1dot2_TS006_TC001" description="R1.2_TS006_TC001 As an user I should be able to select products for comparison." finished-at="2023-11-01T06:45:36 EDT" duration-ms="25037" status="PASS">
          <reporter-output>
          </reporter-output>
        </test-method> <!-- r1dot2_TS006_TC001 -->
        <test-method is-config="true" signature="closeBrowser()[pri:0, instance:openCart.functionalTests.R1dot2_TS006_ProductCompareFunctionality@6f03482]" started-at="2023-11-01T06:45:36 EDT" name="closeBrowser" finished-at="2023-11-01T06:45:38 EDT" duration-ms="2136" status="PASS">
          <reporter-output>
          </reporter-output>
        </test-method> <!-- closeBrowser -->
      </class> <!-- openCart.functionalTests.R1dot2_TS006_ProductCompareFunctionality -->
      <class name="openCart.functionalTests.R1dot2_TS005_ProductSearchFunctionality">
        <test-method is-config="true" signature="launchBrowser()[pri:0, instance:openCart.functionalTests.R1dot2_TS005_ProductSearchFunctionality@185a6e9]" started-at="2023-11-01T06:44:58 EDT" name="launchBrowser" finished-at="2023-11-01T06:45:09 EDT" duration-ms="10612" status="PASS">
          <reporter-output>
          </reporter-output>
        </test-method> <!-- launchBrowser -->
        <test-method signature="r1dot2_TS005_TC001()[pri:1, instance:openCart.functionalTests.R1dot2_TS005_ProductSearchFunctionality@185a6e9]" started-at="2023-11-01T06:45:09 EDT" name="r1dot2_TS005_TC001" description="R1.2_TS005_TC001 As an user I should be able to search a product which is present in database." finished-at="2023-11-01T06:45:16 EDT" duration-ms="7064" status="PASS">
          <reporter-output>
          </reporter-output>
        </test-method> <!-- r1dot2_TS005_TC001 -->
        <test-method is-config="true" signature="closeBrowser()[pri:0, instance:openCart.functionalTests.R1dot2_TS005_ProductSearchFunctionality@185a6e9]" started-at="2023-11-01T06:45:16 EDT" name="closeBrowser" finished-at="2023-11-01T06:45:16 EDT" duration-ms="631" status="PASS">
          <reporter-output>
          </reporter-output>
        </test-method> <!-- closeBrowser -->
        <test-method is-config="true" signature="launchBrowser()[pri:0, instance:openCart.functionalTests.R1dot2_TS005_ProductSearchFunctionality@185a6e9]" started-at="2023-11-01T06:45:16 EDT" name="launchBrowser" finished-at="2023-11-01T06:45:21 EDT" duration-ms="4200" status="PASS">
          <reporter-output>
          </reporter-output>
        </test-method> <!-- launchBrowser -->
        <test-method signature="R1dot2_TS005_TC024(java.lang.String)[pri:2, instance:openCart.functionalTests.R1dot2_TS005_ProductSearchFunctionality@185a6e9]" started-at="2023-11-01T06:45:21 EDT" name="R1dot2_TS005_TC024" description="R1.2_TS005_TC024 Verify user can select a product from featured product list from HomePage" data-provider="productList" finished-at="2023-11-01T06:45:28 EDT" duration-ms="7029" status="PASS">
          <params>
            <param index="0">
              <value>
                <![CDATA[MacBook]]>
              </value>
            </param>
          </params>
          <reporter-output>
          </reporter-output>
        </test-method> <!-- R1dot2_TS005_TC024 -->
        <test-method is-config="true" signature="closeBrowser()[pri:0, instance:openCart.functionalTests.R1dot2_TS005_ProductSearchFunctionality@185a6e9]" started-at="2023-11-01T06:45:28 EDT" name="closeBrowser" finished-at="2023-11-01T06:45:28 EDT" duration-ms="628" status="PASS">
          <reporter-output>
          </reporter-output>
        </test-method> <!-- closeBrowser -->
        <test-method is-config="true" signature="launchBrowser()[pri:0, instance:openCart.functionalTests.R1dot2_TS005_ProductSearchFunctionality@185a6e9]" started-at="2023-11-01T06:45:28 EDT" name="launchBrowser" finished-at="2023-11-01T06:45:34 EDT" duration-ms="5373" status="PASS">
          <reporter-output>
          </reporter-output>
        </test-method> <!-- launchBrowser -->
        <test-method signature="R1dot2_TS005_TC024(java.lang.String)[pri:2, instance:openCart.functionalTests.R1dot2_TS005_ProductSearchFunctionality@185a6e9]" started-at="2023-11-01T06:45:34 EDT" name="R1dot2_TS005_TC024" description="R1.2_TS005_TC024 Verify user can select a product from featured product list from HomePage" data-provider="productList" finished-at="2023-11-01T06:45:40 EDT" duration-ms="6302" status="PASS">
          <params>
            <param index="0">
              <value>
                <![CDATA[iPhone]]>
              </value>
            </param>
          </params>
          <reporter-output>
          </reporter-output>
        </test-method> <!-- R1dot2_TS005_TC024 -->
        <test-method is-config="true" signature="closeBrowser()[pri:0, instance:openCart.functionalTests.R1dot2_TS005_ProductSearchFunctionality@185a6e9]" started-at="2023-11-01T06:45:40 EDT" name="closeBrowser" finished-at="2023-11-01T06:45:41 EDT" duration-ms="863" status="PASS">
          <reporter-output>
          </reporter-output>
        </test-method> <!-- closeBrowser -->
        <test-method is-config="true" signature="launchBrowser()[pri:0, instance:openCart.functionalTests.R1dot2_TS005_ProductSearchFunctionality@185a6e9]" started-at="2023-11-01T06:45:41 EDT" name="launchBrowser" finished-at="2023-11-01T06:45:47 EDT" duration-ms="5650" status="PASS">
          <reporter-output>
          </reporter-output>
        </test-method> <!-- launchBrowser -->
        <test-method signature="R1dot2_TS005_TC024(java.lang.String)[pri:2, instance:openCart.functionalTests.R1dot2_TS005_ProductSearchFunctionality@185a6e9]" started-at="2023-11-01T06:45:47 EDT" name="R1dot2_TS005_TC024" description="R1.2_TS005_TC024 Verify user can select a product from featured product list from HomePage" data-provider="productList" finished-at="2023-11-01T06:45:50 EDT" duration-ms="3200" status="PASS">
          <params>
            <param index="0">
              <value>
                <![CDATA[Apple Cinema 30"]]>
              </value>
            </param>
          </params>
          <reporter-output>
          </reporter-output>
        </test-method> <!-- R1dot2_TS005_TC024 -->
        <test-method is-config="true" signature="closeBrowser()[pri:0, instance:openCart.functionalTests.R1dot2_TS005_ProductSearchFunctionality@185a6e9]" started-at="2023-11-01T06:45:50 EDT" name="closeBrowser" finished-at="2023-11-01T06:45:51 EDT" duration-ms="856" status="PASS">
          <reporter-output>
          </reporter-output>
        </test-method> <!-- closeBrowser -->
        <test-method is-config="true" signature="launchBrowser()[pri:0, instance:openCart.functionalTests.R1dot2_TS005_ProductSearchFunctionality@185a6e9]" started-at="2023-11-01T06:45:51 EDT" name="launchBrowser" finished-at="2023-11-01T06:45:56 EDT" duration-ms="5303" status="PASS">
          <reporter-output>
          </reporter-output>
        </test-method> <!-- launchBrowser -->
        <test-method signature="R1dot2_TS005_TC024(java.lang.String)[pri:2, instance:openCart.functionalTests.R1dot2_TS005_ProductSearchFunctionality@185a6e9]" started-at="2023-11-01T06:45:56 EDT" name="R1dot2_TS005_TC024" description="R1.2_TS005_TC024 Verify user can select a product from featured product list from HomePage" data-provider="productList" finished-at="2023-11-01T06:45:59 EDT" duration-ms="3160" status="PASS">
          <params>
            <param index="0">
              <value>
                <![CDATA[Canon EOS 5D]]>
              </value>
            </param>
          </params>
          <reporter-output>
          </reporter-output>
        </test-method> <!-- R1dot2_TS005_TC024 -->
        <test-method is-config="true" signature="closeBrowser()[pri:0, instance:openCart.functionalTests.R1dot2_TS005_ProductSearchFunctionality@185a6e9]" started-at="2023-11-01T06:45:59 EDT" name="closeBrowser" finished-at="2023-11-01T06:45:59 EDT" duration-ms="193" status="PASS">
          <reporter-output>
          </reporter-output>
        </test-method> <!-- closeBrowser -->
      </class> <!-- openCart.functionalTests.R1dot2_TS005_ProductSearchFunctionality -->
      <class name="openCart.functionalTests.R1dot1_TS004_ForgottenPasswordFunctionality">
        <test-method is-config="true" signature="launchBrowser()[pri:0, instance:openCart.functionalTests.R1dot1_TS004_ForgottenPasswordFunctionality@1e800aaa]" started-at="2023-11-01T06:44:58 EDT" name="launchBrowser" finished-at="2023-11-01T06:45:08 EDT" duration-ms="9676" status="PASS">
          <reporter-output>
          </reporter-output>
        </test-method> <!-- launchBrowser -->
        <test-method signature="r1dot1_TS004_TC001()[pri:1, instance:openCart.functionalTests.R1dot1_TS004_ForgottenPasswordFunctionality@1e800aaa]" started-at="2023-11-01T06:45:08 EDT" name="r1dot1_TS004_TC001" description="R1.1_TS004_TC001 as a Registered user I should be able to reset my password by using &quot;Forgotten Password&quot; link in &quot;Returning Customer&quot; Login box" finished-at="2023-11-01T06:45:16 EDT" duration-ms="8100" status="PASS">
          <reporter-output>
          </reporter-output>
        </test-method> <!-- r1dot1_TS004_TC001 -->
        <test-method is-config="true" signature="closeBrowser()[pri:0, instance:openCart.functionalTests.R1dot1_TS004_ForgottenPasswordFunctionality@1e800aaa]" started-at="2023-11-01T06:45:16 EDT" name="closeBrowser" finished-at="2023-11-01T06:45:17 EDT" duration-ms="855" status="PASS">
          <reporter-output>
          </reporter-output>
        </test-method> <!-- closeBrowser -->
        <test-method is-config="true" signature="launchBrowser()[pri:0, instance:openCart.functionalTests.R1dot1_TS004_ForgottenPasswordFunctionality@1e800aaa]" started-at="2023-11-01T06:45:17 EDT" name="launchBrowser" finished-at="2023-11-01T06:45:24 EDT" duration-ms="7010" status="PASS">
          <reporter-output>
          </reporter-output>
        </test-method> <!-- launchBrowser -->
        <test-method signature="r1dot1_TS004_TC002()[pri:2, instance:openCart.functionalTests.R1dot1_TS004_ForgottenPasswordFunctionality@1e800aaa]" started-at="2023-11-01T06:45:24 EDT" name="r1dot1_TS004_TC002" description="R1.1_TS004_TC002 as a Registered user I should be able to reset my password by using &quot;Forgotten Password&quot; link in right column" finished-at="2023-11-01T06:45:31 EDT" duration-ms="7198" status="PASS">
          <reporter-output>
          </reporter-output>
        </test-method> <!-- r1dot1_TS004_TC002 -->
        <test-method is-config="true" signature="closeBrowser()[pri:0, instance:openCart.functionalTests.R1dot1_TS004_ForgottenPasswordFunctionality@1e800aaa]" started-at="2023-11-01T06:45:31 EDT" name="closeBrowser" finished-at="2023-11-01T06:45:33 EDT" duration-ms="1515" status="PASS">
          <reporter-output>
          </reporter-output>
        </test-method> <!-- closeBrowser -->
      </class> <!-- openCart.functionalTests.R1dot1_TS004_ForgottenPasswordFunctionality -->
      <class name="openCart.functionalTests.R1dot1_TS003_LogoutFunctionality">
        <test-method is-config="true" signature="launchBrowser()[pri:0, instance:openCart.functionalTests.R1dot1_TS003_LogoutFunctionality@5bda8e08]" started-at="2023-11-01T06:44:58 EDT" name="launchBrowser" finished-at="2023-11-01T06:45:13 EDT" duration-ms="15255" status="PASS">
          <reporter-output>
          </reporter-output>
        </test-method> <!-- launchBrowser -->
        <test-method signature="r1dot1_TS003_TC001()[pri:1, instance:openCart.functionalTests.R1dot1_TS003_LogoutFunctionality@5bda8e08]" started-at="2023-11-01T06:45:13 EDT" name="r1dot1_TS003_TC001" description="R1.1_TS003_TC001 Verify Logging out by selecting Logout option from &#039;My Account&#039; drop menu" finished-at="2023-11-01T06:45:21 EDT" duration-ms="7803" status="PASS">
          <reporter-output>
          </reporter-output>
        </test-method> <!-- r1dot1_TS003_TC001 -->
        <test-method is-config="true" signature="closeBrowser()[pri:0, instance:openCart.functionalTests.R1dot1_TS003_LogoutFunctionality@5bda8e08]" started-at="2023-11-01T06:45:21 EDT" name="closeBrowser" finished-at="2023-11-01T06:45:23 EDT" duration-ms="1278" status="PASS">
          <reporter-output>
          </reporter-output>
        </test-method> <!-- closeBrowser -->
        <test-method is-config="true" signature="launchBrowser()[pri:0, instance:openCart.functionalTests.R1dot1_TS003_LogoutFunctionality@5bda8e08]" started-at="2023-11-01T06:45:23 EDT" name="launchBrowser" finished-at="2023-11-01T06:45:28 EDT" duration-ms="5237" status="PASS">
          <reporter-output>
          </reporter-output>
        </test-method> <!-- launchBrowser -->
        <test-method signature="r1dot1_TS003_TC002()[pri:2, instance:openCart.functionalTests.R1dot1_TS003_LogoutFunctionality@5bda8e08]" started-at="2023-11-01T06:45:28 EDT" name="r1dot1_TS003_TC002" description="R1.1_TS003_TC002 Verify Logging out by selecting Logout option from &#039;Right Column&#039; options" finished-at="2023-11-01T06:45:35 EDT" duration-ms="7711" status="PASS">
          <reporter-output>
          </reporter-output>
        </test-method> <!-- r1dot1_TS003_TC002 -->
        <test-method is-config="true" signature="closeBrowser()[pri:0, instance:openCart.functionalTests.R1dot1_TS003_LogoutFunctionality@5bda8e08]" started-at="2023-11-01T06:45:35 EDT" name="closeBrowser" finished-at="2023-11-01T06:45:37 EDT" duration-ms="1976" status="PASS">
          <reporter-output>
          </reporter-output>
        </test-method> <!-- closeBrowser -->
        <test-method is-config="true" signature="launchBrowser()[pri:0, instance:openCart.functionalTests.R1dot1_TS003_LogoutFunctionality@5bda8e08]" started-at="2023-11-01T06:45:37 EDT" name="launchBrowser" finished-at="2023-11-01T06:45:44 EDT" duration-ms="6308" status="PASS">
          <reporter-output>
          </reporter-output>
        </test-method> <!-- launchBrowser -->
        <test-method retried="true" signature="r1dot1_TS003_TC003()[pri:3, instance:openCart.functionalTests.R1dot1_TS003_LogoutFunctionality@5bda8e08]" started-at="2023-11-01T06:45:44 EDT" name="r1dot1_TS003_TC003" description="R1.1_TS003_TC003 Verify the Application session status, after logging and closing the Browser without logging out" finished-at="2023-11-01T06:46:03 EDT" duration-ms="19210" status="SKIP">
          <exception class="org.openqa.selenium.NoSuchElementException">
            <message>
              <![CDATA[no such element: Unable to locate element: {"method":"xpath","selector":"//ul[@class='dropdown-menu dropdown-menu-right']//a[text()='My Account']"}
  (Session info: chrome=118.0.5993.118)
For documentation on this error, please visit: https://www.selenium.dev/documentation/webdriver/troubleshooting/errors#no-such-element-exception
Build info: version: '4.13.0', revision: 'ba948ece5b*'
System info: os.name: 'Windows 11', os.arch: 'amd64', os.version: '10.0', java.version: '17.0.7'
Driver info: org.openqa.selenium.chrome.ChromeDriver
Command: [d99f678ec76bb7f3fa63394faa76909a, findElement {using=xpath, value=//ul[@class='dropdown-menu dropdown-menu-right']//a[text()='My Account']}]
Capabilities {acceptInsecureCerts: true, browserName: chrome, browserVersion: 118.0.5993.118, chrome: {chromedriverVersion: 118.0.5993.70 (e52f33f30b91..., userDataDir: C:\Users\naimn\AppData\Loca...}, fedcm:accounts: true, goog:chromeOptions: {debuggerAddress: localhost:61945}, networkConnectionEnabled: false, pageLoadStrategy: normal, platformName: windows, proxy: Proxy(), se:cdp: ws://localhost:61945/devtoo..., se:cdpVersion: 118.0.5993.118, setWindowRect: true, strictFileInteractability: false, timeouts: {implicit: 0, pageLoad: 300000, script: 30000}, unhandledPromptBehavior: dismiss and notify, webauthn:extension:credBlob: true, webauthn:extension:largeBlob: true, webauthn:extension:minPinLength: true, webauthn:extension:prf: true, webauthn:virtualAuthenticators: true}
Session ID: d99f678ec76bb7f3fa63394faa76909a]]>
            </message>
            <full-stacktrace>
              <![CDATA[org.openqa.selenium.NoSuchElementException: no such element: Unable to locate element: {"method":"xpath","selector":"//ul[@class='dropdown-menu dropdown-menu-right']//a[text()='My Account']"}
  (Session info: chrome=118.0.5993.118)
For documentation on this error, please visit: https://www.selenium.dev/documentation/webdriver/troubleshooting/errors#no-such-element-exception
Build info: version: '4.13.0', revision: 'ba948ece5b*'
System info: os.name: 'Windows 11', os.arch: 'amd64', os.version: '10.0', java.version: '17.0.7'
Driver info: org.openqa.selenium.chrome.ChromeDriver
Command: [d99f678ec76bb7f3fa63394faa76909a, findElement {using=xpath, value=//ul[@class='dropdown-menu dropdown-menu-right']//a[text()='My Account']}]
Capabilities {acceptInsecureCerts: true, browserName: chrome, browserVersion: 118.0.5993.118, chrome: {chromedriverVersion: 118.0.5993.70 (e52f33f30b91..., userDataDir: C:\Users\naimn\AppData\Loca...}, fedcm:accounts: true, goog:chromeOptions: {debuggerAddress: localhost:61945}, networkConnectionEnabled: false, pageLoadStrategy: normal, platformName: windows, proxy: Proxy(), se:cdp: ws://localhost:61945/devtoo..., se:cdpVersion: 118.0.5993.118, setWindowRect: true, strictFileInteractability: false, timeouts: {implicit: 0, pageLoad: 300000, script: 30000}, unhandledPromptBehavior: dismiss and notify, webauthn:extension:credBlob: true, webauthn:extension:largeBlob: true, webauthn:extension:minPinLength: true, webauthn:extension:prf: true, webauthn:virtualAuthenticators: true}
Session ID: d99f678ec76bb7f3fa63394faa76909a
at java.base/jdk.internal.reflect.NativeConstructorAccessorImpl.newInstance0(Native Method)
at java.base/jdk.internal.reflect.NativeConstructorAccessorImpl.newInstance(NativeConstructorAccessorImpl.java:77)
at java.base/jdk.internal.reflect.DelegatingConstructorAccessorImpl.newInstance(DelegatingConstructorAccessorImpl.java:45)
at java.base/java.lang.reflect.Constructor.newInstanceWithCaller(Constructor.java:499)
at java.base/java.lang.reflect.Constructor.newInstance(Constructor.java:480)
at org.openqa.selenium.remote.codec.w3c.W3CHttpResponseCodec.createException(W3CHttpResponseCodec.java:200)
at org.openqa.selenium.remote.codec.w3c.W3CHttpResponseCodec.decode(W3CHttpResponseCodec.java:133)
at org.openqa.selenium.remote.codec.w3c.W3CHttpResponseCodec.decode(W3CHttpResponseCodec.java:52)
at org.openqa.selenium.remote.HttpCommandExecutor.execute(HttpCommandExecutor.java:191)
at org.openqa.selenium.remote.service.DriverCommandExecutor.invokeExecute(DriverCommandExecutor.java:196)
at org.openqa.selenium.remote.service.DriverCommandExecutor.execute(DriverCommandExecutor.java:171)
at org.openqa.selenium.remote.RemoteWebDriver.execute(RemoteWebDriver.java:602)
at org.openqa.selenium.remote.ElementLocation$ElementFinder$2.findElement(ElementLocation.java:165)
at org.openqa.selenium.remote.ElementLocation.findElement(ElementLocation.java:59)
at org.openqa.selenium.remote.RemoteWebDriver.findElement(RemoteWebDriver.java:359)
at org.openqa.selenium.remote.RemoteWebDriver.findElement(RemoteWebDriver.java:353)
at org.openqa.selenium.support.pagefactory.DefaultElementLocator.findElement(DefaultElementLocator.java:68)
at org.openqa.selenium.support.pagefactory.internal.LocatingElementHandler.invoke(LocatingElementHandler.java:38)
at jdk.proxy2/jdk.proxy2.$Proxy19.click(Unknown Source)
at pageObjectsfactory.CommonElements.click_MyAccount(CommonElements.java:88)
at openCart.functionalTests.R1dot1_TS003_LogoutFunctionality.r1dot1_TS003_TC003(R1dot1_TS003_LogoutFunctionality.java:73)
at java.base/jdk.internal.reflect.NativeMethodAccessorImpl.invoke0(Native Method)
at java.base/jdk.internal.reflect.NativeMethodAccessorImpl.invoke(NativeMethodAccessorImpl.java:77)
at java.base/jdk.internal.reflect.DelegatingMethodAccessorImpl.invoke(DelegatingMethodAccessorImpl.java:43)
at java.base/java.lang.reflect.Method.invoke(Method.java:568)
at org.testng.internal.invokers.MethodInvocationHelper.invokeMethod(MethodInvocationHelper.java:139)
at org.testng.internal.invokers.TestInvoker.invokeMethod(TestInvoker.java:677)
at org.testng.internal.invokers.TestInvoker.invokeTestMethod(TestInvoker.java:221)
at org.testng.internal.invokers.MethodRunner.runInSequence(MethodRunner.java:50)
at org.testng.internal.invokers.TestInvoker$MethodInvocationAgent.invoke(TestInvoker.java:969)
at org.testng.internal.invokers.TestInvoker.invokeTestMethods(TestInvoker.java:194)
at org.testng.internal.invokers.TestMethodWorker.invokeTestMethods(TestMethodWorker.java:148)
at org.testng.internal.invokers.TestMethodWorker.run(TestMethodWorker.java:128)
at java.base/java.util.concurrent.ThreadPoolExecutor.runWorker(ThreadPoolExecutor.java:1136)
at java.base/java.util.concurrent.ThreadPoolExecutor$Worker.run(ThreadPoolExecutor.java:635)
at java.base/java.lang.Thread.run(Thread.java:833)
]]>
            </full-stacktrace>
          </exception> <!-- org.openqa.selenium.NoSuchElementException -->
          <reporter-output>
          </reporter-output>
        </test-method> <!-- r1dot1_TS003_TC003 -->
        <test-method is-config="true" signature="closeBrowser()[pri:0, instance:openCart.functionalTests.R1dot1_TS003_LogoutFunctionality@5bda8e08]" started-at="2023-11-01T06:46:03 EDT" name="closeBrowser" finished-at="2023-11-01T06:46:04 EDT" duration-ms="543" status="PASS">
          <reporter-output>
          </reporter-output>
        </test-method> <!-- closeBrowser -->
        <test-method is-config="true" signature="launchBrowser()[pri:0, instance:openCart.functionalTests.R1dot1_TS003_LogoutFunctionality@5bda8e08]" started-at="2023-11-01T06:46:04 EDT" name="launchBrowser" finished-at="2023-11-01T06:46:09 EDT" duration-ms="5598" status="PASS">
          <reporter-output>
          </reporter-output>
        </test-method> <!-- launchBrowser -->
        <test-method retried="true" signature="r1dot1_TS003_TC003()[pri:3, instance:openCart.functionalTests.R1dot1_TS003_LogoutFunctionality@5bda8e08]" started-at="2023-11-01T06:46:09 EDT" name="r1dot1_TS003_TC003" description="R1.1_TS003_TC003 Verify the Application session status, after logging and closing the Browser without logging out" finished-at="2023-11-01T06:46:27 EDT" duration-ms="18071" status="SKIP">
          <exception class="org.openqa.selenium.NoSuchElementException">
            <message>
              <![CDATA[no such element: Unable to locate element: {"method":"xpath","selector":"//ul[@class='dropdown-menu dropdown-menu-right']//a[text()='My Account']"}
  (Session info: chrome=118.0.5993.118)
For documentation on this error, please visit: https://www.selenium.dev/documentation/webdriver/troubleshooting/errors#no-such-element-exception
Build info: version: '4.13.0', revision: 'ba948ece5b*'
System info: os.name: 'Windows 11', os.arch: 'amd64', os.version: '10.0', java.version: '17.0.7'
Driver info: org.openqa.selenium.chrome.ChromeDriver
Command: [8559558b9101dea35852a29eabd02b82, findElement {using=xpath, value=//ul[@class='dropdown-menu dropdown-menu-right']//a[text()='My Account']}]
Capabilities {acceptInsecureCerts: true, browserName: chrome, browserVersion: 118.0.5993.118, chrome: {chromedriverVersion: 118.0.5993.70 (e52f33f30b91..., userDataDir: C:\Users\naimn\AppData\Loca...}, fedcm:accounts: true, goog:chromeOptions: {debuggerAddress: localhost:62146}, networkConnectionEnabled: false, pageLoadStrategy: normal, platformName: windows, proxy: Proxy(), se:cdp: ws://localhost:62146/devtoo..., se:cdpVersion: 118.0.5993.118, setWindowRect: true, strictFileInteractability: false, timeouts: {implicit: 0, pageLoad: 300000, script: 30000}, unhandledPromptBehavior: dismiss and notify, webauthn:extension:credBlob: true, webauthn:extension:largeBlob: true, webauthn:extension:minPinLength: true, webauthn:extension:prf: true, webauthn:virtualAuthenticators: true}
Session ID: 8559558b9101dea35852a29eabd02b82]]>
            </message>
            <full-stacktrace>
              <![CDATA[org.openqa.selenium.NoSuchElementException: no such element: Unable to locate element: {"method":"xpath","selector":"//ul[@class='dropdown-menu dropdown-menu-right']//a[text()='My Account']"}
  (Session info: chrome=118.0.5993.118)
For documentation on this error, please visit: https://www.selenium.dev/documentation/webdriver/troubleshooting/errors#no-such-element-exception
Build info: version: '4.13.0', revision: 'ba948ece5b*'
System info: os.name: 'Windows 11', os.arch: 'amd64', os.version: '10.0', java.version: '17.0.7'
Driver info: org.openqa.selenium.chrome.ChromeDriver
Command: [8559558b9101dea35852a29eabd02b82, findElement {using=xpath, value=//ul[@class='dropdown-menu dropdown-menu-right']//a[text()='My Account']}]
Capabilities {acceptInsecureCerts: true, browserName: chrome, browserVersion: 118.0.5993.118, chrome: {chromedriverVersion: 118.0.5993.70 (e52f33f30b91..., userDataDir: C:\Users\naimn\AppData\Loca...}, fedcm:accounts: true, goog:chromeOptions: {debuggerAddress: localhost:62146}, networkConnectionEnabled: false, pageLoadStrategy: normal, platformName: windows, proxy: Proxy(), se:cdp: ws://localhost:62146/devtoo..., se:cdpVersion: 118.0.5993.118, setWindowRect: true, strictFileInteractability: false, timeouts: {implicit: 0, pageLoad: 300000, script: 30000}, unhandledPromptBehavior: dismiss and notify, webauthn:extension:credBlob: true, webauthn:extension:largeBlob: true, webauthn:extension:minPinLength: true, webauthn:extension:prf: true, webauthn:virtualAuthenticators: true}
Session ID: 8559558b9101dea35852a29eabd02b82
at java.base/jdk.internal.reflect.NativeConstructorAccessorImpl.newInstance0(Native Method)
at java.base/jdk.internal.reflect.NativeConstructorAccessorImpl.newInstance(NativeConstructorAccessorImpl.java:77)
at java.base/jdk.internal.reflect.DelegatingConstructorAccessorImpl.newInstance(DelegatingConstructorAccessorImpl.java:45)
at java.base/java.lang.reflect.Constructor.newInstanceWithCaller(Constructor.java:499)
at java.base/java.lang.reflect.Constructor.newInstance(Constructor.java:480)
at org.openqa.selenium.remote.codec.w3c.W3CHttpResponseCodec.createException(W3CHttpResponseCodec.java:200)
at org.openqa.selenium.remote.codec.w3c.W3CHttpResponseCodec.decode(W3CHttpResponseCodec.java:133)
at org.openqa.selenium.remote.codec.w3c.W3CHttpResponseCodec.decode(W3CHttpResponseCodec.java:52)
at org.openqa.selenium.remote.HttpCommandExecutor.execute(HttpCommandExecutor.java:191)
at org.openqa.selenium.remote.service.DriverCommandExecutor.invokeExecute(DriverCommandExecutor.java:196)
at org.openqa.selenium.remote.service.DriverCommandExecutor.execute(DriverCommandExecutor.java:171)
at org.openqa.selenium.remote.RemoteWebDriver.execute(RemoteWebDriver.java:602)
at org.openqa.selenium.remote.ElementLocation$ElementFinder$2.findElement(ElementLocation.java:165)
at org.openqa.selenium.remote.ElementLocation.findElement(ElementLocation.java:59)
at org.openqa.selenium.remote.RemoteWebDriver.findElement(RemoteWebDriver.java:359)
at org.openqa.selenium.remote.RemoteWebDriver.findElement(RemoteWebDriver.java:353)
at org.openqa.selenium.support.pagefactory.DefaultElementLocator.findElement(DefaultElementLocator.java:68)
at org.openqa.selenium.support.pagefactory.internal.LocatingElementHandler.invoke(LocatingElementHandler.java:38)
at jdk.proxy2/jdk.proxy2.$Proxy19.click(Unknown Source)
at pageObjectsfactory.CommonElements.click_MyAccount(CommonElements.java:88)
at openCart.functionalTests.R1dot1_TS003_LogoutFunctionality.r1dot1_TS003_TC003(R1dot1_TS003_LogoutFunctionality.java:73)
at java.base/jdk.internal.reflect.NativeMethodAccessorImpl.invoke0(Native Method)
at java.base/jdk.internal.reflect.NativeMethodAccessorImpl.invoke(NativeMethodAccessorImpl.java:77)
at java.base/jdk.internal.reflect.DelegatingMethodAccessorImpl.invoke(DelegatingMethodAccessorImpl.java:43)
at java.base/java.lang.reflect.Method.invoke(Method.java:568)
at org.testng.internal.invokers.MethodInvocationHelper.invokeMethod(MethodInvocationHelper.java:139)
at org.testng.internal.invokers.TestInvoker.invokeMethod(TestInvoker.java:677)
at org.testng.internal.invokers.TestInvoker.retryFailed(TestInvoker.java:263)
at org.testng.internal.invokers.MethodRunner.runInSequence(MethodRunner.java:62)
at org.testng.internal.invokers.TestInvoker$MethodInvocationAgent.invoke(TestInvoker.java:969)
at org.testng.internal.invokers.TestInvoker.invokeTestMethods(TestInvoker.java:194)
at org.testng.internal.invokers.TestMethodWorker.invokeTestMethods(TestMethodWorker.java:148)
at org.testng.internal.invokers.TestMethodWorker.run(TestMethodWorker.java:128)
at java.base/java.util.concurrent.ThreadPoolExecutor.runWorker(ThreadPoolExecutor.java:1136)
at java.base/java.util.concurrent.ThreadPoolExecutor$Worker.run(ThreadPoolExecutor.java:635)
at java.base/java.lang.Thread.run(Thread.java:833)
]]>
            </full-stacktrace>
          </exception> <!-- org.openqa.selenium.NoSuchElementException -->
          <reporter-output>
          </reporter-output>
        </test-method> <!-- r1dot1_TS003_TC003 -->
        <test-method is-config="true" signature="closeBrowser()[pri:0, instance:openCart.functionalTests.R1dot1_TS003_LogoutFunctionality@5bda8e08]" started-at="2023-11-01T06:46:27 EDT" name="closeBrowser" finished-at="2023-11-01T06:46:27 EDT" duration-ms="178" status="PASS">
          <reporter-output>
          </reporter-output>
        </test-method> <!-- closeBrowser -->
        <test-method is-config="true" signature="launchBrowser()[pri:0, instance:openCart.functionalTests.R1dot1_TS003_LogoutFunctionality@5bda8e08]" started-at="2023-11-01T06:46:27 EDT" name="launchBrowser" finished-at="2023-11-01T06:46:32 EDT" duration-ms="5129" status="PASS">
          <reporter-output>
          </reporter-output>
        </test-method> <!-- launchBrowser -->
        <test-method signature="r1dot1_TS003_TC003()[pri:3, instance:openCart.functionalTests.R1dot1_TS003_LogoutFunctionality@5bda8e08]" started-at="2023-11-01T06:46:32 EDT" name="r1dot1_TS003_TC003" description="R1.1_TS003_TC003 Verify the Application session status, after logging and closing the Browser without logging out" finished-at="2023-11-01T06:46:52 EDT" duration-ms="19153" status="FAIL">
          <exception class="org.openqa.selenium.NoSuchElementException">
            <message>
              <![CDATA[no such element: Unable to locate element: {"method":"xpath","selector":"//ul[@class='dropdown-menu dropdown-menu-right']//a[text()='My Account']"}
  (Session info: chrome=118.0.5993.118)
For documentation on this error, please visit: https://www.selenium.dev/documentation/webdriver/troubleshooting/errors#no-such-element-exception
Build info: version: '4.13.0', revision: 'ba948ece5b*'
System info: os.name: 'Windows 11', os.arch: 'amd64', os.version: '10.0', java.version: '17.0.7'
Driver info: org.openqa.selenium.chrome.ChromeDriver
Command: [e0b21fcd0dfb9bbd9b167ff21143a380, findElement {using=xpath, value=//ul[@class='dropdown-menu dropdown-menu-right']//a[text()='My Account']}]
Capabilities {acceptInsecureCerts: true, browserName: chrome, browserVersion: 118.0.5993.118, chrome: {chromedriverVersion: 118.0.5993.70 (e52f33f30b91..., userDataDir: C:\Users\naimn\AppData\Loca...}, fedcm:accounts: true, goog:chromeOptions: {debuggerAddress: localhost:62261}, networkConnectionEnabled: false, pageLoadStrategy: normal, platformName: windows, proxy: Proxy(), se:cdp: ws://localhost:62261/devtoo..., se:cdpVersion: 118.0.5993.118, setWindowRect: true, strictFileInteractability: false, timeouts: {implicit: 0, pageLoad: 300000, script: 30000}, unhandledPromptBehavior: dismiss and notify, webauthn:extension:credBlob: true, webauthn:extension:largeBlob: true, webauthn:extension:minPinLength: true, webauthn:extension:prf: true, webauthn:virtualAuthenticators: true}
Session ID: e0b21fcd0dfb9bbd9b167ff21143a380]]>
            </message>
            <full-stacktrace>
              <![CDATA[org.openqa.selenium.NoSuchElementException: no such element: Unable to locate element: {"method":"xpath","selector":"//ul[@class='dropdown-menu dropdown-menu-right']//a[text()='My Account']"}
  (Session info: chrome=118.0.5993.118)
For documentation on this error, please visit: https://www.selenium.dev/documentation/webdriver/troubleshooting/errors#no-such-element-exception
Build info: version: '4.13.0', revision: 'ba948ece5b*'
System info: os.name: 'Windows 11', os.arch: 'amd64', os.version: '10.0', java.version: '17.0.7'
Driver info: org.openqa.selenium.chrome.ChromeDriver
Command: [e0b21fcd0dfb9bbd9b167ff21143a380, findElement {using=xpath, value=//ul[@class='dropdown-menu dropdown-menu-right']//a[text()='My Account']}]
Capabilities {acceptInsecureCerts: true, browserName: chrome, browserVersion: 118.0.5993.118, chrome: {chromedriverVersion: 118.0.5993.70 (e52f33f30b91..., userDataDir: C:\Users\naimn\AppData\Loca...}, fedcm:accounts: true, goog:chromeOptions: {debuggerAddress: localhost:62261}, networkConnectionEnabled: false, pageLoadStrategy: normal, platformName: windows, proxy: Proxy(), se:cdp: ws://localhost:62261/devtoo..., se:cdpVersion: 118.0.5993.118, setWindowRect: true, strictFileInteractability: false, timeouts: {implicit: 0, pageLoad: 300000, script: 30000}, unhandledPromptBehavior: dismiss and notify, webauthn:extension:credBlob: true, webauthn:extension:largeBlob: true, webauthn:extension:minPinLength: true, webauthn:extension:prf: true, webauthn:virtualAuthenticators: true}
Session ID: e0b21fcd0dfb9bbd9b167ff21143a380
at java.base/jdk.internal.reflect.NativeConstructorAccessorImpl.newInstance0(Native Method)
at java.base/jdk.internal.reflect.NativeConstructorAccessorImpl.newInstance(NativeConstructorAccessorImpl.java:77)
at java.base/jdk.internal.reflect.DelegatingConstructorAccessorImpl.newInstance(DelegatingConstructorAccessorImpl.java:45)
at java.base/java.lang.reflect.Constructor.newInstanceWithCaller(Constructor.java:499)
at java.base/java.lang.reflect.Constructor.newInstance(Constructor.java:480)
at org.openqa.selenium.remote.codec.w3c.W3CHttpResponseCodec.createException(W3CHttpResponseCodec.java:200)
at org.openqa.selenium.remote.codec.w3c.W3CHttpResponseCodec.decode(W3CHttpResponseCodec.java:133)
at org.openqa.selenium.remote.codec.w3c.W3CHttpResponseCodec.decode(W3CHttpResponseCodec.java:52)
at org.openqa.selenium.remote.HttpCommandExecutor.execute(HttpCommandExecutor.java:191)
at org.openqa.selenium.remote.service.DriverCommandExecutor.invokeExecute(DriverCommandExecutor.java:196)
at org.openqa.selenium.remote.service.DriverCommandExecutor.execute(DriverCommandExecutor.java:171)
at org.openqa.selenium.remote.RemoteWebDriver.execute(RemoteWebDriver.java:602)
at org.openqa.selenium.remote.ElementLocation$ElementFinder$2.findElement(ElementLocation.java:165)
at org.openqa.selenium.remote.ElementLocation.findElement(ElementLocation.java:59)
at org.openqa.selenium.remote.RemoteWebDriver.findElement(RemoteWebDriver.java:359)
at org.openqa.selenium.remote.RemoteWebDriver.findElement(RemoteWebDriver.java:353)
at org.openqa.selenium.support.pagefactory.DefaultElementLocator.findElement(DefaultElementLocator.java:68)
at org.openqa.selenium.support.pagefactory.internal.LocatingElementHandler.invoke(LocatingElementHandler.java:38)
at jdk.proxy2/jdk.proxy2.$Proxy19.click(Unknown Source)
at pageObjectsfactory.CommonElements.click_MyAccount(CommonElements.java:88)
at openCart.functionalTests.R1dot1_TS003_LogoutFunctionality.r1dot1_TS003_TC003(R1dot1_TS003_LogoutFunctionality.java:73)
at java.base/jdk.internal.reflect.NativeMethodAccessorImpl.invoke0(Native Method)
at java.base/jdk.internal.reflect.NativeMethodAccessorImpl.invoke(NativeMethodAccessorImpl.java:77)
at java.base/jdk.internal.reflect.DelegatingMethodAccessorImpl.invoke(DelegatingMethodAccessorImpl.java:43)
at java.base/java.lang.reflect.Method.invoke(Method.java:568)
at org.testng.internal.invokers.MethodInvocationHelper.invokeMethod(MethodInvocationHelper.java:139)
at org.testng.internal.invokers.TestInvoker.invokeMethod(TestInvoker.java:677)
at org.testng.internal.invokers.TestInvoker.retryFailed(TestInvoker.java:263)
at org.testng.internal.invokers.MethodRunner.runInSequence(MethodRunner.java:62)
at org.testng.internal.invokers.TestInvoker$MethodInvocationAgent.invoke(TestInvoker.java:969)
at org.testng.internal.invokers.TestInvoker.invokeTestMethods(TestInvoker.java:194)
at org.testng.internal.invokers.TestMethodWorker.invokeTestMethods(TestMethodWorker.java:148)
at org.testng.internal.invokers.TestMethodWorker.run(TestMethodWorker.java:128)
at java.base/java.util.concurrent.ThreadPoolExecutor.runWorker(ThreadPoolExecutor.java:1136)
at java.base/java.util.concurrent.ThreadPoolExecutor$Worker.run(ThreadPoolExecutor.java:635)
at java.base/java.lang.Thread.run(Thread.java:833)
]]>
            </full-stacktrace>
          </exception> <!-- org.openqa.selenium.NoSuchElementException -->
          <reporter-output>
          </reporter-output>
        </test-method> <!-- r1dot1_TS003_TC003 -->
        <test-method is-config="true" signature="closeBrowser()[pri:0, instance:openCart.functionalTests.R1dot1_TS003_LogoutFunctionality@5bda8e08]" started-at="2023-11-01T06:46:52 EDT" name="closeBrowser" finished-at="2023-11-01T06:46:52 EDT" duration-ms="187" status="PASS">
          <reporter-output>
          </reporter-output>
        </test-method> <!-- closeBrowser -->
      </class> <!-- openCart.functionalTests.R1dot1_TS003_LogoutFunctionality -->
      <class name="openCart.functionalTests.Dratf">
        <test-method is-config="true" signature="launchBrowser()[pri:0, instance:openCart.functionalTests.Dratf@1d296da]" started-at="2023-11-01T06:44:58 EDT" name="launchBrowser" finished-at="2023-11-01T06:45:08 EDT" duration-ms="9844" status="PASS">
          <reporter-output>
          </reporter-output>
        </test-method> <!-- launchBrowser -->
        <test-method retried="true" signature="draft()[pri:0, instance:openCart.functionalTests.Dratf@1d296da]" started-at="2023-11-01T06:45:08 EDT" name="draft" description="fail test" finished-at="2023-11-01T06:45:08 EDT" duration-ms="49" status="SKIP">
          <exception class="java.lang.AssertionError">
            <message>
              <![CDATA[expected [true] but found [false]]]>
            </message>
            <full-stacktrace>
              <![CDATA[java.lang.AssertionError: expected [true] but found [false]
at org.testng.Assert.fail(Assert.java:110)
at org.testng.Assert.failNotEquals(Assert.java:1577)
at org.testng.Assert.assertTrue(Assert.java:56)
at org.testng.Assert.assertTrue(Assert.java:66)
at openCart.functionalTests.Dratf.draft(Dratf.java:27)
at java.base/jdk.internal.reflect.NativeMethodAccessorImpl.invoke0(Native Method)
at java.base/jdk.internal.reflect.NativeMethodAccessorImpl.invoke(NativeMethodAccessorImpl.java:77)
at java.base/jdk.internal.reflect.DelegatingMethodAccessorImpl.invoke(DelegatingMethodAccessorImpl.java:43)
at java.base/java.lang.reflect.Method.invoke(Method.java:568)
at org.testng.internal.invokers.MethodInvocationHelper.invokeMethod(MethodInvocationHelper.java:139)
at org.testng.internal.invokers.TestInvoker.invokeMethod(TestInvoker.java:677)
at org.testng.internal.invokers.TestInvoker.invokeTestMethod(TestInvoker.java:221)
at org.testng.internal.invokers.MethodRunner.runInSequence(MethodRunner.java:50)
at org.testng.internal.invokers.TestInvoker$MethodInvocationAgent.invoke(TestInvoker.java:969)
at org.testng.internal.invokers.TestInvoker.invokeTestMethods(TestInvoker.java:194)
at org.testng.internal.invokers.TestMethodWorker.invokeTestMethods(TestMethodWorker.java:148)
at org.testng.internal.invokers.TestMethodWorker.run(TestMethodWorker.java:128)
at java.base/java.util.concurrent.ThreadPoolExecutor.runWorker(ThreadPoolExecutor.java:1136)
at java.base/java.util.concurrent.ThreadPoolExecutor$Worker.run(ThreadPoolExecutor.java:635)
at java.base/java.lang.Thread.run(Thread.java:833)
]]>
            </full-stacktrace>
          </exception> <!-- java.lang.AssertionError -->
          <reporter-output>
          </reporter-output>
        </test-method> <!-- draft -->
        <test-method is-config="true" signature="closeBrowser()[pri:0, instance:openCart.functionalTests.Dratf@1d296da]" started-at="2023-11-01T06:45:08 EDT" name="closeBrowser" finished-at="2023-11-01T06:45:16 EDT" duration-ms="8130" status="PASS">
          <reporter-output>
          </reporter-output>
        </test-method> <!-- closeBrowser -->
        <test-method is-config="true" signature="launchBrowser()[pri:0, instance:openCart.functionalTests.Dratf@1d296da]" started-at="2023-11-01T06:45:16 EDT" name="launchBrowser" finished-at="2023-11-01T06:45:22 EDT" duration-ms="5846" status="PASS">
          <reporter-output>
          </reporter-output>
        </test-method> <!-- launchBrowser -->
        <test-method retried="true" signature="draft()[pri:0, instance:openCart.functionalTests.Dratf@1d296da]" started-at="2023-11-01T06:45:22 EDT" name="draft" description="fail test" finished-at="2023-11-01T06:45:22 EDT" duration-ms="2" status="SKIP">
          <exception class="java.lang.AssertionError">
            <message>
              <![CDATA[expected [true] but found [false]]]>
            </message>
            <full-stacktrace>
              <![CDATA[java.lang.AssertionError: expected [true] but found [false]
at org.testng.Assert.fail(Assert.java:110)
at org.testng.Assert.failNotEquals(Assert.java:1577)
at org.testng.Assert.assertTrue(Assert.java:56)
at org.testng.Assert.assertTrue(Assert.java:66)
at openCart.functionalTests.Dratf.draft(Dratf.java:27)
at java.base/jdk.internal.reflect.NativeMethodAccessorImpl.invoke0(Native Method)
at java.base/jdk.internal.reflect.NativeMethodAccessorImpl.invoke(NativeMethodAccessorImpl.java:77)
at java.base/jdk.internal.reflect.DelegatingMethodAccessorImpl.invoke(DelegatingMethodAccessorImpl.java:43)
at java.base/java.lang.reflect.Method.invoke(Method.java:568)
at org.testng.internal.invokers.MethodInvocationHelper.invokeMethod(MethodInvocationHelper.java:139)
at org.testng.internal.invokers.TestInvoker.invokeMethod(TestInvoker.java:677)
at org.testng.internal.invokers.TestInvoker.retryFailed(TestInvoker.java:263)
at org.testng.internal.invokers.MethodRunner.runInSequence(MethodRunner.java:62)
at org.testng.internal.invokers.TestInvoker$MethodInvocationAgent.invoke(TestInvoker.java:969)
at org.testng.internal.invokers.TestInvoker.invokeTestMethods(TestInvoker.java:194)
at org.testng.internal.invokers.TestMethodWorker.invokeTestMethods(TestMethodWorker.java:148)
at org.testng.internal.invokers.TestMethodWorker.run(TestMethodWorker.java:128)
at java.base/java.util.concurrent.ThreadPoolExecutor.runWorker(ThreadPoolExecutor.java:1136)
at java.base/java.util.concurrent.ThreadPoolExecutor$Worker.run(ThreadPoolExecutor.java:635)
at java.base/java.lang.Thread.run(Thread.java:833)
]]>
            </full-stacktrace>
          </exception> <!-- java.lang.AssertionError -->
          <reporter-output>
          </reporter-output>
        </test-method> <!-- draft -->
        <test-method is-config="true" signature="closeBrowser()[pri:0, instance:openCart.functionalTests.Dratf@1d296da]" started-at="2023-11-01T06:45:22 EDT" name="closeBrowser" finished-at="2023-11-01T06:45:22 EDT" duration-ms="387" status="PASS">
          <reporter-output>
          </reporter-output>
        </test-method> <!-- closeBrowser -->
        <test-method is-config="true" signature="launchBrowser()[pri:0, instance:openCart.functionalTests.Dratf@1d296da]" started-at="2023-11-01T06:45:22 EDT" name="launchBrowser" finished-at="2023-11-01T06:45:30 EDT" duration-ms="7168" status="PASS">
          <reporter-output>
          </reporter-output>
        </test-method> <!-- launchBrowser -->
        <test-method signature="draft()[pri:0, instance:openCart.functionalTests.Dratf@1d296da]" started-at="2023-11-01T06:45:30 EDT" name="draft" description="fail test" finished-at="2023-11-01T06:45:30 EDT" duration-ms="1" status="FAIL">
          <exception class="java.lang.AssertionError">
            <message>
              <![CDATA[expected [true] but found [false]]]>
            </message>
            <full-stacktrace>
              <![CDATA[java.lang.AssertionError: expected [true] but found [false]
at org.testng.Assert.fail(Assert.java:110)
at org.testng.Assert.failNotEquals(Assert.java:1577)
at org.testng.Assert.assertTrue(Assert.java:56)
at org.testng.Assert.assertTrue(Assert.java:66)
at openCart.functionalTests.Dratf.draft(Dratf.java:27)
at java.base/jdk.internal.reflect.NativeMethodAccessorImpl.invoke0(Native Method)
at java.base/jdk.internal.reflect.NativeMethodAccessorImpl.invoke(NativeMethodAccessorImpl.java:77)
at java.base/jdk.internal.reflect.DelegatingMethodAccessorImpl.invoke(DelegatingMethodAccessorImpl.java:43)
at java.base/java.lang.reflect.Method.invoke(Method.java:568)
at org.testng.internal.invokers.MethodInvocationHelper.invokeMethod(MethodInvocationHelper.java:139)
at org.testng.internal.invokers.TestInvoker.invokeMethod(TestInvoker.java:677)
at org.testng.internal.invokers.TestInvoker.retryFailed(TestInvoker.java:263)
at org.testng.internal.invokers.MethodRunner.runInSequence(MethodRunner.java:62)
at org.testng.internal.invokers.TestInvoker$MethodInvocationAgent.invoke(TestInvoker.java:969)
at org.testng.internal.invokers.TestInvoker.invokeTestMethods(TestInvoker.java:194)
at org.testng.internal.invokers.TestMethodWorker.invokeTestMethods(TestMethodWorker.java:148)
at org.testng.internal.invokers.TestMethodWorker.run(TestMethodWorker.java:128)
at java.base/java.util.concurrent.ThreadPoolExecutor.runWorker(ThreadPoolExecutor.java:1136)
at java.base/java.util.concurrent.ThreadPoolExecutor$Worker.run(ThreadPoolExecutor.java:635)
at java.base/java.lang.Thread.run(Thread.java:833)
]]>
            </full-stacktrace>
          </exception> <!-- java.lang.AssertionError -->
          <reporter-output>
          </reporter-output>
        </test-method> <!-- draft -->
        <test-method is-config="true" signature="closeBrowser()[pri:0, instance:openCart.functionalTests.Dratf@1d296da]" started-at="2023-11-01T06:45:30 EDT" name="closeBrowser" finished-at="2023-11-01T06:45:32 EDT" duration-ms="2213" status="PASS">
          <reporter-output>
          </reporter-output>
        </test-method> <!-- closeBrowser -->
        <test-method is-config="true" signature="launchBrowser()[pri:0, instance:openCart.functionalTests.Dratf@1d296da]" started-at="2023-11-01T06:45:32 EDT" name="launchBrowser" finished-at="2023-11-01T06:45:41 EDT" duration-ms="8773" status="PASS">
          <reporter-output>
          </reporter-output>
        </test-method> <!-- launchBrowser -->
        <test-method retried="true" signature="draft1()[pri:0, instance:openCart.functionalTests.Dratf@1d296da]" started-at="2023-11-01T06:45:41 EDT" name="draft1" description="fail test" finished-at="2023-11-01T06:45:41 EDT" duration-ms="5" status="SKIP">
          <exception class="java.lang.AssertionError">
            <message>
              <![CDATA[expected [true] but found [false]]]>
            </message>
            <full-stacktrace>
              <![CDATA[java.lang.AssertionError: expected [true] but found [false]
at org.testng.Assert.fail(Assert.java:110)
at org.testng.Assert.failNotEquals(Assert.java:1577)
at org.testng.Assert.assertTrue(Assert.java:56)
at org.testng.Assert.assertTrue(Assert.java:66)
at openCart.functionalTests.Dratf.draft1(Dratf.java:33)
at java.base/jdk.internal.reflect.NativeMethodAccessorImpl.invoke0(Native Method)
at java.base/jdk.internal.reflect.NativeMethodAccessorImpl.invoke(NativeMethodAccessorImpl.java:77)
at java.base/jdk.internal.reflect.DelegatingMethodAccessorImpl.invoke(DelegatingMethodAccessorImpl.java:43)
at java.base/java.lang.reflect.Method.invoke(Method.java:568)
at org.testng.internal.invokers.MethodInvocationHelper.invokeMethod(MethodInvocationHelper.java:139)
at org.testng.internal.invokers.TestInvoker.invokeMethod(TestInvoker.java:677)
at org.testng.internal.invokers.TestInvoker.invokeTestMethod(TestInvoker.java:221)
at org.testng.internal.invokers.MethodRunner.runInSequence(MethodRunner.java:50)
at org.testng.internal.invokers.TestInvoker$MethodInvocationAgent.invoke(TestInvoker.java:969)
at org.testng.internal.invokers.TestInvoker.invokeTestMethods(TestInvoker.java:194)
at org.testng.internal.invokers.TestMethodWorker.invokeTestMethods(TestMethodWorker.java:148)
at org.testng.internal.invokers.TestMethodWorker.run(TestMethodWorker.java:128)
at java.base/java.util.concurrent.ThreadPoolExecutor.runWorker(ThreadPoolExecutor.java:1136)
at java.base/java.util.concurrent.ThreadPoolExecutor$Worker.run(ThreadPoolExecutor.java:635)
at java.base/java.lang.Thread.run(Thread.java:833)
]]>
            </full-stacktrace>
          </exception> <!-- java.lang.AssertionError -->
          <reporter-output>
          </reporter-output>
        </test-method> <!-- draft1 -->
        <test-method is-config="true" signature="closeBrowser()[pri:0, instance:openCart.functionalTests.Dratf@1d296da]" started-at="2023-11-01T06:45:41 EDT" name="closeBrowser" finished-at="2023-11-01T06:45:42 EDT" duration-ms="488" status="PASS">
          <reporter-output>
          </reporter-output>
        </test-method> <!-- closeBrowser -->
        <test-method is-config="true" signature="launchBrowser()[pri:0, instance:openCart.functionalTests.Dratf@1d296da]" started-at="2023-11-01T06:45:42 EDT" name="launchBrowser" finished-at="2023-11-01T06:45:48 EDT" duration-ms="5993" status="PASS">
          <reporter-output>
          </reporter-output>
        </test-method> <!-- launchBrowser -->
        <test-method retried="true" signature="draft1()[pri:0, instance:openCart.functionalTests.Dratf@1d296da]" started-at="2023-11-01T06:45:48 EDT" name="draft1" description="fail test" finished-at="2023-11-01T06:45:48 EDT" duration-ms="2" status="SKIP">
          <exception class="java.lang.AssertionError">
            <message>
              <![CDATA[expected [true] but found [false]]]>
            </message>
            <full-stacktrace>
              <![CDATA[java.lang.AssertionError: expected [true] but found [false]
at org.testng.Assert.fail(Assert.java:110)
at org.testng.Assert.failNotEquals(Assert.java:1577)
at org.testng.Assert.assertTrue(Assert.java:56)
at org.testng.Assert.assertTrue(Assert.java:66)
at openCart.functionalTests.Dratf.draft1(Dratf.java:33)
at java.base/jdk.internal.reflect.NativeMethodAccessorImpl.invoke0(Native Method)
at java.base/jdk.internal.reflect.NativeMethodAccessorImpl.invoke(NativeMethodAccessorImpl.java:77)
at java.base/jdk.internal.reflect.DelegatingMethodAccessorImpl.invoke(DelegatingMethodAccessorImpl.java:43)
at java.base/java.lang.reflect.Method.invoke(Method.java:568)
at org.testng.internal.invokers.MethodInvocationHelper.invokeMethod(MethodInvocationHelper.java:139)
at org.testng.internal.invokers.TestInvoker.invokeMethod(TestInvoker.java:677)
at org.testng.internal.invokers.TestInvoker.retryFailed(TestInvoker.java:263)
at org.testng.internal.invokers.MethodRunner.runInSequence(MethodRunner.java:62)
at org.testng.internal.invokers.TestInvoker$MethodInvocationAgent.invoke(TestInvoker.java:969)
at org.testng.internal.invokers.TestInvoker.invokeTestMethods(TestInvoker.java:194)
at org.testng.internal.invokers.TestMethodWorker.invokeTestMethods(TestMethodWorker.java:148)
at org.testng.internal.invokers.TestMethodWorker.run(TestMethodWorker.java:128)
at java.base/java.util.concurrent.ThreadPoolExecutor.runWorker(ThreadPoolExecutor.java:1136)
at java.base/java.util.concurrent.ThreadPoolExecutor$Worker.run(ThreadPoolExecutor.java:635)
at java.base/java.lang.Thread.run(Thread.java:833)
]]>
            </full-stacktrace>
          </exception> <!-- java.lang.AssertionError -->
          <reporter-output>
          </reporter-output>
        </test-method> <!-- draft1 -->
        <test-method is-config="true" signature="closeBrowser()[pri:0, instance:openCart.functionalTests.Dratf@1d296da]" started-at="2023-11-01T06:45:48 EDT" name="closeBrowser" finished-at="2023-11-01T06:45:48 EDT" duration-ms="291" status="PASS">
          <reporter-output>
          </reporter-output>
        </test-method> <!-- closeBrowser -->
        <test-method is-config="true" signature="launchBrowser()[pri:0, instance:openCart.functionalTests.Dratf@1d296da]" started-at="2023-11-01T06:45:48 EDT" name="launchBrowser" finished-at="2023-11-01T06:45:55 EDT" duration-ms="6618" status="PASS">
          <reporter-output>
          </reporter-output>
        </test-method> <!-- launchBrowser -->
        <test-method signature="draft1()[pri:0, instance:openCart.functionalTests.Dratf@1d296da]" started-at="2023-11-01T06:45:55 EDT" name="draft1" description="fail test" finished-at="2023-11-01T06:45:55 EDT" duration-ms="1" status="FAIL">
          <exception class="java.lang.AssertionError">
            <message>
              <![CDATA[expected [true] but found [false]]]>
            </message>
            <full-stacktrace>
              <![CDATA[java.lang.AssertionError: expected [true] but found [false]
at org.testng.Assert.fail(Assert.java:110)
at org.testng.Assert.failNotEquals(Assert.java:1577)
at org.testng.Assert.assertTrue(Assert.java:56)
at org.testng.Assert.assertTrue(Assert.java:66)
at openCart.functionalTests.Dratf.draft1(Dratf.java:33)
at java.base/jdk.internal.reflect.NativeMethodAccessorImpl.invoke0(Native Method)
at java.base/jdk.internal.reflect.NativeMethodAccessorImpl.invoke(NativeMethodAccessorImpl.java:77)
at java.base/jdk.internal.reflect.DelegatingMethodAccessorImpl.invoke(DelegatingMethodAccessorImpl.java:43)
at java.base/java.lang.reflect.Method.invoke(Method.java:568)
at org.testng.internal.invokers.MethodInvocationHelper.invokeMethod(MethodInvocationHelper.java:139)
at org.testng.internal.invokers.TestInvoker.invokeMethod(TestInvoker.java:677)
at org.testng.internal.invokers.TestInvoker.retryFailed(TestInvoker.java:263)
at org.testng.internal.invokers.MethodRunner.runInSequence(MethodRunner.java:62)
at org.testng.internal.invokers.TestInvoker$MethodInvocationAgent.invoke(TestInvoker.java:969)
at org.testng.internal.invokers.TestInvoker.invokeTestMethods(TestInvoker.java:194)
at org.testng.internal.invokers.TestMethodWorker.invokeTestMethods(TestMethodWorker.java:148)
at org.testng.internal.invokers.TestMethodWorker.run(TestMethodWorker.java:128)
at java.base/java.util.concurrent.ThreadPoolExecutor.runWorker(ThreadPoolExecutor.java:1136)
at java.base/java.util.concurrent.ThreadPoolExecutor$Worker.run(ThreadPoolExecutor.java:635)
at java.base/java.lang.Thread.run(Thread.java:833)
]]>
            </full-stacktrace>
          </exception> <!-- java.lang.AssertionError -->
          <reporter-output>
          </reporter-output>
        </test-method> <!-- draft1 -->
        <test-method is-config="true" signature="closeBrowser()[pri:0, instance:openCart.functionalTests.Dratf@1d296da]" started-at="2023-11-01T06:45:55 EDT" name="closeBrowser" finished-at="2023-11-01T06:45:55 EDT" duration-ms="196" status="PASS">
          <reporter-output>
          </reporter-output>
        </test-method> <!-- closeBrowser -->
        <test-method is-config="true" signature="launchBrowser()[pri:0, instance:openCart.functionalTests.Dratf@1d296da]" started-at="2023-11-01T06:45:55 EDT" name="launchBrowser" finished-at="2023-11-01T06:46:02 EDT" duration-ms="7030" status="PASS">
          <reporter-output>
          </reporter-output>
        </test-method> <!-- launchBrowser -->
        <test-method retried="true" signature="draft2()[pri:0, instance:openCart.functionalTests.Dratf@1d296da]" started-at="2023-11-01T06:46:02 EDT" name="draft2" description="fail test" finished-at="2023-11-01T06:46:02 EDT" duration-ms="0" status="SKIP">
          <exception class="java.lang.AssertionError">
            <message>
              <![CDATA[expected [true] but found [false]]]>
            </message>
            <full-stacktrace>
              <![CDATA[java.lang.AssertionError: expected [true] but found [false]
at org.testng.Assert.fail(Assert.java:110)
at org.testng.Assert.failNotEquals(Assert.java:1577)
at org.testng.Assert.assertTrue(Assert.java:56)
at org.testng.Assert.assertTrue(Assert.java:66)
at openCart.functionalTests.Dratf.draft2(Dratf.java:39)
at java.base/jdk.internal.reflect.NativeMethodAccessorImpl.invoke0(Native Method)
at java.base/jdk.internal.reflect.NativeMethodAccessorImpl.invoke(NativeMethodAccessorImpl.java:77)
at java.base/jdk.internal.reflect.DelegatingMethodAccessorImpl.invoke(DelegatingMethodAccessorImpl.java:43)
at java.base/java.lang.reflect.Method.invoke(Method.java:568)
at org.testng.internal.invokers.MethodInvocationHelper.invokeMethod(MethodInvocationHelper.java:139)
at org.testng.internal.invokers.TestInvoker.invokeMethod(TestInvoker.java:677)
at org.testng.internal.invokers.TestInvoker.invokeTestMethod(TestInvoker.java:221)
at org.testng.internal.invokers.MethodRunner.runInSequence(MethodRunner.java:50)
at org.testng.internal.invokers.TestInvoker$MethodInvocationAgent.invoke(TestInvoker.java:969)
at org.testng.internal.invokers.TestInvoker.invokeTestMethods(TestInvoker.java:194)
at org.testng.internal.invokers.TestMethodWorker.invokeTestMethods(TestMethodWorker.java:148)
at org.testng.internal.invokers.TestMethodWorker.run(TestMethodWorker.java:128)
at java.base/java.util.concurrent.ThreadPoolExecutor.runWorker(ThreadPoolExecutor.java:1136)
at java.base/java.util.concurrent.ThreadPoolExecutor$Worker.run(ThreadPoolExecutor.java:635)
at java.base/java.lang.Thread.run(Thread.java:833)
]]>
            </full-stacktrace>
          </exception> <!-- java.lang.AssertionError -->
          <reporter-output>
          </reporter-output>
        </test-method> <!-- draft2 -->
        <test-method is-config="true" signature="closeBrowser()[pri:0, instance:openCart.functionalTests.Dratf@1d296da]" started-at="2023-11-01T06:46:02 EDT" name="closeBrowser" finished-at="2023-11-01T06:46:02 EDT" duration-ms="176" status="PASS">
          <reporter-output>
          </reporter-output>
        </test-method> <!-- closeBrowser -->
        <test-method is-config="true" signature="launchBrowser()[pri:0, instance:openCart.functionalTests.Dratf@1d296da]" started-at="2023-11-01T06:46:02 EDT" name="launchBrowser" finished-at="2023-11-01T06:46:06 EDT" duration-ms="3366" status="PASS">
          <reporter-output>
          </reporter-output>
        </test-method> <!-- launchBrowser -->
        <test-method retried="true" signature="draft2()[pri:0, instance:openCart.functionalTests.Dratf@1d296da]" started-at="2023-11-01T06:46:06 EDT" name="draft2" description="fail test" finished-at="2023-11-01T06:46:06 EDT" duration-ms="1" status="SKIP">
          <exception class="java.lang.AssertionError">
            <message>
              <![CDATA[expected [true] but found [false]]]>
            </message>
            <full-stacktrace>
              <![CDATA[java.lang.AssertionError: expected [true] but found [false]
at org.testng.Assert.fail(Assert.java:110)
at org.testng.Assert.failNotEquals(Assert.java:1577)
at org.testng.Assert.assertTrue(Assert.java:56)
at org.testng.Assert.assertTrue(Assert.java:66)
at openCart.functionalTests.Dratf.draft2(Dratf.java:39)
at java.base/jdk.internal.reflect.NativeMethodAccessorImpl.invoke0(Native Method)
at java.base/jdk.internal.reflect.NativeMethodAccessorImpl.invoke(NativeMethodAccessorImpl.java:77)
at java.base/jdk.internal.reflect.DelegatingMethodAccessorImpl.invoke(DelegatingMethodAccessorImpl.java:43)
at java.base/java.lang.reflect.Method.invoke(Method.java:568)
at org.testng.internal.invokers.MethodInvocationHelper.invokeMethod(MethodInvocationHelper.java:139)
at org.testng.internal.invokers.TestInvoker.invokeMethod(TestInvoker.java:677)
at org.testng.internal.invokers.TestInvoker.retryFailed(TestInvoker.java:263)
at org.testng.internal.invokers.MethodRunner.runInSequence(MethodRunner.java:62)
at org.testng.internal.invokers.TestInvoker$MethodInvocationAgent.invoke(TestInvoker.java:969)
at org.testng.internal.invokers.TestInvoker.invokeTestMethods(TestInvoker.java:194)
at org.testng.internal.invokers.TestMethodWorker.invokeTestMethods(TestMethodWorker.java:148)
at org.testng.internal.invokers.TestMethodWorker.run(TestMethodWorker.java:128)
at java.base/java.util.concurrent.ThreadPoolExecutor.runWorker(ThreadPoolExecutor.java:1136)
at java.base/java.util.concurrent.ThreadPoolExecutor$Worker.run(ThreadPoolExecutor.java:635)
at java.base/java.lang.Thread.run(Thread.java:833)
]]>
            </full-stacktrace>
          </exception> <!-- java.lang.AssertionError -->
          <reporter-output>
          </reporter-output>
        </test-method> <!-- draft2 -->
        <test-method is-config="true" signature="closeBrowser()[pri:0, instance:openCart.functionalTests.Dratf@1d296da]" started-at="2023-11-01T06:46:06 EDT" name="closeBrowser" finished-at="2023-11-01T06:46:06 EDT" duration-ms="314" status="PASS">
          <reporter-output>
          </reporter-output>
        </test-method> <!-- closeBrowser -->
        <test-method is-config="true" signature="launchBrowser()[pri:0, instance:openCart.functionalTests.Dratf@1d296da]" started-at="2023-11-01T06:46:06 EDT" name="launchBrowser" finished-at="2023-11-01T06:46:11 EDT" duration-ms="5071" status="PASS">
          <reporter-output>
          </reporter-output>
        </test-method> <!-- launchBrowser -->
        <test-method signature="draft2()[pri:0, instance:openCart.functionalTests.Dratf@1d296da]" started-at="2023-11-01T06:46:11 EDT" name="draft2" description="fail test" finished-at="2023-11-01T06:46:11 EDT" duration-ms="2" status="FAIL">
          <exception class="java.lang.AssertionError">
            <message>
              <![CDATA[expected [true] but found [false]]]>
            </message>
            <full-stacktrace>
              <![CDATA[java.lang.AssertionError: expected [true] but found [false]
at org.testng.Assert.fail(Assert.java:110)
at org.testng.Assert.failNotEquals(Assert.java:1577)
at org.testng.Assert.assertTrue(Assert.java:56)
at org.testng.Assert.assertTrue(Assert.java:66)
at openCart.functionalTests.Dratf.draft2(Dratf.java:39)
at java.base/jdk.internal.reflect.NativeMethodAccessorImpl.invoke0(Native Method)
at java.base/jdk.internal.reflect.NativeMethodAccessorImpl.invoke(NativeMethodAccessorImpl.java:77)
at java.base/jdk.internal.reflect.DelegatingMethodAccessorImpl.invoke(DelegatingMethodAccessorImpl.java:43)
at java.base/java.lang.reflect.Method.invoke(Method.java:568)
at org.testng.internal.invokers.MethodInvocationHelper.invokeMethod(MethodInvocationHelper.java:139)
at org.testng.internal.invokers.TestInvoker.invokeMethod(TestInvoker.java:677)
at org.testng.internal.invokers.TestInvoker.retryFailed(TestInvoker.java:263)
at org.testng.internal.invokers.MethodRunner.runInSequence(MethodRunner.java:62)
at org.testng.internal.invokers.TestInvoker$MethodInvocationAgent.invoke(TestInvoker.java:969)
at org.testng.internal.invokers.TestInvoker.invokeTestMethods(TestInvoker.java:194)
at org.testng.internal.invokers.TestMethodWorker.invokeTestMethods(TestMethodWorker.java:148)
at org.testng.internal.invokers.TestMethodWorker.run(TestMethodWorker.java:128)
at java.base/java.util.concurrent.ThreadPoolExecutor.runWorker(ThreadPoolExecutor.java:1136)
at java.base/java.util.concurrent.ThreadPoolExecutor$Worker.run(ThreadPoolExecutor.java:635)
at java.base/java.lang.Thread.run(Thread.java:833)
]]>
            </full-stacktrace>
          </exception> <!-- java.lang.AssertionError -->
          <reporter-output>
          </reporter-output>
        </test-method> <!-- draft2 -->
        <test-method is-config="true" signature="closeBrowser()[pri:0, instance:openCart.functionalTests.Dratf@1d296da]" started-at="2023-11-01T06:46:11 EDT" name="closeBrowser" finished-at="2023-11-01T06:46:12 EDT" duration-ms="194" status="PASS">
          <reporter-output>
          </reporter-output>
        </test-method> <!-- closeBrowser -->
        <test-method is-config="true" signature="launchBrowser()[pri:0, instance:openCart.functionalTests.Dratf@1d296da]" started-at="2023-11-01T06:46:12 EDT" name="launchBrowser" finished-at="2023-11-01T06:46:17 EDT" duration-ms="5665" status="PASS">
          <reporter-output>
          </reporter-output>
        </test-method> <!-- launchBrowser -->
        <test-method retried="true" signature="draft3()[pri:0, instance:openCart.functionalTests.Dratf@1d296da]" started-at="2023-11-01T06:46:17 EDT" name="draft3" description="fail test" finished-at="2023-11-01T06:46:17 EDT" duration-ms="1" status="SKIP">
          <exception class="java.lang.AssertionError">
            <message>
              <![CDATA[expected [true] but found [false]]]>
            </message>
            <full-stacktrace>
              <![CDATA[java.lang.AssertionError: expected [true] but found [false]
at org.testng.Assert.fail(Assert.java:110)
at org.testng.Assert.failNotEquals(Assert.java:1577)
at org.testng.Assert.assertTrue(Assert.java:56)
at org.testng.Assert.assertTrue(Assert.java:66)
at openCart.functionalTests.Dratf.draft3(Dratf.java:45)
at java.base/jdk.internal.reflect.NativeMethodAccessorImpl.invoke0(Native Method)
at java.base/jdk.internal.reflect.NativeMethodAccessorImpl.invoke(NativeMethodAccessorImpl.java:77)
at java.base/jdk.internal.reflect.DelegatingMethodAccessorImpl.invoke(DelegatingMethodAccessorImpl.java:43)
at java.base/java.lang.reflect.Method.invoke(Method.java:568)
at org.testng.internal.invokers.MethodInvocationHelper.invokeMethod(MethodInvocationHelper.java:139)
at org.testng.internal.invokers.TestInvoker.invokeMethod(TestInvoker.java:677)
at org.testng.internal.invokers.TestInvoker.invokeTestMethod(TestInvoker.java:221)
at org.testng.internal.invokers.MethodRunner.runInSequence(MethodRunner.java:50)
at org.testng.internal.invokers.TestInvoker$MethodInvocationAgent.invoke(TestInvoker.java:969)
at org.testng.internal.invokers.TestInvoker.invokeTestMethods(TestInvoker.java:194)
at org.testng.internal.invokers.TestMethodWorker.invokeTestMethods(TestMethodWorker.java:148)
at org.testng.internal.invokers.TestMethodWorker.run(TestMethodWorker.java:128)
at java.base/java.util.concurrent.ThreadPoolExecutor.runWorker(ThreadPoolExecutor.java:1136)
at java.base/java.util.concurrent.ThreadPoolExecutor$Worker.run(ThreadPoolExecutor.java:635)
at java.base/java.lang.Thread.run(Thread.java:833)
]]>
            </full-stacktrace>
          </exception> <!-- java.lang.AssertionError -->
          <reporter-output>
          </reporter-output>
        </test-method> <!-- draft3 -->
        <test-method is-config="true" signature="closeBrowser()[pri:0, instance:openCart.functionalTests.Dratf@1d296da]" started-at="2023-11-01T06:46:17 EDT" name="closeBrowser" finished-at="2023-11-01T06:46:17 EDT" duration-ms="185" status="PASS">
          <reporter-output>
          </reporter-output>
        </test-method> <!-- closeBrowser -->
        <test-method is-config="true" signature="launchBrowser()[pri:0, instance:openCart.functionalTests.Dratf@1d296da]" started-at="2023-11-01T06:46:17 EDT" name="launchBrowser" finished-at="2023-11-01T06:46:23 EDT" duration-ms="5348" status="PASS">
          <reporter-output>
          </reporter-output>
        </test-method> <!-- launchBrowser -->
        <test-method retried="true" signature="draft3()[pri:0, instance:openCart.functionalTests.Dratf@1d296da]" started-at="2023-11-01T06:46:23 EDT" name="draft3" description="fail test" finished-at="2023-11-01T06:46:23 EDT" duration-ms="1" status="SKIP">
          <exception class="java.lang.AssertionError">
            <message>
              <![CDATA[expected [true] but found [false]]]>
            </message>
            <full-stacktrace>
              <![CDATA[java.lang.AssertionError: expected [true] but found [false]
at org.testng.Assert.fail(Assert.java:110)
at org.testng.Assert.failNotEquals(Assert.java:1577)
at org.testng.Assert.assertTrue(Assert.java:56)
at org.testng.Assert.assertTrue(Assert.java:66)
at openCart.functionalTests.Dratf.draft3(Dratf.java:45)
at java.base/jdk.internal.reflect.NativeMethodAccessorImpl.invoke0(Native Method)
at java.base/jdk.internal.reflect.NativeMethodAccessorImpl.invoke(NativeMethodAccessorImpl.java:77)
at java.base/jdk.internal.reflect.DelegatingMethodAccessorImpl.invoke(DelegatingMethodAccessorImpl.java:43)
at java.base/java.lang.reflect.Method.invoke(Method.java:568)
at org.testng.internal.invokers.MethodInvocationHelper.invokeMethod(MethodInvocationHelper.java:139)
at org.testng.internal.invokers.TestInvoker.invokeMethod(TestInvoker.java:677)
at org.testng.internal.invokers.TestInvoker.retryFailed(TestInvoker.java:263)
at org.testng.internal.invokers.MethodRunner.runInSequence(MethodRunner.java:62)
at org.testng.internal.invokers.TestInvoker$MethodInvocationAgent.invoke(TestInvoker.java:969)
at org.testng.internal.invokers.TestInvoker.invokeTestMethods(TestInvoker.java:194)
at org.testng.internal.invokers.TestMethodWorker.invokeTestMethods(TestMethodWorker.java:148)
at org.testng.internal.invokers.TestMethodWorker.run(TestMethodWorker.java:128)
at java.base/java.util.concurrent.ThreadPoolExecutor.runWorker(ThreadPoolExecutor.java:1136)
at java.base/java.util.concurrent.ThreadPoolExecutor$Worker.run(ThreadPoolExecutor.java:635)
at java.base/java.lang.Thread.run(Thread.java:833)
]]>
            </full-stacktrace>
          </exception> <!-- java.lang.AssertionError -->
          <reporter-output>
          </reporter-output>
        </test-method> <!-- draft3 -->
        <test-method is-config="true" signature="closeBrowser()[pri:0, instance:openCart.functionalTests.Dratf@1d296da]" started-at="2023-11-01T06:46:23 EDT" name="closeBrowser" finished-at="2023-11-01T06:46:23 EDT" duration-ms="221" status="PASS">
          <reporter-output>
          </reporter-output>
        </test-method> <!-- closeBrowser -->
        <test-method is-config="true" signature="launchBrowser()[pri:0, instance:openCart.functionalTests.Dratf@1d296da]" started-at="2023-11-01T06:46:23 EDT" name="launchBrowser" finished-at="2023-11-01T06:46:29 EDT" duration-ms="5542" status="PASS">
          <reporter-output>
          </reporter-output>
        </test-method> <!-- launchBrowser -->
        <test-method signature="draft3()[pri:0, instance:openCart.functionalTests.Dratf@1d296da]" started-at="2023-11-01T06:46:29 EDT" name="draft3" description="fail test" finished-at="2023-11-01T06:46:29 EDT" duration-ms="1" status="FAIL">
          <exception class="java.lang.AssertionError">
            <message>
              <![CDATA[expected [true] but found [false]]]>
            </message>
            <full-stacktrace>
              <![CDATA[java.lang.AssertionError: expected [true] but found [false]
at org.testng.Assert.fail(Assert.java:110)
at org.testng.Assert.failNotEquals(Assert.java:1577)
at org.testng.Assert.assertTrue(Assert.java:56)
at org.testng.Assert.assertTrue(Assert.java:66)
at openCart.functionalTests.Dratf.draft3(Dratf.java:45)
at java.base/jdk.internal.reflect.NativeMethodAccessorImpl.invoke0(Native Method)
at java.base/jdk.internal.reflect.NativeMethodAccessorImpl.invoke(NativeMethodAccessorImpl.java:77)
at java.base/jdk.internal.reflect.DelegatingMethodAccessorImpl.invoke(DelegatingMethodAccessorImpl.java:43)
at java.base/java.lang.reflect.Method.invoke(Method.java:568)
at org.testng.internal.invokers.MethodInvocationHelper.invokeMethod(MethodInvocationHelper.java:139)
at org.testng.internal.invokers.TestInvoker.invokeMethod(TestInvoker.java:677)
at org.testng.internal.invokers.TestInvoker.retryFailed(TestInvoker.java:263)
at org.testng.internal.invokers.MethodRunner.runInSequence(MethodRunner.java:62)
at org.testng.internal.invokers.TestInvoker$MethodInvocationAgent.invoke(TestInvoker.java:969)
at org.testng.internal.invokers.TestInvoker.invokeTestMethods(TestInvoker.java:194)
at org.testng.internal.invokers.TestMethodWorker.invokeTestMethods(TestMethodWorker.java:148)
at org.testng.internal.invokers.TestMethodWorker.run(TestMethodWorker.java:128)
at java.base/java.util.concurrent.ThreadPoolExecutor.runWorker(ThreadPoolExecutor.java:1136)
at java.base/java.util.concurrent.ThreadPoolExecutor$Worker.run(ThreadPoolExecutor.java:635)
at java.base/java.lang.Thread.run(Thread.java:833)
]]>
            </full-stacktrace>
          </exception> <!-- java.lang.AssertionError -->
          <reporter-output>
          </reporter-output>
        </test-method> <!-- draft3 -->
        <test-method is-config="true" signature="closeBrowser()[pri:0, instance:openCart.functionalTests.Dratf@1d296da]" started-at="2023-11-01T06:46:29 EDT" name="closeBrowser" finished-at="2023-11-01T06:46:29 EDT" duration-ms="227" status="PASS">
          <reporter-output>
          </reporter-output>
        </test-method> <!-- closeBrowser -->
      </class> <!-- openCart.functionalTests.Dratf -->
      <class name="openCart.functionalTests.R1dot1_TS001_RegisterFunctionality">
        <test-method is-config="true" signature="launchBrowser()[pri:0, instance:openCart.functionalTests.R1dot1_TS001_RegisterFunctionality@233795b6]" started-at="2023-11-01T06:44:58 EDT" name="launchBrowser" finished-at="2023-11-01T06:45:08 EDT" duration-ms="10181" status="PASS">
          <reporter-output>
          </reporter-output>
        </test-method> <!-- launchBrowser -->
        <test-method signature="r1dot1_TS001_TC001()[pri:1, instance:openCart.functionalTests.R1dot1_TS001_RegisterFunctionality@233795b6]" started-at="2023-11-01T06:45:08 EDT" name="r1dot1_TS001_TC001" description="R1.1_TS001_TC001 As a user I should be able to Register an Account by providing only the Mandatory fields" finished-at="2023-11-01T06:45:19 EDT" duration-ms="10189" status="PASS">
          <reporter-output>
          </reporter-output>
        </test-method> <!-- r1dot1_TS001_TC001 -->
        <test-method is-config="true" signature="closeBrowser()[pri:0, instance:openCart.functionalTests.R1dot1_TS001_RegisterFunctionality@233795b6]" started-at="2023-11-01T06:45:19 EDT" name="closeBrowser" finished-at="2023-11-01T06:45:22 EDT" duration-ms="3459" status="PASS">
          <reporter-output>
          </reporter-output>
        </test-method> <!-- closeBrowser -->
        <test-method is-config="true" signature="launchBrowser()[pri:0, instance:openCart.functionalTests.R1dot1_TS001_RegisterFunctionality@233795b6]" started-at="2023-11-01T06:45:22 EDT" name="launchBrowser" finished-at="2023-11-01T06:45:28 EDT" duration-ms="6029" status="PASS">
          <reporter-output>
          </reporter-output>
        </test-method> <!-- launchBrowser -->
        <test-method signature="r1dot1_TS001_TC003()[pri:3, instance:openCart.functionalTests.R1dot1_TS001_RegisterFunctionality@233795b6]" started-at="2023-11-01T06:45:28 EDT" name="r1dot1_TS001_TC003" description="R1.1_TS001_TC003 Verify Registering an Account by providing all the fields" finished-at="2023-11-01T06:45:38 EDT" duration-ms="9804" status="PASS">
          <reporter-output>
          </reporter-output>
        </test-method> <!-- r1dot1_TS001_TC003 -->
        <test-method is-config="true" signature="closeBrowser()[pri:0, instance:openCart.functionalTests.R1dot1_TS001_RegisterFunctionality@233795b6]" started-at="2023-11-01T06:45:38 EDT" name="closeBrowser" finished-at="2023-11-01T06:45:38 EDT" duration-ms="561" status="PASS">
          <reporter-output>
          </reporter-output>
        </test-method> <!-- closeBrowser -->
        <test-method is-config="true" signature="launchBrowser()[pri:0, instance:openCart.functionalTests.R1dot1_TS001_RegisterFunctionality@233795b6]" started-at="2023-11-01T06:45:38 EDT" name="launchBrowser" finished-at="2023-11-01T06:45:43 EDT" duration-ms="4607" status="PASS">
          <reporter-output>
          </reporter-output>
        </test-method> <!-- launchBrowser -->
        <test-method signature="r1dot1_TS001_TC004()[pri:4, instance:openCart.functionalTests.R1dot1_TS001_RegisterFunctionality@233795b6]" started-at="2023-11-01T06:45:43 EDT" name="r1dot1_TS001_TC004" description="R1.1_TS001_TC004 Verify proper error messages are displayed for the mandatory fields, when you don&#039;t provide any mandatory fields in the &#039;Register Account&#039; page and submit" finished-at="2023-11-01T06:45:47 EDT" duration-ms="4001" status="PASS">
          <reporter-output>
          </reporter-output>
        </test-method> <!-- r1dot1_TS001_TC004 -->
        <test-method is-config="true" signature="closeBrowser()[pri:0, instance:openCart.functionalTests.R1dot1_TS001_RegisterFunctionality@233795b6]" started-at="2023-11-01T06:45:47 EDT" name="closeBrowser" finished-at="2023-11-01T06:45:48 EDT" duration-ms="541" status="PASS">
          <reporter-output>
          </reporter-output>
        </test-method> <!-- closeBrowser -->
        <test-method is-config="true" signature="launchBrowser()[pri:0, instance:openCart.functionalTests.R1dot1_TS001_RegisterFunctionality@233795b6]" started-at="2023-11-01T06:45:48 EDT" name="launchBrowser" finished-at="2023-11-01T06:45:54 EDT" duration-ms="6181" status="PASS">
          <reporter-output>
          </reporter-output>
        </test-method> <!-- launchBrowser -->
        <test-method signature="r1dot1_TS001_TC005()[pri:5, instance:openCart.functionalTests.R1dot1_TS001_RegisterFunctionality@233795b6]" started-at="2023-11-01T06:45:54 EDT" name="r1dot1_TS001_TC005" description="R1.1_TS001_TC005 As an user I should be able to register an Account by providing only the Mandatory fields and &#039;Yes&#039; option is selected for Newsletter field" finished-at="2023-11-01T06:45:59 EDT" duration-ms="5387" status="PASS">
          <reporter-output>
          </reporter-output>
        </test-method> <!-- r1dot1_TS001_TC005 -->
        <test-method is-config="true" signature="closeBrowser()[pri:0, instance:openCart.functionalTests.R1dot1_TS001_RegisterFunctionality@233795b6]" started-at="2023-11-01T06:45:59 EDT" name="closeBrowser" finished-at="2023-11-01T06:45:59 EDT" duration-ms="261" status="PASS">
          <reporter-output>
          </reporter-output>
        </test-method> <!-- closeBrowser -->
        <test-method is-config="true" signature="launchBrowser()[pri:0, instance:openCart.functionalTests.R1dot1_TS001_RegisterFunctionality@233795b6]" started-at="2023-11-01T06:45:59 EDT" name="launchBrowser" finished-at="2023-11-01T06:46:05 EDT" duration-ms="5467" status="PASS">
          <reporter-output>
          </reporter-output>
        </test-method> <!-- launchBrowser -->
        <test-method signature="r1dot1_TS001_TC006()[pri:6, instance:openCart.functionalTests.R1dot1_TS001_RegisterFunctionality@233795b6]" started-at="2023-11-01T06:46:05 EDT" name="r1dot1_TS001_TC006" description="R1.1_TS001_TC006 As an user when I navigate to the registration page Newsletter field &#039;No&#039; option should be pre-selected" finished-at="2023-11-01T06:46:07 EDT" duration-ms="1702" status="PASS">
          <reporter-output>
          </reporter-output>
        </test-method> <!-- r1dot1_TS001_TC006 -->
        <test-method is-config="true" signature="closeBrowser()[pri:0, instance:openCart.functionalTests.R1dot1_TS001_RegisterFunctionality@233795b6]" started-at="2023-11-01T06:46:07 EDT" name="closeBrowser" finished-at="2023-11-01T06:46:07 EDT" duration-ms="174" status="PASS">
          <reporter-output>
          </reporter-output>
        </test-method> <!-- closeBrowser -->
        <test-method is-config="true" signature="launchBrowser()[pri:0, instance:openCart.functionalTests.R1dot1_TS001_RegisterFunctionality@233795b6]" started-at="2023-11-01T06:46:07 EDT" name="launchBrowser" finished-at="2023-11-01T06:46:12 EDT" duration-ms="5613" status="PASS">
          <reporter-output>
          </reporter-output>
        </test-method> <!-- launchBrowser -->
        <test-method signature="r1dot1_TS001_TC029()[pri:7, instance:openCart.functionalTests.R1dot1_TS001_RegisterFunctionality@233795b6]" started-at="2023-11-01T06:46:12 EDT" name="r1dot1_TS001_TC029" description="R1.1_TS001_TC029 As an user when I navigate to the registration page NEWSLETTER subscribe &quot;Yes&quot; checkBox shouldn’t be pre-selected." finished-at="2023-11-01T06:46:14 EDT" duration-ms="1991" status="PASS">
          <reporter-output>
          </reporter-output>
        </test-method> <!-- r1dot1_TS001_TC029 -->
        <test-method is-config="true" signature="closeBrowser()[pri:0, instance:openCart.functionalTests.R1dot1_TS001_RegisterFunctionality@233795b6]" started-at="2023-11-01T06:46:14 EDT" name="closeBrowser" finished-at="2023-11-01T06:46:15 EDT" duration-ms="184" status="PASS">
          <reporter-output>
          </reporter-output>
        </test-method> <!-- closeBrowser -->
        <test-method is-config="true" signature="launchBrowser()[pri:0, instance:openCart.functionalTests.R1dot1_TS001_RegisterFunctionality@233795b6]" started-at="2023-11-01T06:46:15 EDT" name="launchBrowser" finished-at="2023-11-01T06:46:20 EDT" duration-ms="5333" status="PASS">
          <reporter-output>
          </reporter-output>
        </test-method> <!-- launchBrowser -->
        <test-method signature="r1dot1_TS001_TC028()[pri:28, instance:openCart.functionalTests.R1dot1_TS001_RegisterFunctionality@233795b6]" started-at="2023-11-01T06:46:20 EDT" name="r1dot1_TS001_TC028" description="R1.1_TS001_TC028 Verify the application throws proper error message when user click continue button without selecting privacy and policy check box." finished-at="2023-11-01T06:46:23 EDT" duration-ms="2891" status="PASS">
          <reporter-output>
          </reporter-output>
        </test-method> <!-- r1dot1_TS001_TC028 -->
        <test-method is-config="true" signature="closeBrowser()[pri:0, instance:openCart.functionalTests.R1dot1_TS001_RegisterFunctionality@233795b6]" started-at="2023-11-01T06:46:23 EDT" name="closeBrowser" finished-at="2023-11-01T06:46:23 EDT" duration-ms="220" status="PASS">
          <reporter-output>
          </reporter-output>
        </test-method> <!-- closeBrowser -->
      </class> <!-- openCart.functionalTests.R1dot1_TS001_RegisterFunctionality -->
      <class name="openCart.functionalTests.R1dot1_TS002_LoginFunctionality">
        <test-method is-config="true" signature="launchBrowser()[pri:0, instance:openCart.functionalTests.R1dot1_TS002_LoginFunctionality@3eb738bb]" started-at="2023-11-01T06:44:58 EDT" name="launchBrowser" finished-at="2023-11-01T06:45:11 EDT" duration-ms="12701" status="PASS">
          <reporter-output>
          </reporter-output>
        </test-method> <!-- launchBrowser -->
        <test-method signature="r1dot1_TS002_TC001()[pri:0, instance:openCart.functionalTests.R1dot1_TS002_LoginFunctionality@3eb738bb]" started-at="2023-11-01T06:45:11 EDT" name="r1dot1_TS002_TC001" description="R1.1_TS002_TC001 Verify logging into the Application using valid credentials" finished-at="2023-11-01T06:45:15 EDT" duration-ms="4151" status="PASS">
          <reporter-output>
          </reporter-output>
        </test-method> <!-- r1dot1_TS002_TC001 -->
        <test-method is-config="true" signature="closeBrowser()[pri:0, instance:openCart.functionalTests.R1dot1_TS002_LoginFunctionality@3eb738bb]" started-at="2023-11-01T06:45:15 EDT" name="closeBrowser" finished-at="2023-11-01T06:45:17 EDT" duration-ms="1969" status="PASS">
          <reporter-output>
          </reporter-output>
        </test-method> <!-- closeBrowser -->
        <test-method is-config="true" signature="launchBrowser()[pri:0, instance:openCart.functionalTests.R1dot1_TS002_LoginFunctionality@3eb738bb]" started-at="2023-11-01T06:45:17 EDT" name="launchBrowser" finished-at="2023-11-01T06:45:25 EDT" duration-ms="7997" status="PASS">
          <reporter-output>
          </reporter-output>
        </test-method> <!-- launchBrowser -->
        <test-method signature="r1dot1_TS002_TC002()[pri:1, instance:openCart.functionalTests.R1dot1_TS002_LoginFunctionality@3eb738bb]" started-at="2023-11-01T06:45:25 EDT" name="r1dot1_TS002_TC002" description="R1.1_TS002_TC002 Verify logging into the Application using invalid credentials (i.e. Invalid email address and Invalid Password)" finished-at="2023-11-01T06:45:30 EDT" duration-ms="4907" status="PASS">
          <reporter-output>
          </reporter-output>
        </test-method> <!-- r1dot1_TS002_TC002 -->
        <test-method is-config="true" signature="closeBrowser()[pri:0, instance:openCart.functionalTests.R1dot1_TS002_LoginFunctionality@3eb738bb]" started-at="2023-11-01T06:45:30 EDT" name="closeBrowser" finished-at="2023-11-01T06:45:31 EDT" duration-ms="1274" status="PASS">
          <reporter-output>
          </reporter-output>
        </test-method> <!-- closeBrowser -->
        <test-method is-config="true" signature="launchBrowser()[pri:0, instance:openCart.functionalTests.R1dot1_TS002_LoginFunctionality@3eb738bb]" started-at="2023-11-01T06:45:31 EDT" name="launchBrowser" finished-at="2023-11-01T06:45:38 EDT" duration-ms="6785" status="PASS">
          <reporter-output>
          </reporter-output>
        </test-method> <!-- launchBrowser -->
        <test-method signature="r1dot1_TS002_TC003()[pri:1, instance:openCart.functionalTests.R1dot1_TS002_LoginFunctionality@3eb738bb]" started-at="2023-11-01T06:45:38 EDT" name="r1dot1_TS002_TC003" description="R1.1_TS002_TC003 Verify logging into the Application using invalid email address and valid Password" finished-at="2023-11-01T06:45:41 EDT" duration-ms="3069" status="PASS">
          <reporter-output>
          </reporter-output>
        </test-method> <!-- r1dot1_TS002_TC003 -->
        <test-method is-config="true" signature="closeBrowser()[pri:0, instance:openCart.functionalTests.R1dot1_TS002_LoginFunctionality@3eb738bb]" started-at="2023-11-01T06:45:41 EDT" name="closeBrowser" finished-at="2023-11-01T06:45:42 EDT" duration-ms="522" status="PASS">
          <reporter-output>
          </reporter-output>
        </test-method> <!-- closeBrowser -->
      </class> <!-- openCart.functionalTests.R1dot1_TS002_LoginFunctionality -->
      <class name="openCart.functionalTests.R1dot3_TS012_CheckoutFunctionality">
        <test-method is-config="true" signature="launchBrowser()[pri:0, instance:openCart.functionalTests.R1dot3_TS012_CheckoutFunctionality@9d5509a]" started-at="2023-11-01T06:44:58 EDT" name="launchBrowser" finished-at="2023-11-01T06:45:11 EDT" duration-ms="12628" status="PASS">
          <reporter-output>
          </reporter-output>
        </test-method> <!-- launchBrowser -->
        <test-method signature="R1dot3_TS012_TC001()[pri:0, instance:openCart.functionalTests.R1dot3_TS012_CheckoutFunctionality@9d5509a]" started-at="2023-11-01T06:45:11 EDT" name="R1dot3_TS012_TC001" description="R1.3_TS012_TC001 As a user I shouldn&#039;t be able to  navigate to Checkout page when there is no product in the Shopping Cart" finished-at="2023-11-01T06:45:12 EDT" duration-ms="1069" status="PASS">
          <reporter-output>
          </reporter-output>
        </test-method> <!-- R1dot3_TS012_TC001 -->
        <test-method is-config="true" signature="closeBrowser()[pri:0, instance:openCart.functionalTests.R1dot3_TS012_CheckoutFunctionality@9d5509a]" started-at="2023-11-01T06:45:12 EDT" name="closeBrowser" finished-at="2023-11-01T06:45:16 EDT" duration-ms="4536" status="PASS">
          <reporter-output>
          </reporter-output>
        </test-method> <!-- closeBrowser -->
      </class> <!-- openCart.functionalTests.R1dot3_TS012_CheckoutFunctionality -->
    </test> <!-- Draft_Test -->
  </suite> <!-- Suite -->
</testng-results>
