<?xml version="1.0" encoding="UTF-8"?>
<testng-results ignored="0" total="1" passed="1" failed="0" skipped="0">
  <reporter-output>
  </reporter-output>
  <suite started-at="2023-10-31T18:19:12 EDT" name="Default suite" finished-at="2023-10-31T18:19:19 EDT" duration-ms="7628">
    <groups>
      <group name="negative">
        <method signature="R1dot3_TS012_CheckoutFunctionality.R1dot3_TS012_TC001()[pri:0, instance:openCart.functionalTests.R1dot3_TS012_CheckoutFunctionality@2a65fe7c]" name="R1dot3_TS012_TC001" class="openCart.functionalTests.R1dot3_TS012_CheckoutFunctionality"/>
      </group> <!-- negative -->
    </groups>
    <test started-at="2023-10-31T18:19:12 EDT" name="Default test" finished-at="2023-10-31T18:19:19 EDT" duration-ms="7628">
      <class name="openCart.functionalTests.R1dot3_TS012_CheckoutFunctionality">
        <test-method is-config="true" signature="launchBrowser()[pri:0, instance:openCart.functionalTests.R1dot3_TS012_CheckoutFunctionality@2a65fe7c]" started-at="2023-10-31T18:19:12 EDT" name="launchBrowser" finished-at="2023-10-31T18:19:18 EDT" duration-ms="6741" status="PASS">
          <reporter-output>
          </reporter-output>
        </test-method> <!-- launchBrowser -->
        <test-method signature="R1dot3_TS012_TC001()[pri:0, instance:openCart.functionalTests.R1dot3_TS012_CheckoutFunctionality@2a65fe7c]" started-at="2023-10-31T18:19:18 EDT" name="R1dot3_TS012_TC001" description="R1.3_TS012_TC001 As a user I shouldn&#039;t be able to  navigate to Checkout page when there is no product in the Shopping Cart" finished-at="2023-10-31T18:19:19 EDT" duration-ms="567" status="PASS">
          <reporter-output>
          </reporter-output>
        </test-method> <!-- R1dot3_TS012_TC001 -->
        <test-method is-config="true" signature="closeBrowser()[pri:0, instance:openCart.functionalTests.R1dot3_TS012_CheckoutFunctionality@2a65fe7c]" started-at="2023-10-31T18:19:19 EDT" name="closeBrowser" finished-at="2023-10-31T18:19:19 EDT" duration-ms="203" status="PASS">
          <reporter-output>
          </reporter-output>
        </test-method> <!-- closeBrowser -->
      </class> <!-- openCart.functionalTests.R1dot3_TS012_CheckoutFunctionality -->
    </test> <!-- Default test -->
  </suite> <!-- Default suite -->
</testng-results>
